<!DOCTYPE HTML PUBLIC "-//W3C//DTD HTML 4.01 Transitional//EN">
<HTML>
 <HEAD>
   <TITLE> [squid-dev] Build failed in Jenkins: trunk-matrix » gcc,j-fbsd-93 #85
   </TITLE>
   <LINK REL="Index" HREF="index.html" >
   <LINK REL="made" HREF="mailto:squid-dev%40lists.squid-cache.org?Subject=Re%3A%20%5Bsquid-dev%5D%20%3D%3Futf-8%3Fq%3FBuild_failed_in_Jenkins%3D3A_trunk-matrix_%3F%3D%0A%09%3D%3Futf-8%3Fq%3F%3DC2%3DBB_gcc%3D2Cj-fbsd-93_%3D2385%3F%3D&In-Reply-To=%3C984930175.114.1423264536527.JavaMail.jenkins%40buildmaster%3E">
   <META NAME="robots" CONTENT="index,nofollow">
   <style type="text/css">
       pre {
           white-space: pre-wrap;       /* css-2.1, curent FF, Opera, Safari */
           }
   </style>
   <META http-equiv="Content-Type" content="text/html; charset=utf-8">
   <LINK REL="Previous"  HREF="001591.html">
   <LINK REL="Next"  HREF="001567.html">
 </HEAD>
 <BODY BGCOLOR="#ffffff">
   <H1>[squid-dev] Build failed in Jenkins: trunk-matrix » gcc,j-fbsd-93 #85</H1>
    <B>noc at squid-cache.org</B> 
    <A HREF="mailto:squid-dev%40lists.squid-cache.org?Subject=Re%3A%20%5Bsquid-dev%5D%20%3D%3Futf-8%3Fq%3FBuild_failed_in_Jenkins%3D3A_trunk-matrix_%3F%3D%0A%09%3D%3Futf-8%3Fq%3F%3DC2%3DBB_gcc%3D2Cj-fbsd-93_%3D2385%3F%3D&In-Reply-To=%3C984930175.114.1423264536527.JavaMail.jenkins%40buildmaster%3E"
       TITLE="[squid-dev] Build failed in Jenkins: trunk-matrix » gcc,j-fbsd-93 #85">noc at squid-cache.org
       </A><BR>
    <I>Fri Feb  6 23:15:36 UTC 2015</I>
    <P><UL>
        <LI>Previous message: <A HREF="001591.html">[squid-dev] Jenkins build is back to normal : trunk-matrix » gcc,d-opensuse-13.2 #86
</A></li>
        <LI>Next message: <A HREF="001567.html">[squid-dev] Jenkins build is back to normal : trunk-matrix » gcc,j-fbsd-93 #86
</A></li>
         <LI> <B>Messages sorted by:</B> 
              <a href="date.html#1544">[ date ]</a>
              <a href="thread.html#1544">[ thread ]</a>
              <a href="subject.html#1544">[ subject ]</a>
              <a href="author.html#1544">[ author ]</a>
         </LI>
       </UL>
    <HR>  
<!--beginarticle-->
<PRE>See &lt;<A HREF="http://build.squid-cache.org/job/trunk-matrix/compiler=gcc,label=j-fbsd-93/85/">http://build.squid-cache.org/job/trunk-matrix/compiler=gcc,label=j-fbsd-93/85/</A>&gt;

------------------------------------------
[...truncated 4958 lines...]
/bin/sh ../../../test-suite/testheaders.sh &quot;ccache g++ -DHAVE_CONFIG_H    -I../../.. -I../../../include  -I../../../lib -I../../../src  -I../../include -I/usr/local/include -I/usr/include  -I/usr/include    -Wall -Wpointer-arith -Wwrite-strings -Wcomments -Wshadow -Werror -Wno-deprecated-register -pipe -D_REENTRANT -g -O2 -std=c++11 -I/usr/local/include&quot; &quot;../../../src/base&quot; || exit 1
Testing ../../../src/base ...Ok.
PASS: testCharacterSet
PASS: testHeaders
============================================================================
Testsuite summary for Squid Web Proxy 3.HEAD-BZR
============================================================================
# TOTAL: 2
# PASS:  2
# SKIP:  0
# XFAIL: 0
# FAIL:  0
# XPASS: 0
# ERROR: 0
============================================================================
Making check in anyp
make  
make  check-TESTS
/bin/sh ../../../test-suite/testheaders.sh &quot;ccache g++ -DHAVE_CONFIG_H    -I../../.. -I../../../include  -I../../../lib -I../../../src  -I../../include -I/usr/local/include -I/usr/include  -I/usr/include    -Wall -Wpointer-arith -Wwrite-strings -Wcomments -Wshadow -Werror -Wno-deprecated-register -pipe -D_REENTRANT -g -O2 -std=c++11 -I/usr/local/include&quot; &quot;../../../src/anyp&quot; || exit 1
Testing ../../../src/anyp ...Ok.
PASS: testHeaders
============================================================================
Testsuite summary for Squid Web Proxy 3.HEAD-BZR
============================================================================
# TOTAL: 1
# PASS:  1
# SKIP:  0
# XFAIL: 0
# FAIL:  0
# XPASS: 0
# ERROR: 0
============================================================================
Making check in helper
make  
make  check-TESTS
/bin/sh ../../../test-suite/testheaders.sh &quot;ccache g++ -DHAVE_CONFIG_H    -I../../.. -I../../../include  -I../../../lib -I../../../src  -I../../include -I/usr/local/include -I/usr/include  -I/usr/include    -Wall -Wpointer-arith -Wwrite-strings -Wcomments -Wshadow -Werror -Wno-deprecated-register -pipe -D_REENTRANT -g -O2 -std=c++11 -I/usr/local/include&quot; &quot;../../../src/helper&quot; || exit 1
Testing ../../../src/helper ...Ok.
PASS: testHeaders
============================================================================
Testsuite summary for Squid Web Proxy 3.HEAD-BZR
============================================================================
# TOTAL: 1
# PASS:  1
# SKIP:  0
# XFAIL: 0
# FAIL:  0
# XPASS: 0
# ERROR: 0
============================================================================
Making check in dns
make  
make  check-TESTS
/bin/sh ../../../test-suite/testheaders.sh &quot;ccache g++ -DHAVE_CONFIG_H    -I../../.. -I../../../include  -I../../../lib -I../../../src  -I../../include -I/usr/local/include -I/usr/include  -I/usr/include    -Wall -Wpointer-arith -Wwrite-strings -Wcomments -Wshadow -Werror -Wno-deprecated-register -pipe -D_REENTRANT -g -O2 -std=c++11 -I/usr/local/include&quot; &quot;../../../src/dns&quot; || exit 1
Testing ../../../src/dns ...Ok.
PASS: testHeaders
============================================================================
Testsuite summary for Squid Web Proxy 3.HEAD-BZR
============================================================================
# TOTAL: 1
# PASS:  1
# SKIP:  0
# XFAIL: 0
# FAIL:  0
# XPASS: 0
# ERROR: 0
============================================================================
Making check in ftp
make  
make  check-TESTS
/bin/sh ../../../test-suite/testheaders.sh &quot;ccache g++ -DHAVE_CONFIG_H    -I../../.. -I../../../include  -I../../../lib -I../../../src  -I../../include -I/usr/local/include -I/usr/include  -I/usr/include    -Wall -Wpointer-arith -Wwrite-strings -Wcomments -Wshadow -Werror -Wno-deprecated-register -pipe -D_REENTRANT -g -O2 -std=c++11 -I/usr/local/include&quot; &quot;../../../src/ftp&quot; || exit 1
Testing ../../../src/ftp ...Ok.
PASS: testHeaders
============================================================================
Testsuite summary for Squid Web Proxy 3.HEAD-BZR
============================================================================
# TOTAL: 1
# PASS:  1
# SKIP:  0
# XFAIL: 0
# FAIL:  0
# XPASS: 0
# ERROR: 0
============================================================================
Making check in parser
make  testTokenizer
ccache g++ -DHAVE_CONFIG_H   -I../../.. -I../../../include  -I../../../lib -I../../../src  -I../../include -I/usr/local/include -I/usr/include  -I/usr/include    -Wall -Wpointer-arith -Wwrite-strings -Wcomments -Wshadow -Werror -Wno-deprecated-register -pipe -D_REENTRANT -g -O2 -std=c++11 -I/usr/local/include -MT SBuf.o -MD -MP -MF .deps/SBuf.Tpo -c -o SBuf.o `test -f '../../../src/SBuf.cc' || echo '../../../src/parser/'`../../../src/SBuf.cc
ccache g++ -DHAVE_CONFIG_H   -I../../.. -I../../../include  -I../../../lib -I../../../src  -I../../include -I/usr/local/include -I/usr/include  -I/usr/include    -Wall -Wpointer-arith -Wwrite-strings -Wcomments -Wshadow -Werror -Wno-deprecated-register -pipe -D_REENTRANT -g -O2 -std=c++11 -I/usr/local/include -MT MemBlob.o -MD -MP -MF .deps/MemBlob.Tpo -c -o MemBlob.o `test -f '../../../src/MemBlob.cc' || echo '../../../src/parser/'`../../../src/MemBlob.cc
mv -f .deps/MemBlob.Tpo .deps/MemBlob.Po
ccache g++ -DHAVE_CONFIG_H   -I../../.. -I../../../include  -I../../../lib -I../../../src  -I../../include -I/usr/local/include -I/usr/include  -I/usr/include    -Wall -Wpointer-arith -Wwrite-strings -Wcomments -Wshadow -Werror -Wno-deprecated-register -pipe -D_REENTRANT -g -O2 -std=c++11 -I/usr/local/include -MT SBufExceptions.o -MD -MP -MF .deps/SBufExceptions.Tpo -c -o SBufExceptions.o `test -f '../../../src/SBufExceptions.cc' || echo '../../../src/parser/'`../../../src/SBufExceptions.cc
mv -f .deps/SBuf.Tpo .deps/SBuf.Po
ccache g++ -DHAVE_CONFIG_H   -I../../.. -I../../../include  -I../../../lib -I../../../src  -I../../include -I/usr/local/include -I/usr/include  -I/usr/include    -Wall -Wpointer-arith -Wwrite-strings -Wcomments -Wshadow -Werror -Wno-deprecated-register -pipe -D_REENTRANT -g -O2 -std=c++11 -I/usr/local/include -MT String.o -MD -MP -MF .deps/String.Tpo -c -o String.o `test -f '../../../src/String.cc' || echo '../../../src/parser/'`../../../src/String.cc
mv -f .deps/SBufExceptions.Tpo .deps/SBufExceptions.Po
ccache g++ -DHAVE_CONFIG_H   -I../../.. -I../../../include  -I../../../lib -I../../../src  -I../../include -I/usr/local/include -I/usr/include  -I/usr/include    -Wall -Wpointer-arith -Wwrite-strings -Wcomments -Wshadow -Werror -Wno-deprecated-register -pipe -D_REENTRANT -g -O2 -std=c++11 -I/usr/local/include -MT TextException.o -MD -MP -MF .deps/TextException.Tpo -c -o TextException.o `test -f '../../../src/base/TextException.cc' || echo '../../../src/parser/'`../../../src/base/TextException.cc
mv -f .deps/TextException.Tpo .deps/TextException.Po
ccache g++ -DHAVE_CONFIG_H    -I../../.. -I../../../include  -I../../../lib -I../../../src  -I../../include -I/usr/local/include -I/usr/include  -I/usr/include    -Wall -Wpointer-arith -Wwrite-strings -Wcomments -Wshadow -Werror -Wno-deprecated-register -pipe -D_REENTRANT -g -O2 -std=c++11 -I/usr/local/include -MT testTokenizer.o -MD -MP -MF .deps/testTokenizer.Tpo -c -o testTokenizer.o ../../../src/parser/testTokenizer.cc
mv -f .deps/String.Tpo .deps/String.Po
ccache g++ -DHAVE_CONFIG_H   -I../../.. -I../../../include  -I../../../lib -I../../../src  -I../../include -I/usr/local/include -I/usr/include  -I/usr/include    -Wall -Wpointer-arith -Wwrite-strings -Wcomments -Wshadow -Werror -Wno-deprecated-register -pipe -D_REENTRANT -g -O2 -std=c++11 -I/usr/local/include -MT stub_libmem.o -MD -MP -MF .deps/stub_libmem.Tpo -c -o stub_libmem.o `test -f '../../../src/tests/stub_libmem.cc' || echo '../../../src/parser/'`../../../src/tests/stub_libmem.cc
mv -f .deps/stub_libmem.Tpo .deps/stub_libmem.Po
ccache g++ -DHAVE_CONFIG_H   -I../../.. -I../../../include  -I../../../lib -I../../../src  -I../../include -I/usr/local/include -I/usr/include  -I/usr/include    -Wall -Wpointer-arith -Wwrite-strings -Wcomments -Wshadow -Werror -Wno-deprecated-register -pipe -D_REENTRANT -g -O2 -std=c++11 -I/usr/local/include -MT stub_debug.o -MD -MP -MF .deps/stub_debug.Tpo -c -o stub_debug.o `test -f '../../../src/tests/stub_debug.cc' || echo '../../../src/parser/'`../../../src/tests/stub_debug.cc
mv -f .deps/stub_debug.Tpo .deps/stub_debug.Po
ccache g++ -DHAVE_CONFIG_H   -I../../.. -I../../../include  -I../../../lib -I../../../src  -I../../include -I/usr/local/include -I/usr/include  -I/usr/include    -Wall -Wpointer-arith -Wwrite-strings -Wcomments -Wshadow -Werror -Wno-deprecated-register -pipe -D_REENTRANT -g -O2 -std=c++11 -I/usr/local/include -MT stub_time.o -MD -MP -MF .deps/stub_time.Tpo -c -o stub_time.o `test -f '../../../src/tests/stub_time.cc' || echo '../../../src/parser/'`../../../src/tests/stub_time.cc
mv -f .deps/stub_time.Tpo .deps/stub_time.Po
ccache g++ -DHAVE_CONFIG_H   -I../../.. -I../../../include  -I../../../lib -I../../../src  -I../../include -I/usr/local/include -I/usr/include  -I/usr/include    -Wall -Wpointer-arith -Wwrite-strings -Wcomments -Wshadow -Werror -Wno-deprecated-register -pipe -D_REENTRANT -g -O2 -std=c++11 -I/usr/local/include -MT stub_SBufDetailedStats.o -MD -MP -MF .deps/stub_SBufDetailedStats.Tpo -c -o stub_SBufDetailedStats.o `test -f '../../../src/tests/stub_SBufDetailedStats.cc' || echo '../../../src/parser/'`../../../src/tests/stub_SBufDetailedStats.cc
mv -f .deps/stub_SBufDetailedStats.Tpo .deps/stub_SBufDetailedStats.Po
mv -f .deps/testTokenizer.Tpo .deps/testTokenizer.Po
/bin/sh ../../libtool  --tag=CXX    --mode=link ccache g++  -Wall -Wpointer-arith -Wwrite-strings -Wcomments -Wshadow -Werror -Wno-deprecated-register -pipe -D_REENTRANT -g -O2 -std=c++11 -I/usr/local/include  -g -L/usr/local/lib -Wl,-R/usr/local/lib -pthread  -o testTokenizer SBuf.o MemBlob.o  SBufExceptions.o String.o  TextException.o testTokenizer.o  stub_libmem.o  stub_debug.o stub_time.o  stub_SBufDetailedStats.o libsquid-parser.la  ../../lib/libmiscutil.la  ../../src/base/libbase.la  -L/usr/local/lib -lcppunit    ../../compat/libcompat-squid.la  
libtool: link: ccache g++ -Wall -Wpointer-arith -Wwrite-strings -Wcomments -Wshadow -Werror -Wno-deprecated-register -pipe -D_REENTRANT -g -O2 -std=c++11 -I/usr/local/include -g -Wl,-R/usr/local/lib -pthread -o testTokenizer SBuf.o MemBlob.o SBufExceptions.o String.o TextException.o testTokenizer.o stub_libmem.o stub_debug.o stub_time.o stub_SBufDetailedStats.o  -L/usr/local/lib ./.libs/libsquid-parser.a ../../lib/.libs/libmiscutil.a ../../src/base/.libs/libbase.a -lcppunit ../../compat/.libs/libcompat-squid.a -pthread
make  check-TESTS
/bin/sh ../../../test-suite/testheaders.sh &quot;ccache g++ -DHAVE_CONFIG_H    -I../../.. -I../../../include  -I../../../lib -I../../../src  -I../../include -I/usr/local/include -I/usr/include  -I/usr/include    -Wall -Wpointer-arith -Wwrite-strings -Wcomments -Wshadow -Werror -Wno-deprecated-register -pipe -D_REENTRANT -g -O2 -std=c++11 -I/usr/local/include&quot; &quot;../../../src/parser&quot; || exit 1
Testing ../../../src/parser ...Ok.
PASS: testHeaders
Abort trap (core dumped)
FAIL: testTokenizer
============================================================================
Testsuite summary for Squid Web Proxy 3.HEAD-BZR
============================================================================
# TOTAL: 2
# PASS:  1
# SKIP:  0
# XFAIL: 0
# FAIL:  1
# XPASS: 0
# ERROR: 0
============================================================================
See src/parser/test-suite.log
Please report to <A HREF="http://bugs.squid-cache.org/">http://bugs.squid-cache.org/</A>
============================================================================
*** [test-suite.log] Error code 1
1 error
*** [check-TESTS] Error code 2
1 error
*** [check-am] Error code 2
1 error
*** [check-recursive] Error code 1
1 error
*** [check] Error code 2
1 error
*** [check-recursive] Error code 1
1 error
*** [distcheck] Error code 1
1 error
buildtest.sh result is 2
BUILD: .././test-suite/buildtests/layer-00-default.opts
configure: BUILD LIBRARIES: 
configure: BUILD EXTRA LIBRARIES: -lm
configure: BUILD OBJECTS: 
configure: BUILD EXTRA OBJECTS: 
configure: BUILD C FLAGS: 
configure: BUILD EXTRA C FLAGS: -Wall -Wpointer-arith -Wwrite-strings -Wmissing-prototypes -Wmissing-declarations -Wcomments -Wshadow -Werror -pipe -D_REENTRANT
configure: BUILD C++ FLAGS: -g -O2 -std=c++11 -I/usr/local/include
configure: BUILD EXTRA C++ FLAGS: -Wall -Wpointer-arith -Wwrite-strings -Wcomments -Wshadow -Werror -Wno-deprecated-register -pipe -D_REENTRANT
configure: BUILD Tools C++ FLAGS:  -g -O2 -std=c++11 -I/usr/local/include
configure: BUILD LIBRARIES: 
configure: BUILD EXTRA LIBRARIES: -lm
configure: BUILD OBJECTS: 
configure: BUILD EXTRA OBJECTS: 
configure: BUILD C FLAGS: 
configure: BUILD EXTRA C FLAGS: -Wall -Wpointer-arith -Wwrite-strings -Wmissing-prototypes -Wmissing-declarations -Wcomments -Wshadow -Werror -pipe -D_REENTRANT
configure: BUILD C++ FLAGS: -g -O2 -std=c++11 -I/usr/local/include
configure: BUILD EXTRA C++ FLAGS: -Wall -Wpointer-arith -Wwrite-strings -Wcomments -Wshadow -Werror -Wno-deprecated-register -pipe -D_REENTRANT
configure: BUILD Tools C++ FLAGS:  -g -O2 -std=c++11 -I/usr/local/include
cat: ../../src/DiskIO/../../scripts/boilerplate.h: No such file or directory
# XFAIL: 0
# FAIL:  0
# XFAIL: 0
# FAIL:  0
# XFAIL: 0
# FAIL:  0
# XFAIL: 0
# FAIL:  0
# XFAIL: 0
# FAIL:  0
# XFAIL: 0
# FAIL:  0
# XFAIL: 0
# FAIL:  0
# XFAIL: 0
# FAIL:  0
# XFAIL: 0
# FAIL:  0
# XFAIL: 0
# FAIL:  0
# XFAIL: 0
# FAIL:  0
# XFAIL: 0
# FAIL:  0
# XFAIL: 0
# FAIL:  0
# XFAIL: 0
# FAIL:  0
# XFAIL: 0
# FAIL:  0
# XFAIL: 0
# FAIL:  0
# XFAIL: 0
# FAIL:  0
# XFAIL: 0
# FAIL:  0
# XFAIL: 0
# FAIL:  0
# XFAIL: 0
# FAIL:  0
# XFAIL: 0
# FAIL:  0
# XFAIL: 0
# FAIL:  0
# XFAIL: 0
# FAIL:  0
# XFAIL: 0
# FAIL:  0
# XFAIL: 0
# FAIL:  0
# XFAIL: 0
# FAIL:  0
# XFAIL: 0
# FAIL:  0
# XFAIL: 0
# FAIL:  0
# XFAIL: 0
# FAIL:  0
# XFAIL: 0
# FAIL:  0
# XFAIL: 0
# FAIL:  0
# XFAIL: 0
# FAIL:  0
# XFAIL: 0
# FAIL:  0
# XFAIL: 0
# FAIL:  0
# XFAIL: 0
# FAIL:  0
# XFAIL: 0
# FAIL:  0
# XFAIL: 0
# FAIL:  0
FAIL: testTokenizer
# XFAIL: 0
# FAIL:  1
*** [test-suite.log] Error code 1
*** [check-TESTS] Error code 2
*** [check-am] Error code 2
*** [check-recursive] Error code 1
*** [check] Error code 2
*** [check-recursive] Error code 1
*** [distcheck] Error code 1
Build FAILED.
Build step 'Execute shell' marked build as failure
[description-setter] Description set: 
</PRE>












































































<!--endarticle-->
    <HR>
    <P><UL>
        <!--threads-->
	<LI>Previous message: <A HREF="001591.html">[squid-dev] Jenkins build is back to normal : trunk-matrix » gcc,d-opensuse-13.2 #86
</A></li>
	<LI>Next message: <A HREF="001567.html">[squid-dev] Jenkins build is back to normal : trunk-matrix » gcc,j-fbsd-93 #86
</A></li>
         <LI> <B>Messages sorted by:</B> 
              <a href="date.html#1544">[ date ]</a>
              <a href="thread.html#1544">[ thread ]</a>
              <a href="subject.html#1544">[ subject ]</a>
              <a href="author.html#1544">[ author ]</a>
         </LI>
       </UL>

<hr>
<a href="http://lists.squid-cache.org/listinfo/squid-dev">More information about the squid-dev
mailing list</a><br>
</body></html>
