<!DOCTYPE HTML PUBLIC "-//W3C//DTD HTML 4.01 Transitional//EN">
<HTML>
 <HEAD>
   <TITLE> [squid-dev] Build failed in Jenkins: trunk-matrix » icc,d-centos-6 #161
   </TITLE>
   <LINK REL="Index" HREF="index.html" >
   <LINK REL="made" HREF="mailto:squid-dev%40lists.squid-cache.org?Subject=Re%3A%20%5Bsquid-dev%5D%20%3D%3Futf-8%3Fq%3FBuild_failed_in_Jenkins%3D3A_trunk-matrix_%3F%3D%0A%20%3D%3Futf-8%3Fq%3F%3DC2%3DBB_icc%3D2Cd-centos-6_%3D23161%3F%3D&In-Reply-To=%3C1710088584.56.1428659030754.JavaMail.jenkins%40buildmaster%3E">
   <META NAME="robots" CONTENT="index,nofollow">
   <style type="text/css">
       pre {
           white-space: pre-wrap;       /* css-2.1, curent FF, Opera, Safari */
           }
   </style>
   <META http-equiv="Content-Type" content="text/html; charset=utf-8">
   <LINK REL="Previous"  HREF="002081.html">
   <LINK REL="Next"  HREF="002076.html">
 </HEAD>
 <BODY BGCOLOR="#ffffff">
   <H1>[squid-dev] Build failed in Jenkins: trunk-matrix » icc,d-centos-6 #161</H1>
    <B>noc at squid-cache.org</B> 
    <A HREF="mailto:squid-dev%40lists.squid-cache.org?Subject=Re%3A%20%5Bsquid-dev%5D%20%3D%3Futf-8%3Fq%3FBuild_failed_in_Jenkins%3D3A_trunk-matrix_%3F%3D%0A%20%3D%3Futf-8%3Fq%3F%3DC2%3DBB_icc%3D2Cd-centos-6_%3D23161%3F%3D&In-Reply-To=%3C1710088584.56.1428659030754.JavaMail.jenkins%40buildmaster%3E"
       TITLE="[squid-dev] Build failed in Jenkins: trunk-matrix » icc,d-centos-6 #161">noc at squid-cache.org
       </A><BR>
    <I>Fri Apr 10 09:43:50 UTC 2015</I>
    <P><UL>
        <LI>Previous message: <A HREF="002081.html">[squid-dev] Jenkins build is back to normal : trunk-matrix » gcc,d-opensuse-13.2 #162
</A></li>
        <LI>Next message: <A HREF="002076.html">[squid-dev] Jenkins build is back to normal : trunk-matrix » icc,d-centos-6 #162
</A></li>
         <LI> <B>Messages sorted by:</B> 
              <a href="date.html#2059">[ date ]</a>
              <a href="thread.html#2059">[ thread ]</a>
              <a href="subject.html#2059">[ subject ]</a>
              <a href="author.html#2059">[ author ]</a>
         </LI>
       </UL>
    <HR>  
<!--beginarticle-->
<PRE>See &lt;<A HREF="http://build.squid-cache.org/job/trunk-matrix/compiler=icc,label=d-centos-6/161/">http://build.squid-cache.org/job/trunk-matrix/compiler=icc,label=d-centos-6/161/</A>&gt;

------------------------------------------
[...truncated 4911 lines...]
  ^

../../../src/ssl/gadgets.h(112): error: expected a &quot;;&quot;
  CtoCpp1(SSL_CTX_free, SSL_CTX *)
  ^

../../../src/ssl/gadgets.h(115): error: inline specifier allowed on function declarations only
  CtoCpp1(SSL_free, SSL *)
  ^

../../../src/ssl/gadgets.h(115): error: incomplete type is not allowed
  CtoCpp1(SSL_free, SSL *)
  ^

../../../src/ssl/gadgets.h(115): error: identifier &quot;SSL&quot; is undefined
  CtoCpp1(SSL_free, SSL *)
  ^

../../../src/ssl/gadgets.h(115): error: expected a &quot;;&quot;
  CtoCpp1(SSL_free, SSL *)
  ^

../../../src/ssl/gadgets.h(118): error: inline specifier allowed on function declarations only
  CtoCpp1(DH_free, DH *);
  ^

../../../src/ssl/gadgets.h(118): error: incomplete type is not allowed
  CtoCpp1(DH_free, DH *);
  ^

../../../src/ssl/gadgets.h(118): error: identifier &quot;DH&quot; is undefined
  CtoCpp1(DH_free, DH *);
  ^

../../../src/ssl/gadgets.h(118): error: expected a &quot;;&quot;
  CtoCpp1(DH_free, DH *);
  ^

../../../src/ssl/gadgets.h(119): error: &quot;DH&quot; is not a type name
  typedef TidyPointer&lt;DH, DH_free_cpp&gt; DH_Pointer;
                      ^

../../../src/ssl/gadgets.h(119): error: expression must have a constant value
  typedef TidyPointer&lt;DH, DH_free_cpp&gt; DH_Pointer;
                          ^

../../../src/ssl/gadgets.h(121): error: inline specifier allowed on function declarations only
  sk_free_wrapper(sk_X509_CRL, STACK_OF(X509_CRL) *, X509_CRL_free)
  ^

../../../src/ssl/gadgets.h(121): error: incomplete type is not allowed
  sk_free_wrapper(sk_X509_CRL, STACK_OF(X509_CRL) *, X509_CRL_free)
  ^

../../../src/ssl/gadgets.h(121): error: identifier &quot;X509_CRL&quot; is undefined
  sk_free_wrapper(sk_X509_CRL, STACK_OF(X509_CRL) *, X509_CRL_free)
  ^

../../../src/ssl/gadgets.h(121): error: expected a &quot;;&quot;
  sk_free_wrapper(sk_X509_CRL, STACK_OF(X509_CRL) *, X509_CRL_free)
  ^

../../../src/ssl/gadgets.h(124): error: inline specifier allowed on function declarations only
  sk_free_wrapper(sk_X509_NAME, STACK_OF(X509_NAME) *, X509_NAME_free)
  ^

../../../src/ssl/gadgets.h(124): error: incomplete type is not allowed
  sk_free_wrapper(sk_X509_NAME, STACK_OF(X509_NAME) *, X509_NAME_free)
  ^

../../../src/ssl/gadgets.h(124): error: expected a &quot;;&quot;
  sk_free_wrapper(sk_X509_NAME, STACK_OF(X509_NAME) *, X509_NAME_free)
  ^

../../../src/ssl/gadgets.h(131): error: &quot;EVP_PKEY&quot; is not a type name
  EVP_PKEY * createSslPrivateKey();
  ^

../../../src/ssl/gadgets.h(137): error: identifier &quot;X509_Pointer&quot; is undefined
  bool writeCertAndPrivateKeyToMemory(X509_Pointer const &amp; cert, EVP_PKEY_Pointer const &amp; pkey, std::string &amp; bufferToWrite);
                                      ^

../../../src/ssl/gadgets.h(137): error: expected a &quot;)&quot;
  bool writeCertAndPrivateKeyToMemory(X509_Pointer const &amp; cert, EVP_PKEY_Pointer const &amp; pkey, std::string &amp; bufferToWrite);
                                                   ^

../../../src/ssl/gadgets.h(143): error: expected a &quot;)&quot;
  bool appendCertToMemory(X509_Pointer const &amp; cert, std::string &amp; bufferToWrite);
                                       ^

../../../src/ssl/gadgets.h(149): error: expected a &quot;)&quot;
  bool writeCertAndPrivateKeyToFile(X509_Pointer const &amp; cert, EVP_PKEY_Pointer const &amp; pkey, char const * filename);
                                                 ^

../../../src/ssl/gadgets.h(155): error: identifier &quot;cert&quot; is undefined
  bool readCertAndPrivateKeyFromMemory(X509_Pointer &amp; cert, EVP_PKEY_Pointer &amp; pkey, char const * bufferToRead);
                                                      ^

../../../src/ssl/gadgets.h(155): error: expected a &quot;)&quot;
  bool readCertAndPrivateKeyFromMemory(X509_Pointer &amp; cert, EVP_PKEY_Pointer &amp; pkey, char const * bufferToRead);
                                                          ^

../../../src/ssl/gadgets.h(161): error: expected a &quot;)&quot;
  bool readCertFromMemory(X509_Pointer &amp; cert, char const * bufferToRead);
                                             ^

compilation aborted for ../../../src/acl/ServerName.cc (code 4)
make[4]: *** [ServerName.lo] Error 1
make[4]: *** Waiting for unfinished jobs....
mv -f .deps/ReplyMimeType.Tpo .deps/ReplyMimeType.Plo
mv -f .deps/RequestMimeType.Tpo .deps/RequestMimeType.Plo
libtool: compile:  icpc -DHAVE_CONFIG_H -I../../.. -I../../../include -I../../../lib -I../../../src -I../../include -Werror -Wno-deprecated-register -D_REENTRANT -g -O2 -std=c++11 -MT SourceDomain.lo -MD -MP -MF .deps/SourceDomain.Tpo -c ../../../src/acl/SourceDomain.cc -o SourceDomain.o &gt;/dev/null 2&gt;&amp;1
mv -f .deps/SourceDomain.Tpo .deps/SourceDomain.Plo
make[4]: Leaving directory `&lt;<A HREF="http://build.squid-cache.org/job/trunk-matrix/compiler=icc,label=d-centos-6/ws/btlayer-00-default/squid-4.0.0-BZR/_build/src/acl">http://build.squid-cache.org/job/trunk-matrix/compiler=icc,label=d-centos-6/ws/btlayer-00-default/squid-4.0.0-BZR/_build/src/acl</A>'&gt;
make[3]: *** [all-recursive] Error 1
make[3]: Leaving directory `&lt;<A HREF="http://build.squid-cache.org/job/trunk-matrix/compiler=icc,label=d-centos-6/ws/btlayer-00-default/squid-4.0.0-BZR/_build/src">http://build.squid-cache.org/job/trunk-matrix/compiler=icc,label=d-centos-6/ws/btlayer-00-default/squid-4.0.0-BZR/_build/src</A>'&gt;
make[2]: *** [all] Error 2
make[2]: Leaving directory `&lt;<A HREF="http://build.squid-cache.org/job/trunk-matrix/compiler=icc,label=d-centos-6/ws/btlayer-00-default/squid-4.0.0-BZR/_build/src">http://build.squid-cache.org/job/trunk-matrix/compiler=icc,label=d-centos-6/ws/btlayer-00-default/squid-4.0.0-BZR/_build/src</A>'&gt;
make[1]: *** [all-recursive] Error 1
make[1]: Leaving directory `&lt;<A HREF="http://build.squid-cache.org/job/trunk-matrix/compiler=icc,label=d-centos-6/ws/btlayer-00-default/squid-4.0.0-BZR/_build">http://build.squid-cache.org/job/trunk-matrix/compiler=icc,label=d-centos-6/ws/btlayer-00-default/squid-4.0.0-BZR/_build</A>'&gt;
make: *** [distcheck] Error 1
buildtest.sh result is 2
BUILD: .././test-suite/buildtests/layer-00-default.opts
configure: BUILD LIBRARIES: 
configure: BUILD EXTRA LIBRARIES: -lnsl -lresolv -lcap -lrt
configure: BUILD OBJECTS: 
configure: BUILD EXTRA OBJECTS: 
configure: BUILD C FLAGS: 
configure: BUILD EXTRA C FLAGS:  -Werror  -D_REENTRANT
configure: BUILD C++ FLAGS: -g -O2 -std=c++11
configure: BUILD EXTRA C++ FLAGS:  -Werror -Wno-deprecated-register  -D_REENTRANT
configure: BUILD Tools C++ FLAGS:  -g -O2 -std=c++11
configure: BUILD LIBRARIES: 
configure: BUILD EXTRA LIBRARIES: -lnsl -lresolv -lcap -lrt
configure: BUILD OBJECTS: 
configure: BUILD EXTRA OBJECTS: 
configure: BUILD C FLAGS: 
configure: BUILD EXTRA C FLAGS:  -Werror  -D_REENTRANT
configure: BUILD C++ FLAGS: -g -O2 -std=c++11
configure: BUILD EXTRA C++ FLAGS:  -Werror -Wno-deprecated-register  -D_REENTRANT
configure: BUILD Tools C++ FLAGS:  -g -O2 -std=c++11
../../../src/ssl/bio.h(39): error: identifier &quot;SSL&quot; is undefined
../../../src/ssl/bio.h(48): error: identifier &quot;SSL&quot; is undefined
../../../src/ssl/bio.h(60): error: identifier &quot;SSL3_RANDOM_SIZE&quot; is undefined
../../../src/ssl/bio.h(68): error: identifier &quot;BIO&quot; is undefined
../../../src/ssl/bio.h(71): error: identifier &quot;BIO&quot; is undefined
../../../src/ssl/bio.h(75): error: identifier &quot;BIO&quot; is undefined
../../../src/ssl/bio.h(81): error: identifier &quot;SSL&quot; is undefined
../../../src/ssl/bio.h(85): error: identifier &quot;BIO&quot; is undefined
../../../src/ssl/bio.h(87): error: identifier &quot;SSL&quot; is undefined
../../../src/ssl/bio.h(87): error: identifier &quot;BIO&quot; is undefined
../../../src/ssl/bio.h(108): error: identifier &quot;SSL&quot; is undefined
../../../src/ssl/bio.h(110): error: identifier &quot;BIO&quot; is undefined
../../../src/ssl/bio.h(114): error: identifier &quot;BIO&quot; is undefined
../../../src/ssl/bio.h(155): error: identifier &quot;SSL&quot; is undefined
../../../src/ssl/bio.h(160): error: identifier &quot;BIO&quot; is undefined
../../../src/ssl/bio.h(163): error: identifier &quot;BIO&quot; is undefined
../../../src/ssl/bio.h(166): error: identifier &quot;BIO&quot; is undefined
../../../src/ssl/bio.h(181): error: namespace &quot;Ssl&quot; has no member &quot;BumpMode&quot;
../../../src/ssl/bio.h(182): error: namespace &quot;Ssl&quot; has no member &quot;BumpMode&quot;
../../../src/ssl/bio.h(194): error: namespace &quot;Ssl&quot; has no member &quot;BumpMode&quot;
../../../src/ssl/bio.h(153): error: identifier &quot;bumpNone&quot; is undefined
../../../src/ssl/ServerBump.h(32): error: namespace &quot;Ssl&quot; has no member &quot;BumpMode&quot;
../../../src/ssl/ServerBump.h(38): error: namespace &quot;Ssl&quot; has no member &quot;X509_Pointer&quot;
../../../src/ssl/ServerBump.h(39): error: namespace &quot;Ssl&quot; has no member &quot;CertErrors&quot;
../../../src/ssl/ServerBump.h(41): error: namespace &quot;Ssl&quot; has no member &quot;BumpMode&quot;
../../../src/ssl/ServerBump.h(42): error: namespace &quot;Ssl&quot; has no member &quot;BumpMode&quot;
../../../src/ssl/ServerBump.h(43): error: namespace &quot;Ssl&quot; has no member &quot;BumpMode&quot;
../../../src/ssl/ServerBump.h(45): error: namespace &quot;Ssl&quot; has no member &quot;BumpStep&quot;
../../../src/ssl/ServerBump.h(32): error: namespace &quot;Ssl&quot; has no member &quot;bumpServerFirst&quot;
../../../src/ssl/gadgets.h(34): error: identifier &quot;SSL_METHOD&quot; is undefined
../../../src/ssl/gadgets.h(82): error: inline specifier allowed on function declarations only
../../../src/ssl/gadgets.h(82): error: incomplete type is not allowed
../../../src/ssl/gadgets.h(82): error: identifier &quot;X509&quot; is undefined
../../../src/ssl/gadgets.h(82): error: identifier &quot;a&quot; is undefined
../../../src/ssl/gadgets.h(82): error: expected a &quot;;&quot;
../../../src/ssl/gadgets.h(85): error: inline specifier allowed on function declarations only
../../../src/ssl/gadgets.h(85): error: incomplete type is not allowed
../../../src/ssl/gadgets.h(85): error: identifier &quot;STACK_OF&quot; is undefined
../../../src/ssl/gadgets.h(85): error: expected a &quot;;&quot;
../../../src/ssl/gadgets.h(88): error: inline specifier allowed on function declarations only
../../../src/ssl/gadgets.h(88): error: incomplete type is not allowed
../../../src/ssl/gadgets.h(88): error: identifier &quot;EVP_PKEY&quot; is undefined
../../../src/ssl/gadgets.h(88): error: expected a &quot;;&quot;
../../../src/ssl/gadgets.h(91): error: inline specifier allowed on function declarations only
../../../src/ssl/gadgets.h(91): error: incomplete type is not allowed
../../../src/ssl/gadgets.h(91): error: identifier &quot;BIGNUM&quot; is undefined
../../../src/ssl/gadgets.h(91): error: expected a &quot;;&quot;
../../../src/ssl/gadgets.h(94): error: inline specifier allowed on function declarations only
../../../src/ssl/gadgets.h(94): error: incomplete type is not allowed
../../../src/ssl/gadgets.h(94): error: identifier &quot;BIO&quot; is undefined
../../../src/ssl/gadgets.h(94): error: expected a &quot;;&quot;
../../../src/ssl/gadgets.h(97): error: inline specifier allowed on function declarations only
../../../src/ssl/gadgets.h(97): error: incomplete type is not allowed
../../../src/ssl/gadgets.h(97): error: identifier &quot;ASN1_INTEGER&quot; is undefined
../../../src/ssl/gadgets.h(97): error: expected a &quot;;&quot;
../../../src/ssl/gadgets.h(100): error: inline specifier allowed on function declarations only
../../../src/ssl/gadgets.h(100): error: incomplete type is not allowed
../../../src/ssl/gadgets.h(100): error: identifier &quot;TXT_DB&quot; is undefined
../../../src/ssl/gadgets.h(100): error: expected a &quot;;&quot;
../../../src/ssl/gadgets.h(103): error: inline specifier allowed on function declarations only
../../../src/ssl/gadgets.h(103): error: incomplete type is not allowed
../../../src/ssl/gadgets.h(103): error: identifier &quot;X509_NAME&quot; is undefined
../../../src/ssl/gadgets.h(103): error: expected a &quot;;&quot;
../../../src/ssl/gadgets.h(106): error: inline specifier allowed on function declarations only
../../../src/ssl/gadgets.h(106): error: incomplete type is not allowed
../../../src/ssl/gadgets.h(106): error: identifier &quot;RSA&quot; is undefined
../../../src/ssl/gadgets.h(106): error: expected a &quot;;&quot;
../../../src/ssl/gadgets.h(109): error: inline specifier allowed on function declarations only
../../../src/ssl/gadgets.h(109): error: incomplete type is not allowed
../../../src/ssl/gadgets.h(109): error: identifier &quot;X509_REQ&quot; is undefined
../../../src/ssl/gadgets.h(109): error: expected a &quot;;&quot;
../../../src/ssl/gadgets.h(112): error: inline specifier allowed on function declarations only
../../../src/ssl/gadgets.h(112): error: incomplete type is not allowed
../../../src/ssl/gadgets.h(112): error: identifier &quot;SSL_CTX&quot; is undefined
../../../src/ssl/gadgets.h(112): error: expected a &quot;;&quot;
../../../src/ssl/gadgets.h(115): error: inline specifier allowed on function declarations only
../../../src/ssl/gadgets.h(115): error: incomplete type is not allowed
../../../src/ssl/gadgets.h(115): error: identifier &quot;SSL&quot; is undefined
../../../src/ssl/gadgets.h(115): error: expected a &quot;;&quot;
../../../src/ssl/gadgets.h(118): error: inline specifier allowed on function declarations only
../../../src/ssl/gadgets.h(118): error: incomplete type is not allowed
../../../src/ssl/gadgets.h(118): error: identifier &quot;DH&quot; is undefined
../../../src/ssl/gadgets.h(118): error: expected a &quot;;&quot;
../../../src/ssl/gadgets.h(119): error: &quot;DH&quot; is not a type name
../../../src/ssl/gadgets.h(119): error: expression must have a constant value
../../../src/ssl/gadgets.h(121): error: inline specifier allowed on function declarations only
../../../src/ssl/gadgets.h(121): error: incomplete type is not allowed
../../../src/ssl/gadgets.h(121): error: identifier &quot;X509_CRL&quot; is undefined
../../../src/ssl/gadgets.h(121): error: expected a &quot;;&quot;
../../../src/ssl/gadgets.h(124): error: inline specifier allowed on function declarations only
../../../src/ssl/gadgets.h(124): error: incomplete type is not allowed
../../../src/ssl/gadgets.h(124): error: expected a &quot;;&quot;
../../../src/ssl/gadgets.h(131): error: &quot;EVP_PKEY&quot; is not a type name
../../../src/ssl/gadgets.h(137): error: identifier &quot;X509_Pointer&quot; is undefined
../../../src/ssl/gadgets.h(137): error: expected a &quot;)&quot;
../../../src/ssl/gadgets.h(143): error: expected a &quot;)&quot;
../../../src/ssl/gadgets.h(149): error: expected a &quot;)&quot;
../../../src/ssl/gadgets.h(155): error: identifier &quot;cert&quot; is undefined
../../../src/ssl/gadgets.h(155): error: expected a &quot;)&quot;
../../../src/ssl/gadgets.h(161): error: expected a &quot;)&quot;
make[4]: *** [ServerName.lo] Error 1
make[3]: *** [all-recursive] Error 1
make[2]: *** [all] Error 2
make[1]: *** [all-recursive] Error 1
make: *** [distcheck] Error 1
Build FAILED.
Build step 'Execute shell' marked build as failure
[description-setter] Description set: 
</PRE>





























































<!--endarticle-->
    <HR>
    <P><UL>
        <!--threads-->
	<LI>Previous message: <A HREF="002081.html">[squid-dev] Jenkins build is back to normal : trunk-matrix » gcc,d-opensuse-13.2 #162
</A></li>
	<LI>Next message: <A HREF="002076.html">[squid-dev] Jenkins build is back to normal : trunk-matrix » icc,d-centos-6 #162
</A></li>
         <LI> <B>Messages sorted by:</B> 
              <a href="date.html#2059">[ date ]</a>
              <a href="thread.html#2059">[ thread ]</a>
              <a href="subject.html#2059">[ subject ]</a>
              <a href="author.html#2059">[ author ]</a>
         </LI>
       </UL>

<hr>
<a href="http://lists.squid-cache.org/listinfo/squid-dev">More information about the squid-dev
mailing list</a><br>
</body></html>
