<!DOCTYPE HTML PUBLIC "-//W3C//DTD HTML 4.01 Transitional//EN">
<HTML>
 <HEAD>
   <TITLE> [squid-dev] Build failed in Jenkins: trunk-matrix » gcc,d-centos-6 #161
   </TITLE>
   <LINK REL="Index" HREF="index.html" >
   <LINK REL="made" HREF="mailto:squid-dev%40lists.squid-cache.org?Subject=Re%3A%20%5Bsquid-dev%5D%20%3D%3Futf-8%3Fq%3FBuild_failed_in_Jenkins%3D3A_trunk-matrix_%3F%3D%0A%20%3D%3Futf-8%3Fq%3F%3DC2%3DBB_gcc%3D2Cd-centos-6_%3D23161%3F%3D&In-Reply-To=%3C1127671583.51.1428658783494.JavaMail.jenkins%40buildmaster%3E">
   <META NAME="robots" CONTENT="index,nofollow">
   <style type="text/css">
       pre {
           white-space: pre-wrap;       /* css-2.1, curent FF, Opera, Safari */
           }
   </style>
   <META http-equiv="Content-Type" content="text/html; charset=utf-8">
   <LINK REL="Previous"  HREF="002079.html">
   <LINK REL="Next"  HREF="002072.html">
 </HEAD>
 <BODY BGCOLOR="#ffffff">
   <H1>[squid-dev] Build failed in Jenkins: trunk-matrix » gcc,d-centos-6 #161</H1>
    <B>noc at squid-cache.org</B> 
    <A HREF="mailto:squid-dev%40lists.squid-cache.org?Subject=Re%3A%20%5Bsquid-dev%5D%20%3D%3Futf-8%3Fq%3FBuild_failed_in_Jenkins%3D3A_trunk-matrix_%3F%3D%0A%20%3D%3Futf-8%3Fq%3F%3DC2%3DBB_gcc%3D2Cd-centos-6_%3D23161%3F%3D&In-Reply-To=%3C1127671583.51.1428658783494.JavaMail.jenkins%40buildmaster%3E"
       TITLE="[squid-dev] Build failed in Jenkins: trunk-matrix » gcc,d-centos-6 #161">noc at squid-cache.org
       </A><BR>
    <I>Fri Apr 10 09:39:43 UTC 2015</I>
    <P><UL>
        <LI>Previous message: <A HREF="002079.html">[squid-dev] Jenkins build is back to normal : trunk-matrix » gcc,d-ubuntu-utopic #162
</A></li>
        <LI>Next message: <A HREF="002072.html">[squid-dev] Jenkins build is back to normal : trunk-matrix » gcc,d-centos-6 #162
</A></li>
         <LI> <B>Messages sorted by:</B> 
              <a href="date.html#2054">[ date ]</a>
              <a href="thread.html#2054">[ thread ]</a>
              <a href="subject.html#2054">[ subject ]</a>
              <a href="author.html#2054">[ author ]</a>
         </LI>
       </UL>
    <HR>  
<!--beginarticle-->
<PRE>See &lt;<A HREF="http://build.squid-cache.org/job/trunk-matrix/compiler=gcc,label=d-centos-6/161/">http://build.squid-cache.org/job/trunk-matrix/compiler=gcc,label=d-centos-6/161/</A>&gt;

------------------------------------------
[...truncated 4840 lines...]
../../../src/ssl/ServerBump.h:42: error: ‘BumpMode’ in namespace ‘Ssl’ does not name a type
../../../src/ssl/ServerBump.h:43: error: ‘BumpMode’ in namespace ‘Ssl’ does not name a type
../../../src/ssl/ServerBump.h:45: error: ‘BumpStep’ in namespace ‘Ssl’ does not name a type
../../../src/ssl/ServerBump.h:32: error: ‘bumpServerFirst’ is not a member of ‘Ssl’
../../../src/ssl/gadgets.h:34: error: expected initializer before ‘*’ token
../../../src/ssl/gadgets.h:82: error: variable or field ‘X509_free_cpp’ declared void
../../../src/ssl/gadgets.h:82: error: ‘X509’ was not declared in this scope
../../../src/ssl/gadgets.h:82: error: ‘a’ was not declared in this scope
../../../src/ssl/gadgets.h:83: error: ‘X509’ was not declared in this scope
../../../src/ssl/gadgets.h:83: error: ‘X509_free_cpp’ was not declared in this scope
../../../src/ssl/gadgets.h:83: error: ‘CRYPTO_LOCK_X509’ was not declared in this scope
../../../src/ssl/gadgets.h:83: error: template argument 1 is invalid
../../../src/ssl/gadgets.h:83: error: template argument 2 is invalid
../../../src/ssl/gadgets.h:83: error: template argument 3 is invalid
../../../src/ssl/gadgets.h:83: error: invalid type in declaration before ‘;’ token
../../../src/ssl/gadgets.h:85: error: variable or field ‘sk_X509_free_wrapper’ declared void
../../../src/ssl/gadgets.h:85: error: ‘X509’ was not declared in this scope
../../../src/ssl/gadgets.h:85: error: ‘STACK_OF’ was not declared in this scope
../../../src/ssl/gadgets.h:85: error: ‘a’ was not declared in this scope
../../../src/ssl/gadgets.h:86: error: ‘X509’ was not declared in this scope
../../../src/ssl/gadgets.h:86: error: a function call cannot appear in a constant-expression
../../../src/ssl/gadgets.h:86: error: ‘sk_X509_free_wrapper’ was not declared in this scope
../../../src/ssl/gadgets.h:86: error: template argument 1 is invalid
../../../src/ssl/gadgets.h:86: error: template argument 2 is invalid
../../../src/ssl/gadgets.h:86: error: invalid type in declaration before ‘;’ token
../../../src/ssl/gadgets.h:88: error: variable or field ‘EVP_PKEY_free_cpp’ declared void
../../../src/ssl/gadgets.h:88: error: ‘EVP_PKEY’ was not declared in this scope
../../../src/ssl/gadgets.h:88: error: ‘a’ was not declared in this scope
../../../src/ssl/gadgets.h:89: error: ‘EVP_PKEY’ was not declared in this scope
../../../src/ssl/gadgets.h:89: error: ‘EVP_PKEY_free_cpp’ was not declared in this scope
../../../src/ssl/gadgets.h:89: error: ‘CRYPTO_LOCK_EVP_PKEY’ was not declared in this scope
../../../src/ssl/gadgets.h:89: error: template argument 1 is invalid
../../../src/ssl/gadgets.h:89: error: template argument 2 is invalid
../../../src/ssl/gadgets.h:89: error: template argument 3 is invalid
../../../src/ssl/gadgets.h:89: error: invalid type in declaration before ‘;’ token
../../../src/ssl/gadgets.h:91: error: variable or field ‘BN_free_cpp’ declared void
../../../src/ssl/gadgets.h:91: error: ‘BIGNUM’ was not declared in this scope
../../../src/ssl/gadgets.h:91: error: ‘a’ was not declared in this scope
../../../src/ssl/gadgets.h:92: error: ‘BIGNUM’ was not declared in this scope
../../../src/ssl/gadgets.h:92: error: ‘BN_free_cpp’ was not declared in this scope
../../../src/ssl/gadgets.h:92: error: template argument 1 is invalid
../../../src/ssl/gadgets.h:92: error: template argument 2 is invalid
../../../src/ssl/gadgets.h:92: error: invalid type in declaration before ‘;’ token
../../../src/ssl/gadgets.h:94: error: variable or field ‘BIO_free_cpp’ declared void
../../../src/ssl/gadgets.h:94: error: ‘BIO’ was not declared in this scope
../../../src/ssl/gadgets.h:94: error: ‘a’ was not declared in this scope
../../../src/ssl/gadgets.h:95: error: ‘BIO’ was not declared in this scope
../../../src/ssl/gadgets.h:95: error: ‘BIO_free_cpp’ was not declared in this scope
../../../src/ssl/gadgets.h:95: error: template argument 1 is invalid
../../../src/ssl/gadgets.h:95: error: template argument 2 is invalid
../../../src/ssl/gadgets.h:95: error: invalid type in declaration before ‘;’ token
../../../src/ssl/gadgets.h:97: error: variable or field ‘ASN1_INTEGER_free_cpp’ declared void
../../../src/ssl/gadgets.h:97: error: ‘ASN1_INTEGER’ was not declared in this scope
../../../src/ssl/gadgets.h:97: error: ‘a’ was not declared in this scope
../../../src/ssl/gadgets.h:98: error: ‘ASN1_INTEGER’ was not declared in this scope
../../../src/ssl/gadgets.h:98: error: ‘ASN1_INTEGER_free_cpp’ was not declared in this scope
../../../src/ssl/gadgets.h:98: error: template argument 1 is invalid
../../../src/ssl/gadgets.h:98: error: template argument 2 is invalid
../../../src/ssl/gadgets.h:98: error: invalid type in declaration before ‘;’ token
../../../src/ssl/gadgets.h:100: error: variable or field ‘TXT_DB_free_cpp’ declared void
../../../src/ssl/gadgets.h:100: error: ‘TXT_DB’ was not declared in this scope
../../../src/ssl/gadgets.h:100: error: ‘a’ was not declared in this scope
../../../src/ssl/gadgets.h:101: error: ‘TXT_DB’ was not declared in this scope
../../../src/ssl/gadgets.h:101: error: ‘TXT_DB_free_cpp’ was not declared in this scope
../../../src/ssl/gadgets.h:101: error: template argument 1 is invalid
../../../src/ssl/gadgets.h:101: error: template argument 2 is invalid
../../../src/ssl/gadgets.h:101: error: invalid type in declaration before ‘;’ token
../../../src/ssl/gadgets.h:103: error: variable or field ‘X509_NAME_free_cpp’ declared void
../../../src/ssl/gadgets.h:103: error: ‘X509_NAME’ was not declared in this scope
../../../src/ssl/gadgets.h:103: error: ‘a’ was not declared in this scope
../../../src/ssl/gadgets.h:104: error: ‘X509_NAME’ was not declared in this scope
../../../src/ssl/gadgets.h:104: error: ‘X509_NAME_free_cpp’ was not declared in this scope
../../../src/ssl/gadgets.h:104: error: template argument 1 is invalid
../../../src/ssl/gadgets.h:104: error: template argument 2 is invalid
../../../src/ssl/gadgets.h:104: error: invalid type in declaration before ‘;’ token
../../../src/ssl/gadgets.h:106: error: variable or field ‘RSA_free_cpp’ declared void
../../../src/ssl/gadgets.h:106: error: ‘RSA’ was not declared in this scope
../../../src/ssl/gadgets.h:106: error: ‘a’ was not declared in this scope
../../../src/ssl/gadgets.h:107: error: ‘RSA’ was not declared in this scope
../../../src/ssl/gadgets.h:107: error: ‘RSA_free_cpp’ was not declared in this scope
../../../src/ssl/gadgets.h:107: error: template argument 1 is invalid
../../../src/ssl/gadgets.h:107: error: template argument 2 is invalid
../../../src/ssl/gadgets.h:107: error: invalid type in declaration before ‘;’ token
../../../src/ssl/gadgets.h:109: error: variable or field ‘X509_REQ_free_cpp’ declared void
../../../src/ssl/gadgets.h:109: error: ‘X509_REQ’ was not declared in this scope
../../../src/ssl/gadgets.h:109: error: ‘a’ was not declared in this scope
../../../src/ssl/gadgets.h:110: error: ‘X509_REQ’ was not declared in this scope
../../../src/ssl/gadgets.h:110: error: ‘X509_REQ_free_cpp’ was not declared in this scope
../../../src/ssl/gadgets.h:110: error: template argument 1 is invalid
../../../src/ssl/gadgets.h:110: error: template argument 2 is invalid
../../../src/ssl/gadgets.h:110: error: invalid type in declaration before ‘;’ token
../../../src/ssl/gadgets.h:112: error: variable or field ‘SSL_CTX_free_cpp’ declared void
../../../src/ssl/gadgets.h:112: error: ‘SSL_CTX’ was not declared in this scope
../../../src/ssl/gadgets.h:112: error: ‘a’ was not declared in this scope
../../../src/ssl/gadgets.h:113: error: ‘SSL_CTX’ was not declared in this scope
../../../src/ssl/gadgets.h:113: error: ‘SSL_CTX_free_cpp’ was not declared in this scope
../../../src/ssl/gadgets.h:113: error: template argument 1 is invalid
../../../src/ssl/gadgets.h:113: error: template argument 2 is invalid
../../../src/ssl/gadgets.h:113: error: invalid type in declaration before ‘;’ token
../../../src/ssl/gadgets.h:115: error: variable or field ‘SSL_free_cpp’ declared void
../../../src/ssl/gadgets.h:115: error: ‘SSL’ was not declared in this scope
../../../src/ssl/gadgets.h:115: error: ‘a’ was not declared in this scope
../../../src/ssl/gadgets.h:116: error: ‘SSL’ was not declared in this scope
../../../src/ssl/gadgets.h:116: error: ‘SSL_free_cpp’ was not declared in this scope
../../../src/ssl/gadgets.h:116: error: template argument 1 is invalid
../../../src/ssl/gadgets.h:116: error: template argument 2 is invalid
../../../src/ssl/gadgets.h:116: error: invalid type in declaration before ‘;’ token
../../../src/ssl/gadgets.h:118: error: variable or field ‘DH_free_cpp’ declared void
../../../src/ssl/gadgets.h:118: error: ‘DH’ was not declared in this scope
../../../src/ssl/gadgets.h:118: error: ‘a’ was not declared in this scope
../../../src/ssl/gadgets.h:119: error: ‘DH’ was not declared in this scope
../../../src/ssl/gadgets.h:119: error: ‘DH_free_cpp’ was not declared in this scope
../../../src/ssl/gadgets.h:119: error: template argument 1 is invalid
../../../src/ssl/gadgets.h:119: error: template argument 2 is invalid
../../../src/ssl/gadgets.h:119: error: invalid type in declaration before ‘;’ token
../../../src/ssl/gadgets.h:121: error: variable or field ‘sk_X509_CRL_free_wrapper’ declared void
../../../src/ssl/gadgets.h:121: error: ‘X509_CRL’ was not declared in this scope
../../../src/ssl/gadgets.h:121: error: ‘STACK_OF’ was not declared in this scope
../../../src/ssl/gadgets.h:121: error: ‘a’ was not declared in this scope
../../../src/ssl/gadgets.h:122: error: ‘X509_CRL’ was not declared in this scope
../../../src/ssl/gadgets.h:122: error: a function call cannot appear in a constant-expression
../../../src/ssl/gadgets.h:122: error: ‘sk_X509_CRL_free_wrapper’ was not declared in this scope
../../../src/ssl/gadgets.h:122: error: template argument 1 is invalid
../../../src/ssl/gadgets.h:122: error: template argument 2 is invalid
../../../src/ssl/gadgets.h:122: error: invalid type in declaration before ‘;’ token
../../../src/ssl/gadgets.h:124: error: variable or field ‘sk_X509_NAME_free_wrapper’ declared void
../../../src/ssl/gadgets.h:124: error: ‘X509_NAME’ was not declared in this scope
../../../src/ssl/gadgets.h:124: error: ‘STACK_OF’ was not declared in this scope
../../../src/ssl/gadgets.h:124: error: ‘a’ was not declared in this scope
../../../src/ssl/gadgets.h:125: error: ‘X509_NAME’ was not declared in this scope
../../../src/ssl/gadgets.h:125: error: a function call cannot appear in a constant-expression
../../../src/ssl/gadgets.h:125: error: ‘sk_X509_NAME_free_wrapper’ was not declared in this scope
../../../src/ssl/gadgets.h:125: error: template argument 1 is invalid
../../../src/ssl/gadgets.h:125: error: template argument 2 is invalid
../../../src/ssl/gadgets.h:125: error: invalid type in declaration before ‘;’ token
../../../src/ssl/gadgets.h:131: error: expected constructor, destructor, or type conversion before ‘*’ token
../../../src/ssl/gadgets.h:241: error: ISO C++ forbids declaration of ‘EVP_MD’ with no type
../../../src/ssl/gadgets.h:241: error: expected ‘;’ before ‘*’ token
../../../src/ssl/gadgets.h:263: error: expected constructor, destructor, or type conversion before ‘*’ token
../../../src/ssl/gadgets.h:286: error: ‘X509’ was not declared in this scope
../../../src/ssl/gadgets.h:286: error: ‘peer_cert’ was not declared in this scope
../../../src/ssl/gadgets.h:286: error: expected primary-expression before ‘const’
../../../src/ssl/gadgets.h:286: error: initializer expression list treated as compound expression
../../../src/ssl/gadgets.h:293: error: ‘X509’ was not declared in this scope
../../../src/ssl/gadgets.h:293: error: ‘x509’ was not declared in this scope
../../../src/ssl/gadgets.h:300: error: ‘X509’ was not declared in this scope
../../../src/ssl/gadgets.h:300: error: ‘x509’ was not declared in this scope
../../../src/ssl/support.h:66: error: expected constructor, destructor, or type conversion before ‘*’ token
../../../src/ssl/support.h:70: error: expected constructor, destructor, or type conversion before ‘*’ token
../../../src/ssl/support.h:79: error: ‘X509’ has not been declared
../../../src/ssl/support.h:92: error: expected constructor, destructor, or type conversion before ‘*’ token
../../../src/ssl/support.h:95: error: expected constructor, destructor, or type conversion before ‘*’ token
../../../src/ssl/support.h:104: error: variable or field ‘ssl_shutdown_method’ declared void
../../../src/ssl/support.h:104: error: ‘SSL’ was not declared in this scope
../../../src/ssl/support.h:104: error: ‘ssl’ was not declared in this scope
../../../src/ssl/support.h:107: error: ‘SSL’ was not declared in this scope
../../../src/ssl/support.h:107: error: ‘ssl’ was not declared in this scope
../../../src/ssl/support.h:110: error: ‘SSL’ was not declared in this scope
../../../src/ssl/support.h:110: error: ‘ssl’ was not declared in this scope
../../../src/ssl/support.h:110: error: expected primary-expression before ‘const’
../../../src/ssl/support.h:110: error: initializer expression list treated as compound expression
../../../src/ssl/support.h:113: error: ‘SSL’ was not declared in this scope
../../../src/ssl/support.h:113: error: ‘ssl’ was not declared in this scope
../../../src/ssl/support.h:113: error: expected primary-expression before ‘const’
../../../src/ssl/support.h:113: error: initializer expression list treated as compound expression
../../../src/ssl/support.h:116: error: ‘SSL’ was not declared in this scope
../../../src/ssl/support.h:116: error: ‘ssl’ was not declared in this scope
../../../src/ssl/support.h:119: error: ‘SSL’ was not declared in this scope
../../../src/ssl/support.h:119: error: ‘ssl’ was not declared in this scope
../../../src/ssl/support.h:124: error: typedef ‘Ssl::GETX509ATTRIBUTE’ is initialized (use decltype instead)
../../../src/ssl/support.h:124: error: ‘X509’ was not declared in this scope
../../../src/ssl/support.h:124: error: expected primary-expression before ‘,’ token
../../../src/ssl/support.h:124: error: expected primary-expression before ‘const’
../../../src/ssl/support.h:127: error: ‘GETX509ATTRIBUTE’ does not name a type
../../../src/ssl/support.h:130: error: ‘GETX509ATTRIBUTE’ does not name a type
../../../src/ssl/support.h:133: error: ‘GETX509ATTRIBUTE’ does not name a type
../../../src/ssl/support.h:135: error: expected initializer before ‘*’ token
../../../src/ssl/support.h:176: error: expected constructor, destructor, or type conversion before ‘(’ token
../../../src/ssl/support.h:182: error: expected constructor, destructor, or type conversion before ‘*’ token
../../../src/ssl/support.h:188: error: ‘ContextMethod’ does not name a type
../../../src/ssl/support.h:200: error: expected constructor, destructor, or type conversion before ‘*’ token
../../../src/ssl/support.h:209: error: ‘SSL_CTX’ was not declared in this scope
../../../src/ssl/support.h:209: error: ‘sslContext’ was not declared in this scope
../../../src/ssl/support.h:209: error: expected primary-expression before ‘const’
../../../src/ssl/support.h:209: error: initializer expression list treated as compound expression
../../../src/ssl/support.h:216: error: expected constructor, destructor, or type conversion before ‘*’ token
../../../src/ssl/support.h:222: error: expected constructor, destructor, or type conversion before ‘*’ token
../../../src/ssl/support.h:229: error: ‘SSL’ was not declared in this scope
../../../src/ssl/support.h:229: error: ‘ssl’ was not declared in this scope
../../../src/ssl/support.h:229: error: expected primary-expression before ‘const’
../../../src/ssl/support.h:229: error: expected primary-expression before ‘&amp;’ token
../../../src/ssl/support.h:229: error: ‘port’ was not declared in this scope
../../../src/ssl/support.h:229: error: initializer expression list treated as compound expression
../../../src/ssl/support.h:236: error: ‘SSL’ was not declared in this scope
../../../src/ssl/support.h:236: error: ‘ssl’ was not declared in this scope
../../../src/ssl/support.h:236: error: expected primary-expression before ‘const’
../../../src/ssl/support.h:236: error: expected primary-expression before ‘&amp;’ token
../../../src/ssl/support.h:236: error: ‘port’ was not declared in this scope
../../../src/ssl/support.h:236: error: initializer expression list treated as compound expression
../../../src/ssl/support.h:242: error: variable or field ‘addChainToSslContext’ declared void
../../../src/ssl/support.h:242: error: ‘SSL_CTX’ was not declared in this scope
../../../src/ssl/support.h:242: error: ‘sslContext’ was not declared in this scope
../../../src/ssl/support.h:242: error: ‘X509’ was not declared in this scope
../../../src/ssl/support.h:242: error: ‘STACK_OF’ was not declared in this scope
../../../src/ssl/support.h:242: error: ‘certList’ was not declared in this scope
../../../src/ssl/support.h:262: error: ‘X509’ was not declared in this scope
../../../src/ssl/support.h:262: error: ‘peer_cert’ was not declared in this scope
../../../src/ssl/support.h:262: error: expected primary-expression before ‘void’
../../../src/ssl/support.h:262: error: ‘check_func’ was not declared in this scope
../../../src/ssl/support.h:262: error: expected primary-expression before ‘void’
../../../src/ssl/support.h:262: error: ‘ASN1_STRING’ was not declared in this scope
../../../src/ssl/support.h:262: error: ‘cn_data’ was not declared in this scope
../../../src/ssl/support.h:262: error: initializer expression list treated as compound expression
../../../src/ssl/support.h:271: error: ‘X509’ was not declared in this scope
../../../src/ssl/support.h:271: error: ‘cert’ was not declared in this scope
../../../src/ssl/support.h:271: error: expected primary-expression before ‘const’
../../../src/ssl/support.h:271: error: initializer expression list treated as compound expression
../../../src/ssl/support.h:281: error: ‘ASN1_TIME’ was not declared in this scope
../../../src/ssl/support.h:281: error: expected primary-expression before ‘,’ token
../../../src/ssl/support.h:281: error: expected primary-expression before ‘char’
../../../src/ssl/support.h:281: error: expected primary-expression before ‘int’
../../../src/ssl/support.h:281: error: initializer expression list treated as compound expression
../../../src/ssl/support.h:289: error: ‘SSL’ was not declared in this scope
../../../src/ssl/support.h:289: error: ‘ssl’ was not declared in this scope
../../../src/ssl/support.h:289: error: expected primary-expression before ‘const’
../../../src/ssl/support.h:289: error: initializer expression list treated as compound expression
../../../src/ssl/support.h:294: error: expected constructor, destructor, or type conversion before ‘*’ token
../../../src/ssl/support.h:299: error: expected initializer before ‘*’ token
../../../src/acl/ServerName.cc:66: error: ‘ASN1_STRING’ has not been declared
../../../src/acl/ServerName.cc:71: error: request for member ‘length’ in ‘cn_data-&gt;’, which is of non-class type ‘int’
../../../src/acl/ServerName.cc:74: error: request for member ‘data’ in ‘cn_data-&gt;’, which is of non-class type ‘int’
../../../src/acl/ServerName.cc:74: error: request for member ‘length’ in ‘cn_data-&gt;’, which is of non-class type ‘int’
../../../src/acl/ServerName.cc:75: error: request for member ‘length’ in ‘cn_data-&gt;’, which is of non-class type ‘int’
../../../src/acl/ServerName.cc:87: error: ‘class ConnStateData’ has no member named ‘serverBump’
../../../src/acl/ServerName.cc:88: error: ‘X509’ was not declared in this scope
../../../src/acl/ServerName.cc:88: error: ‘peer_cert’ was not declared in this scope
../../../src/acl/ServerName.cc:88: error: ‘class ConnStateData’ has no member named ‘serverBump’
../../../src/acl/ServerName.cc:89: error: ‘Ssl::matchX509CommonNames’ cannot be used as a function
../../../src/acl/ServerName.cc:95: error: ‘class ConnStateData’ has no member named ‘sslCommonName’
../../../src/acl/ServerName.cc:96: error: ‘class ConnStateData’ has no member named ‘sslCommonName’
cc1plus: error: unrecognized command line option &quot;-Wno-deprecated-register&quot;
make[4]: *** [ServerName.lo] Error 1
make[3]: *** [all-recursive] Error 1
make[2]: *** [all] Error 2
make[1]: *** [all-recursive] Error 1
make: *** [distcheck] Error 1
Build FAILED.
Build step 'Execute shell' marked build as failure
[description-setter] Description set: 
</PRE>

























































<!--endarticle-->
    <HR>
    <P><UL>
        <!--threads-->
	<LI>Previous message: <A HREF="002079.html">[squid-dev] Jenkins build is back to normal : trunk-matrix » gcc,d-ubuntu-utopic #162
</A></li>
	<LI>Next message: <A HREF="002072.html">[squid-dev] Jenkins build is back to normal : trunk-matrix » gcc,d-centos-6 #162
</A></li>
         <LI> <B>Messages sorted by:</B> 
              <a href="date.html#2054">[ date ]</a>
              <a href="thread.html#2054">[ thread ]</a>
              <a href="subject.html#2054">[ subject ]</a>
              <a href="author.html#2054">[ author ]</a>
         </LI>
       </UL>

<hr>
<a href="http://lists.squid-cache.org/listinfo/squid-dev">More information about the squid-dev
mailing list</a><br>
</body></html>
