<!DOCTYPE HTML PUBLIC "-//W3C//DTD HTML 4.01 Transitional//EN">
<HTML>
 <HEAD>
   <TITLE> [squid-dev] Build failed in Jenkins: trunk-full-matrix » gcc,d-centos-7 #221
   </TITLE>
   <LINK REL="Index" HREF="index.html" >
   <LINK REL="made" HREF="mailto:squid-dev%40lists.squid-cache.org?Subject=Re%3A%20%5Bsquid-dev%5D%20%3D%3Futf-8%3Fq%3FBuild_failed_in_Jenkins%3D3A_trunk-full-matri%3F%3D%0A%20%3D%3Futf-8%3Fq%3Fx_%3DC2%3DBB_gcc%3D2Cd-centos-7_%3D23221%3F%3D&In-Reply-To=%3C1826929865.0.1473051685099.JavaMail.jenkins%40buildmaster%3E">
   <META NAME="robots" CONTENT="index,nofollow">
   <style type="text/css">
       pre {
           white-space: pre-wrap;       /* css-2.1, curent FF, Opera, Safari */
           }
   </style>
   <META http-equiv="Content-Type" content="text/html; charset=utf-8">
   <LINK REL="Previous"  HREF="006656.html">
   <LINK REL="Next"  HREF="006738.html">
 </HEAD>
 <BODY BGCOLOR="#ffffff">
   <H1>[squid-dev] Build failed in Jenkins: trunk-full-matrix » gcc,d-centos-7 #221</H1>
    <B>noc at squid-cache.org</B> 
    <A HREF="mailto:squid-dev%40lists.squid-cache.org?Subject=Re%3A%20%5Bsquid-dev%5D%20%3D%3Futf-8%3Fq%3FBuild_failed_in_Jenkins%3D3A_trunk-full-matri%3F%3D%0A%20%3D%3Futf-8%3Fq%3Fx_%3DC2%3DBB_gcc%3D2Cd-centos-7_%3D23221%3F%3D&In-Reply-To=%3C1826929865.0.1473051685099.JavaMail.jenkins%40buildmaster%3E"
       TITLE="[squid-dev] Build failed in Jenkins: trunk-full-matrix » gcc,d-centos-7 #221">noc at squid-cache.org
       </A><BR>
    <I>Mon Sep  5 05:01:24 UTC 2016</I>
    <P><UL>
        <LI>Previous message: <A HREF="006656.html">[squid-dev] [PATCH] GnuTLS session redo
</A></li>
        <LI>Next message: <A HREF="006738.html">[squid-dev] Jenkins build is back to normal : trunk-full-matrix » gcc,d-centos-7 #223
</A></li>
         <LI> <B>Messages sorted by:</B> 
              <a href="date.html#6657">[ date ]</a>
              <a href="thread.html#6657">[ thread ]</a>
              <a href="subject.html#6657">[ subject ]</a>
              <a href="author.html#6657">[ author ]</a>
         </LI>
       </UL>
    <HR>  
<!--beginarticle-->
<PRE>See &lt;<A HREF="http://build.squid-cache.org/job/trunk-full-matrix/compiler=gcc,label=d-centos-7/221/">http://build.squid-cache.org/job/trunk-full-matrix/compiler=gcc,label=d-centos-7/221/</A>&gt;

------------------------------------------
[...truncated 34855 lines...]
sed: can't read conftest.cpp: No such file or directory
no
checking for syslog... ../configure: line 2806: conftest.cpp: No such file or directory
../configure: line 2225: conftest.err: No such file or directory
sed: can't read conftest.cpp: No such file or directory
no
checking for timegm... ../configure: line 2806: conftest.cpp: No such file or directory
../configure: line 2225: conftest.err: No such file or directory
sed: can't read conftest.cpp: No such file or directory
no
checking for vsnprintf... ../configure: line 2806: conftest.cpp: No such file or directory
../configure: line 2225: conftest.err: No such file or directory
sed: can't read conftest.cpp: No such file or directory
no
checking for initgroups... ../configure: line 2806: conftest.cpp: No such file or directory
../configure: line 2225: conftest.err: No such file or directory
sed: can't read conftest.cpp: No such file or directory
no
checking for psignal... ../configure: line 2806: conftest.cpp: No such file or directory
../configure: line 2225: conftest.err: No such file or directory
sed: can't read conftest.cpp: No such file or directory
no
checking for strerror... ../configure: line 2806: conftest.cpp: No such file or directory
../configure: line 2225: conftest.err: No such file or directory
sed: can't read conftest.cpp: No such file or directory
no
checking for strtoll... ../configure: line 2806: conftest.cpp: No such file or directory
../configure: line 2225: conftest.err: No such file or directory
sed: can't read conftest.cpp: No such file or directory
no
checking for tempnam... ../configure: line 2806: conftest.cpp: No such file or directory
../configure: line 2225: conftest.err: No such file or directory
sed: can't read conftest.cpp: No such file or directory
no
checking whether getaddrinfo is declared... ../configure: line 2663: conftest.cpp: No such file or directory
../configure: line 2187: conftest.err: No such file or directory
sed: can't read conftest.cpp: No such file or directory
no
../configure: line 39059: confdefs.h: No such file or directory
checking whether getnameinfo is declared... ../configure: line 2663: conftest.cpp: No such file or directory
../configure: line 2187: conftest.err: No such file or directory
sed: can't read conftest.cpp: No such file or directory
no
../configure: line 39097: confdefs.h: No such file or directory
checking whether inet_ntop is declared... ../configure: line 2663: conftest.cpp: No such file or directory
../configure: line 2187: conftest.err: No such file or directory
sed: can't read conftest.cpp: No such file or directory
no
../configure: line 39135: confdefs.h: No such file or directory
checking whether inet_pton is declared... ../configure: line 2663: conftest.cpp: No such file or directory
../configure: line 2187: conftest.err: No such file or directory
sed: can't read conftest.cpp: No such file or directory
no
../configure: line 39173: confdefs.h: No such file or directory
checking whether InetNtopA is declared... ../configure: line 2663: conftest.cpp: No such file or directory
../configure: line 2187: conftest.err: No such file or directory
sed: can't read conftest.cpp: No such file or directory
no
../configure: line 39211: confdefs.h: No such file or directory
checking whether InetPtonA is declared... ../configure: line 2663: conftest.cpp: No such file or directory
../configure: line 2187: conftest.err: No such file or directory
sed: can't read conftest.cpp: No such file or directory
no
../configure: line 39249: confdefs.h: No such file or directory
configure: choosing user-specified net I/O API poll
configure: Using poll for the IO loop.
../configure: line 39341: confdefs.h: No such file or directory
checking if setresuid is actually implemented... ../configure: line 39369: conftest.cpp: No such file or directory
sed: can't read conftest.cpp: No such file or directory
no
checking mswsock.h usability... ../configure: line 2325: conftest.cpp: No such file or directory
../configure: line 2187: conftest.err: No such file or directory
sed: can't read conftest.cpp: No such file or directory
no
checking mswsock.h presence... ../configure: line 2342: conftest.cpp: No such file or directory
../configure: line 2271: conftest.i: No such file or directory
sed: can't read conftest.cpp: No such file or directory
no
checking for mswsock.h... no
checking for constant CMSG_SPACE... ../configure: line 39427: conftest.cpp: No such file or directory
../configure: line 2187: conftest.err: No such file or directory
sed: can't read conftest.cpp: No such file or directory
no
checking for struct cmsghdr... ../configure: line 2754: conftest.cpp: No such file or directory
../configure: line 2187: conftest.err: No such file or directory
sed: can't read conftest.cpp: No such file or directory
no
checking for struct iovec... ../configure: line 2754: conftest.cpp: No such file or directory
../configure: line 2187: conftest.err: No such file or directory
sed: can't read conftest.cpp: No such file or directory
no
checking for struct msghdr... ../configure: line 2754: conftest.cpp: No such file or directory
../configure: line 2187: conftest.err: No such file or directory
sed: can't read conftest.cpp: No such file or directory
no
checking for struct sockaddr_un... ../configure: line 2754: conftest.cpp: No such file or directory
../configure: line 2187: conftest.err: No such file or directory
sed: can't read conftest.cpp: No such file or directory
no
checking if strnstr is well implemented... ../configure: line 39546: conftest.cpp: No such file or directory
sed: can't read conftest.cpp: No such file or directory
no
checking if va_copy is implemented... ../configure: line 39596: conftest.cpp: No such file or directory
sed: can't read conftest.cpp: No such file or directory
no
checking if __va_copy is implemented... ../configure: line 39643: conftest.cpp: No such file or directory
sed: can't read conftest.cpp: No such file or directory
no
configure: IPF-based transparent proxying enabled: no
../configure: line 39857: confdefs.h: No such file or directory
../configure: line 39885: confdefs.h: No such file or directory
../configure: line 39899: confdefs.h: No such file or directory
../configure: line 39927: confdefs.h: No such file or directory
configure: Support for Netfilter-based interception proxy requested: no
configure: Linux Netfilter Conntrack support enabled: no 
../configure: line 39979: confdefs.h: No such file or directory
configure: ZPH QOS enabled: yes
configure: QOS netfilter mark preservation enabled: no
../configure: line 39998: confdefs.h: No such file or directory
checking for regexec in -lregex... ../configure: line 40014: conftest.cpp: No such file or directory
../configure: line 2225: conftest.err: No such file or directory
sed: can't read conftest.cpp: No such file or directory
no
checking if GNUregex needs to be compiled... yes
../configure: line 40137: confdefs.h: No such file or directory
checking Default UDP send buffer size... ../configure: line 40151: conftest.cpp: No such file or directory
sed: can't read conftest.cpp: No such file or directory
16384
../configure: line 40205: confdefs.h: No such file or directory
checking Default UDP receive buffer size... ../configure: line 40216: conftest.cpp: No such file or directory
sed: can't read conftest.cpp: No such file or directory
16384
../configure: line 40270: confdefs.h: No such file or directory
checking Default TCP send buffer size... ../configure: line 40281: conftest.cpp: No such file or directory
sed: can't read conftest.cpp: No such file or directory
16384
../configure: line 40340: confdefs.h: No such file or directory
checking Default TCP receive buffer size... ../configure: line 40351: conftest.cpp: No such file or directory
sed: can't read conftest.cpp: No such file or directory
16384
../configure: line 40410: confdefs.h: No such file or directory
checking whether recv takes a pointer to void or char as second argument... ../configure: line 40423: conftest.cpp: No such file or directory
../configure: line 2187: conftest.err: No such file or directory
sed: can't read conftest.cpp: No such file or directory
char*
char
../configure: line 40461: confdefs.h: No such file or directory
checking if sys_errlist is already defined... ../configure: line 40472: conftest.cpp: No such file or directory
../configure: line 2187: conftest.err: No such file or directory
sed: can't read conftest.cpp: No such file or directory
yes
../configure: line 40501: confdefs.h: No such file or directory
checking for system-provided MAXPATHLEN... ../configure: line 40511: conftest.cpp: No such file or directory
../configure: line 2225: conftest.err: No such file or directory
sed: can't read conftest.cpp: No such file or directory
no
../configure: line 40534: confdefs.h: No such file or directory
checking for libresolv _dns_ttl_ hack... ../configure: line 40548: conftest.cpp: No such file or directory
../configure: line 2225: conftest.err: No such file or directory
sed: can't read conftest.cpp: No such file or directory
no
../configure: line 40577: confdefs.h: No such file or directory
checking for _res_ext.nsaddr_list... ../configure: line 40590: conftest.cpp: No such file or directory
../configure: line 2187: conftest.err: No such file or directory
sed: can't read conftest.cpp: No such file or directory
no
checking for _res._u._ext.nsaddrs... ../configure: line 40643: conftest.cpp: No such file or directory
../configure: line 2187: conftest.err: No such file or directory
sed: can't read conftest.cpp: No such file or directory
no
checking for _res.nsaddr_list... ../configure: line 40695: conftest.cpp: No such file or directory
../configure: line 2187: conftest.err: No such file or directory
sed: can't read conftest.cpp: No such file or directory
no
checking for _res.ns_list... ../configure: line 40747: conftest.cpp: No such file or directory
../configure: line 2187: conftest.err: No such file or directory
sed: can't read conftest.cpp: No such file or directory
no
checking sys/statvfs.h usability... ../configure: line 2325: conftest.cpp: No such file or directory
../configure: line 2187: conftest.err: No such file or directory
sed: can't read conftest.cpp: No such file or directory
no
checking sys/statvfs.h presence... ../configure: line 2342: conftest.cpp: No such file or directory
../configure: line 2271: conftest.i: No such file or directory
sed: can't read conftest.cpp: No such file or directory
no
checking for sys/statvfs.h... no
checking for sys/param.h... (cached) yes
../configure: line 40867: confdefs.h: No such file or directory
checking for sys/mount.h... (cached) no
checking for sys/vfs.h... (cached) no
checking sys/statfs.h usability... ../configure: line 2325: conftest.cpp: No such file or directory
../configure: line 2187: conftest.err: No such file or directory
sed: can't read conftest.cpp: No such file or directory
no
checking sys/statfs.h presence... ../configure: line 2342: conftest.cpp: No such file or directory
../configure: line 2271: conftest.i: No such file or directory
sed: can't read conftest.cpp: No such file or directory
no
checking for sys/statfs.h... no
checking for statfs... ../configure: line 2806: conftest.cpp: No such file or directory
../configure: line 2225: conftest.err: No such file or directory
sed: can't read conftest.cpp: No such file or directory
no
checking for f_frsize field in struct statfs... ../configure: line 40893: conftest.cpp: No such file or directory
../configure: line 2187: conftest.err: No such file or directory
sed: can't read conftest.cpp: No such file or directory
no
../configure: line 40933: confdefs.h: No such file or directory
checking whether po2html executable path has been provided... no
checking for po2html... no
checking whether po2txt executable path has been provided... no
checking for po2txt... no
configure: Multi-Language support enabled: yes
../configure: line 41166: confdefs.h: No such file or directory
configure: BUILD LIBRARIES: 
configure: BUILD EXTRA LIBRARIES: -ldl -lrt -ldl -ldl
configure: BUILD OBJECTS: 
configure: BUILD EXTRA OBJECTS: 
configure: BUILD C FLAGS: -D_FILE_OFFSET_BITS=64 -Wall -g -O2
configure: BUILD EXTRA C FLAGS: -Wall -Wpointer-arith -Wwrite-strings -Wmissing-prototypes -Wmissing-declarations -Wcomments -Wshadow -Werror -pipe -D_REENTRANT
configure: BUILD C++ FLAGS: -D_FILE_OFFSET_BITS=64   -g -O2 -std=c++11
configure: BUILD EXTRA C++ FLAGS: -I/usr/include/libxml2 -Wall -Wpointer-arith -Wwrite-strings -Wcomments -Wshadow -Woverloaded-virtual -Werror -Wno-deprecated-register -pipe -D_REENTRANT
configure: BUILD Tools C++ FLAGS:  -D_FILE_OFFSET_BITS=64   -g -O2 -std=c++11
../configure: line 41234: confcache: No such file or directory
../configure: line 41295: confcache: No such file or directory
checking that generated files are newer than configure... done
configure: creating ./config.status
../configure: line 41585: ./config.status: No such file or directory
../configure: line 41599: ./config.status: No such file or directory
../configure: line 41969: ./config.status: No such file or directory
../configure: line 41997: ./config.status: No such file or directory
../configure: line 42005: ./config.status: No such file or directory
../configure: line 42037: ./config.status: No such file or directory
../configure: line 42056: ./config.status: No such file or directory
../configure: line 42133: ./config.status: No such file or directory
../configure: line 42144: ./config.status: No such file or directory
../configure: line 42155: ./config.status: No such file or directory
../configure: line 42538: ./config.status: No such file or directory
../configure: line 42734: conf21666subs.sh: No such file or directory
configure: error: could not make ./config.status
make: *** [distcheck] Error 1
buildtest.sh result is 2
grep: btlayer-02-maximus.log: No such file or directory
grep: btlayer-02-maximus.log: No such file or directory
grep: btlayer-02-maximus.log: No such file or directory
Build FAILED.
Build step 'Execute shell' marked build as failure
[description-setter] Description set: 
</PRE>


















<!--endarticle-->
    <HR>
    <P><UL>
        <!--threads-->
	<LI>Previous message: <A HREF="006656.html">[squid-dev] [PATCH] GnuTLS session redo
</A></li>
	<LI>Next message: <A HREF="006738.html">[squid-dev] Jenkins build is back to normal : trunk-full-matrix » gcc,d-centos-7 #223
</A></li>
         <LI> <B>Messages sorted by:</B> 
              <a href="date.html#6657">[ date ]</a>
              <a href="thread.html#6657">[ thread ]</a>
              <a href="subject.html#6657">[ subject ]</a>
              <a href="author.html#6657">[ author ]</a>
         </LI>
       </UL>

<hr>
<a href="http://lists.squid-cache.org/listinfo/squid-dev">More information about the squid-dev
mailing list</a><br>
</body></html>
