<!DOCTYPE HTML PUBLIC "-//W3C//DTD HTML 4.01 Transitional//EN">
<HTML>
 <HEAD>
   <TITLE> [squid-dev] Build failed in Jenkins: trunk-matrix » clang,d-debian-jessie #762
   </TITLE>
   <LINK REL="Index" HREF="index.html" >
   <LINK REL="made" HREF="mailto:squid-dev%40lists.squid-cache.org?Subject=Re%3A%20%5Bsquid-dev%5D%20%3D%3Futf-8%3Fq%3FBuild_failed_in_Jenkins%3D3A_trunk-matrix_%3F%3D%0A%20%3D%3Futf-8%3Fq%3F%3DC2%3DBB_clang%3D2Cd-debian-jessie_%3D23762%3F%3D&In-Reply-To=%3C10753005.128.1473915685714.JavaMail.jenkins%40buildmaster%3E">
   <META NAME="robots" CONTENT="index,nofollow">
   <style type="text/css">
       pre {
           white-space: pre-wrap;       /* css-2.1, curent FF, Opera, Safari */
           }
   </style>
   <META http-equiv="Content-Type" content="text/html; charset=utf-8">
   <LINK REL="Previous"  HREF="006859.html">
   <LINK REL="Next"  HREF="006858.html">
 </HEAD>
 <BODY BGCOLOR="#ffffff">
   <H1>[squid-dev] Build failed in Jenkins: trunk-matrix » clang,d-debian-jessie #762</H1>
    <B>noc at squid-cache.org</B> 
    <A HREF="mailto:squid-dev%40lists.squid-cache.org?Subject=Re%3A%20%5Bsquid-dev%5D%20%3D%3Futf-8%3Fq%3FBuild_failed_in_Jenkins%3D3A_trunk-matrix_%3F%3D%0A%20%3D%3Futf-8%3Fq%3F%3DC2%3DBB_clang%3D2Cd-debian-jessie_%3D23762%3F%3D&In-Reply-To=%3C10753005.128.1473915685714.JavaMail.jenkins%40buildmaster%3E"
       TITLE="[squid-dev] Build failed in Jenkins: trunk-matrix » clang,d-debian-jessie #762">noc at squid-cache.org
       </A><BR>
    <I>Thu Sep 15 05:01:25 UTC 2016</I>
    <P><UL>
        <LI>Previous message: <A HREF="006859.html">[squid-dev] Jenkins build is back to normal : trunk-matrix » gcc,d-fedora-21 #764
</A></li>
        <LI>Next message: <A HREF="006858.html">[squid-dev] Jenkins build is back to normal : trunk-matrix » clang,d-debian-jessie #764
</A></li>
         <LI> <B>Messages sorted by:</B> 
              <a href="date.html#6835">[ date ]</a>
              <a href="thread.html#6835">[ thread ]</a>
              <a href="subject.html#6835">[ subject ]</a>
              <a href="author.html#6835">[ author ]</a>
         </LI>
       </UL>
    <HR>  
<!--beginarticle-->
<PRE>See &lt;<A HREF="http://build.squid-cache.org/job/trunk-matrix/compiler=clang,label=d-debian-jessie/762/">http://build.squid-cache.org/job/trunk-matrix/compiler=clang,label=d-debian-jessie/762/</A>&gt;

------------------------------------------
[...truncated 1338 lines...]
.././test-suite/../configure: line 2225: conftest.err: No such file or directory
sed: can't read conftest.cpp: No such file or directory
no
checking for vsnprintf... .././test-suite/../configure: line 2806: conftest.cpp: No such file or directory
.././test-suite/../configure: line 2225: conftest.err: No such file or directory
sed: can't read conftest.cpp: No such file or directory
no
checking for initgroups... .././test-suite/../configure: line 2806: conftest.cpp: No such file or directory
.././test-suite/../configure: line 2225: conftest.err: No such file or directory
sed: can't read conftest.cpp: No such file or directory
no
checking for psignal... .././test-suite/../configure: line 2806: conftest.cpp: No such file or directory
.././test-suite/../configure: line 2225: conftest.err: No such file or directory
sed: can't read conftest.cpp: No such file or directory
no
checking for strerror... .././test-suite/../configure: line 2806: conftest.cpp: No such file or directory
.././test-suite/../configure: line 2225: conftest.err: No such file or directory
sed: can't read conftest.cpp: No such file or directory
no
checking for strtoll... .././test-suite/../configure: line 2806: conftest.cpp: No such file or directory
.././test-suite/../configure: line 2225: conftest.err: No such file or directory
sed: can't read conftest.cpp: No such file or directory
no
checking for tempnam... .././test-suite/../configure: line 2806: conftest.cpp: No such file or directory
.././test-suite/../configure: line 2225: conftest.err: No such file or directory
sed: can't read conftest.cpp: No such file or directory
no
checking whether getaddrinfo is declared... .././test-suite/../configure: line 2663: conftest.cpp: No such file or directory
.././test-suite/../configure: line 2187: conftest.err: No such file or directory
sed: can't read conftest.cpp: No such file or directory
no
.././test-suite/../configure: line 39043: confdefs.h: No such file or directory
checking whether getnameinfo is declared... .././test-suite/../configure: line 2663: conftest.cpp: No such file or directory
.././test-suite/../configure: line 2187: conftest.err: No such file or directory
sed: can't read conftest.cpp: No such file or directory
no
.././test-suite/../configure: line 39081: confdefs.h: No such file or directory
checking whether inet_ntop is declared... .././test-suite/../configure: line 2663: conftest.cpp: No such file or directory
.././test-suite/../configure: line 2187: conftest.err: No such file or directory
sed: can't read conftest.cpp: No such file or directory
no
.././test-suite/../configure: line 39119: confdefs.h: No such file or directory
checking whether inet_pton is declared... .././test-suite/../configure: line 2663: conftest.cpp: No such file or directory
.././test-suite/../configure: line 2187: conftest.err: No such file or directory
sed: can't read conftest.cpp: No such file or directory
no
.././test-suite/../configure: line 39157: confdefs.h: No such file or directory
checking whether InetNtopA is declared... .././test-suite/../configure: line 2663: conftest.cpp: No such file or directory
.././test-suite/../configure: line 2187: conftest.err: No such file or directory
sed: can't read conftest.cpp: No such file or directory
no
.././test-suite/../configure: line 39195: confdefs.h: No such file or directory
checking whether InetPtonA is declared... .././test-suite/../configure: line 2663: conftest.cpp: No such file or directory
.././test-suite/../configure: line 2187: conftest.err: No such file or directory
sed: can't read conftest.cpp: No such file or directory
no
.././test-suite/../configure: line 39233: confdefs.h: No such file or directory
configure: Using epoll for the IO loop.
.././test-suite/../configure: line 39319: confdefs.h: No such file or directory
checking if setresuid is actually implemented... .././test-suite/../configure: line 39353: conftest.cpp: No such file or directory
sed: can't read conftest.cpp: No such file or directory
no
checking mswsock.h usability... .././test-suite/../configure: line 2325: conftest.cpp: No such file or directory
.././test-suite/../configure: line 2187: conftest.err: No such file or directory
sed: can't read conftest.cpp: No such file or directory
no
checking mswsock.h presence... .././test-suite/../configure: line 2342: conftest.cpp: No such file or directory
.././test-suite/../configure: line 2271: conftest.i: No such file or directory
sed: can't read conftest.cpp: No such file or directory
no
checking for mswsock.h... no
checking for constant CMSG_SPACE... .././test-suite/../configure: line 39411: conftest.cpp: No such file or directory
.././test-suite/../configure: line 2187: conftest.err: No such file or directory
sed: can't read conftest.cpp: No such file or directory
no
checking for struct cmsghdr... .././test-suite/../configure: line 2754: conftest.cpp: No such file or directory
.././test-suite/../configure: line 2187: conftest.err: No such file or directory
sed: can't read conftest.cpp: No such file or directory
no
checking for struct iovec... .././test-suite/../configure: line 2754: conftest.cpp: No such file or directory
.././test-suite/../configure: line 2187: conftest.err: No such file or directory
sed: can't read conftest.cpp: No such file or directory
no
checking for struct msghdr... .././test-suite/../configure: line 2754: conftest.cpp: No such file or directory
.././test-suite/../configure: line 2187: conftest.err: No such file or directory
sed: can't read conftest.cpp: No such file or directory
no
checking for struct sockaddr_un... .././test-suite/../configure: line 2754: conftest.cpp: No such file or directory
.././test-suite/../configure: line 2187: conftest.err: No such file or directory
sed: can't read conftest.cpp: No such file or directory
no
checking if strnstr is well implemented... .././test-suite/../configure: line 39530: conftest.cpp: No such file or directory
sed: can't read conftest.cpp: No such file or directory
no
checking if va_copy is implemented... .././test-suite/../configure: line 39580: conftest.cpp: No such file or directory
sed: can't read conftest.cpp: No such file or directory
no
checking if __va_copy is implemented... .././test-suite/../configure: line 39627: conftest.cpp: No such file or directory
sed: can't read conftest.cpp: No such file or directory
no
configure: IPF-based transparent proxying enabled: no
.././test-suite/../configure: line 39841: confdefs.h: No such file or directory
.././test-suite/../configure: line 39869: confdefs.h: No such file or directory
.././test-suite/../configure: line 39883: confdefs.h: No such file or directory
.././test-suite/../configure: line 39911: confdefs.h: No such file or directory
configure: Support for Netfilter-based interception proxy requested: yes
configure: WARNING: Missing needed capabilities (libcap 2.09+) for TPROXY
configure: WARNING: Linux Transparent Proxy (version 4+) support WILL NOT be enabled
configure: WARNING: Reduced support to NAT Interception Proxy
configure: Linux Netfilter Conntrack support enabled: no 
.././test-suite/../configure: line 39963: confdefs.h: No such file or directory
configure: ZPH QOS enabled: yes
configure: QOS netfilter mark preservation enabled: no
.././test-suite/../configure: line 39982: confdefs.h: No such file or directory
checking for regexec in -lregex... .././test-suite/../configure: line 39998: conftest.cpp: No such file or directory
.././test-suite/../configure: line 2225: conftest.err: No such file or directory
sed: can't read conftest.cpp: No such file or directory
no
checking if the system-supplied regex lib actually works... .././test-suite/../configure: line 40065: conftest.cpp: No such file or directory
.././test-suite/../configure: line 2187: conftest.err: No such file or directory
sed: can't read conftest.cpp: No such file or directory
no
checking if GNUregex needs to be compiled... yes
.././test-suite/../configure: line 40121: confdefs.h: No such file or directory
checking Default UDP send buffer size... .././test-suite/../configure: line 40135: conftest.cpp: No such file or directory
sed: can't read conftest.cpp: No such file or directory
16384
.././test-suite/../configure: line 40189: confdefs.h: No such file or directory
checking Default UDP receive buffer size... .././test-suite/../configure: line 40200: conftest.cpp: No such file or directory
sed: can't read conftest.cpp: No such file or directory
16384
.././test-suite/../configure: line 40254: confdefs.h: No such file or directory
checking Default TCP send buffer size... .././test-suite/../configure: line 40265: conftest.cpp: No such file or directory
sed: can't read conftest.cpp: No such file or directory
16384
.././test-suite/../configure: line 40324: confdefs.h: No such file or directory
checking Default TCP receive buffer size... .././test-suite/../configure: line 40335: conftest.cpp: No such file or directory
sed: can't read conftest.cpp: No such file or directory
16384
.././test-suite/../configure: line 40394: confdefs.h: No such file or directory
checking whether recv takes a pointer to void or char as second argument... .././test-suite/../configure: line 40407: conftest.cpp: No such file or directory
.././test-suite/../configure: line 2187: conftest.err: No such file or directory
sed: can't read conftest.cpp: No such file or directory
char*
char
.././test-suite/../configure: line 40445: confdefs.h: No such file or directory
checking if sys_errlist is already defined... .././test-suite/../configure: line 40456: conftest.cpp: No such file or directory
.././test-suite/../configure: line 2187: conftest.err: No such file or directory
sed: can't read conftest.cpp: No such file or directory
yes
.././test-suite/../configure: line 40485: confdefs.h: No such file or directory
checking for system-provided MAXPATHLEN... .././test-suite/../configure: line 40495: conftest.cpp: No such file or directory
.././test-suite/../configure: line 2225: conftest.err: No such file or directory
sed: can't read conftest.cpp: No such file or directory
no
.././test-suite/../configure: line 40518: confdefs.h: No such file or directory
checking for libresolv _dns_ttl_ hack... .././test-suite/../configure: line 40532: conftest.cpp: No such file or directory
.././test-suite/../configure: line 2225: conftest.err: No such file or directory
sed: can't read conftest.cpp: No such file or directory
no
.././test-suite/../configure: line 40561: confdefs.h: No such file or directory
checking for _res_ext.nsaddr_list... .././test-suite/../configure: line 40574: conftest.cpp: No such file or directory
.././test-suite/../configure: line 2187: conftest.err: No such file or directory
sed: can't read conftest.cpp: No such file or directory
no
checking for _res._u._ext.nsaddrs... .././test-suite/../configure: line 40627: conftest.cpp: No such file or directory
.././test-suite/../configure: line 2187: conftest.err: No such file or directory
sed: can't read conftest.cpp: No such file or directory
no
checking for _res.nsaddr_list... .././test-suite/../configure: line 40679: conftest.cpp: No such file or directory
.././test-suite/../configure: line 2187: conftest.err: No such file or directory
sed: can't read conftest.cpp: No such file or directory
no
checking for _res.ns_list... .././test-suite/../configure: line 40731: conftest.cpp: No such file or directory
.././test-suite/../configure: line 2187: conftest.err: No such file or directory
sed: can't read conftest.cpp: No such file or directory
no
checking sys/statvfs.h usability... .././test-suite/../configure: line 2325: conftest.cpp: No such file or directory
.././test-suite/../configure: line 2187: conftest.err: No such file or directory
sed: can't read conftest.cpp: No such file or directory
no
checking sys/statvfs.h presence... .././test-suite/../configure: line 2342: conftest.cpp: No such file or directory
.././test-suite/../configure: line 2271: conftest.i: No such file or directory
sed: can't read conftest.cpp: No such file or directory
no
checking for sys/statvfs.h... no
checking for sys/param.h... (cached) yes
.././test-suite/../configure: line 40851: confdefs.h: No such file or directory
checking for sys/mount.h... (cached) yes
.././test-suite/../configure: line 40851: confdefs.h: No such file or directory
checking for sys/vfs.h... (cached) yes
.././test-suite/../configure: line 40851: confdefs.h: No such file or directory
checking sys/statfs.h usability... .././test-suite/../configure: line 2325: conftest.cpp: No such file or directory
.././test-suite/../configure: line 2187: conftest.err: No such file or directory
sed: can't read conftest.cpp: No such file or directory
no
checking sys/statfs.h presence... .././test-suite/../configure: line 2342: conftest.cpp: No such file or directory
.././test-suite/../configure: line 2271: conftest.i: No such file or directory
sed: can't read conftest.cpp: No such file or directory
no
checking for sys/statfs.h... no
checking for statfs... .././test-suite/../configure: line 2806: conftest.cpp: No such file or directory
.././test-suite/../configure: line 2225: conftest.err: No such file or directory
sed: can't read conftest.cpp: No such file or directory
no
checking for f_frsize field in struct statfs... .././test-suite/../configure: line 40877: conftest.cpp: No such file or directory
.././test-suite/../configure: line 2187: conftest.err: No such file or directory
sed: can't read conftest.cpp: No such file or directory
no
.././test-suite/../configure: line 40917: confdefs.h: No such file or directory
configure: Multi-Language support enabled: yes
.././test-suite/../configure: line 41150: confdefs.h: No such file or directory
configure: BUILD LIBRARIES: 
configure: BUILD EXTRA LIBRARIES: -lrt -ldl -ldl
configure: BUILD OBJECTS: 
configure: BUILD EXTRA OBJECTS: 
configure: BUILD C FLAGS: -g -O2
configure: BUILD EXTRA C FLAGS:  -Werror -Qunused-arguments  -D_REENTRANT
configure: BUILD C++ FLAGS: -g -O2 -std=c++11
configure: BUILD EXTRA C++ FLAGS:  -Werror -Qunused-arguments -Wno-deprecated-register  -D_REENTRANT
configure: BUILD Tools C++ FLAGS:  -g -O2 -std=c++11
.././test-suite/../configure: line 41218: confcache: No such file or directory
.././test-suite/../configure: line 41279: confcache: No such file or directory
sort: write failed: standard output: Broken pipe
sort: write error
configure: updating cache /tmp/config.cache.54
mv: cannot stat 'confcache': No such file or directory
checking that generated files are newer than configure... done
configure: creating ./config.status
.././test-suite/../configure: line 41569: ./config.status: No such file or directory
.././test-suite/../configure: line 41583: ./config.status: No such file or directory
.././test-suite/../configure: line 41953: ./config.status: No such file or directory
.././test-suite/../configure: line 41981: ./config.status: No such file or directory
.././test-suite/../configure: line 41989: ./config.status: No such file or directory
.././test-suite/../configure: line 42021: ./config.status: No such file or directory
.././test-suite/../configure: line 42040: ./config.status: No such file or directory
.././test-suite/../configure: line 42117: ./config.status: No such file or directory
.././test-suite/../configure: line 42128: ./config.status: No such file or directory
.././test-suite/../configure: line 42139: ./config.status: No such file or directory
.././test-suite/../configure: line 42522: ./config.status: No such file or directory
.././test-suite/../configure: line 42718: conf1404subs.sh: No such file or directory
configure: error: could not make ./config.status
buildtest.sh result is 1
grep: btlayer-00-default.log: No such file or directory
grep: btlayer-00-default.log: No such file or directory
grep: btlayer-00-default.log: No such file or directory
Build FAILED.
Build step 'Execute shell' marked build as failure
[description-setter] Description set: 
</PRE>


















<!--endarticle-->
    <HR>
    <P><UL>
        <!--threads-->
	<LI>Previous message: <A HREF="006859.html">[squid-dev] Jenkins build is back to normal : trunk-matrix » gcc,d-fedora-21 #764
</A></li>
	<LI>Next message: <A HREF="006858.html">[squid-dev] Jenkins build is back to normal : trunk-matrix » clang,d-debian-jessie #764
</A></li>
         <LI> <B>Messages sorted by:</B> 
              <a href="date.html#6835">[ date ]</a>
              <a href="thread.html#6835">[ thread ]</a>
              <a href="subject.html#6835">[ subject ]</a>
              <a href="author.html#6835">[ author ]</a>
         </LI>
       </UL>

<hr>
<a href="http://lists.squid-cache.org/listinfo/squid-dev">More information about the squid-dev
mailing list</a><br>
</body></html>
