<!DOCTYPE HTML PUBLIC "-//W3C//DTD HTML 4.01 Transitional//EN">
<HTML>
 <HEAD>
   <TITLE> [squid-dev] Build failed in Jenkins: trunk-matrix » gcc,d-debian-wheezy #726
   </TITLE>
   <LINK REL="Index" HREF="index.html" >
   <LINK REL="made" HREF="mailto:squid-dev%40lists.squid-cache.org?Subject=Re%3A%20%5Bsquid-dev%5D%20%3D%3Futf-8%3Fq%3FBuild_failed_in_Jenkins%3D3A_trunk-matrix_%3F%3D%0A%20%3D%3Futf-8%3Fq%3F%3DC2%3DBB_gcc%3D2Cd-debian-wheezy_%3D23726%3F%3D&In-Reply-To=%3C31350270.76.1470819574654.JavaMail.jenkins%40buildmaster%3E">
   <META NAME="robots" CONTENT="index,nofollow">
   <style type="text/css">
       pre {
           white-space: pre-wrap;       /* css-2.1, curent FF, Opera, Safari */
           }
   </style>
   <META http-equiv="Content-Type" content="text/html; charset=utf-8">
   <LINK REL="Previous"  HREF="006585.html">
   <LINK REL="Next"  HREF="006584.html">
 </HEAD>
 <BODY BGCOLOR="#ffffff">
   <H1>[squid-dev] Build failed in Jenkins: trunk-matrix » gcc,d-debian-wheezy #726</H1>
    <B>noc at squid-cache.org</B> 
    <A HREF="mailto:squid-dev%40lists.squid-cache.org?Subject=Re%3A%20%5Bsquid-dev%5D%20%3D%3Futf-8%3Fq%3FBuild_failed_in_Jenkins%3D3A_trunk-matrix_%3F%3D%0A%20%3D%3Futf-8%3Fq%3F%3DC2%3DBB_gcc%3D2Cd-debian-wheezy_%3D23726%3F%3D&In-Reply-To=%3C31350270.76.1470819574654.JavaMail.jenkins%40buildmaster%3E"
       TITLE="[squid-dev] Build failed in Jenkins: trunk-matrix » gcc,d-debian-wheezy #726">noc at squid-cache.org
       </A><BR>
    <I>Wed Aug 10 08:59:34 UTC 2016</I>
    <P><UL>
        <LI>Previous message: <A HREF="006585.html">[squid-dev] Jenkins build is back to normal : trunk-matrix » gcc,d-debian-unstable #727
</A></li>
        <LI>Next message: <A HREF="006584.html">[squid-dev] Jenkins build is back to normal : trunk-matrix » gcc,d-debian-wheezy #727
</A></li>
         <LI> <B>Messages sorted by:</B> 
              <a href="date.html#6577">[ date ]</a>
              <a href="thread.html#6577">[ thread ]</a>
              <a href="subject.html#6577">[ subject ]</a>
              <a href="author.html#6577">[ author ]</a>
         </LI>
       </UL>
    <HR>  
<!--beginarticle-->
<PRE>See &lt;<A HREF="http://build.squid-cache.org/job/trunk-matrix/compiler=gcc,label=d-debian-wheezy/726/">http://build.squid-cache.org/job/trunk-matrix/compiler=gcc,label=d-debian-wheezy/726/</A>&gt;

------------------------------------------
[...truncated 3076 lines...]
sed: can't read conftest.cpp: No such file or directory
no
checking for syslog... ../configure: line 2796: conftest.cpp: No such file or directory
../configure: line 2215: conftest.err: No such file or directory
sed: can't read conftest.cpp: No such file or directory
no
checking for timegm... ../configure: line 2796: conftest.cpp: No such file or directory
../configure: line 2215: conftest.err: No such file or directory
sed: can't read conftest.cpp: No such file or directory
no
checking for vsnprintf... ../configure: line 2796: conftest.cpp: No such file or directory
../configure: line 2215: conftest.err: No such file or directory
sed: can't read conftest.cpp: No such file or directory
no
checking for initgroups... ../configure: line 2796: conftest.cpp: No such file or directory
../configure: line 2215: conftest.err: No such file or directory
sed: can't read conftest.cpp: No such file or directory
no
checking for psignal... ../configure: line 2796: conftest.cpp: No such file or directory
../configure: line 2215: conftest.err: No such file or directory
sed: can't read conftest.cpp: No such file or directory
no
checking for strerror... ../configure: line 2796: conftest.cpp: No such file or directory
../configure: line 2215: conftest.err: No such file or directory
sed: can't read conftest.cpp: No such file or directory
no
checking for strtoll... ../configure: line 2796: conftest.cpp: No such file or directory
../configure: line 2215: conftest.err: No such file or directory
sed: can't read conftest.cpp: No such file or directory
no
checking for tempnam... ../configure: line 2796: conftest.cpp: No such file or directory
../configure: line 2215: conftest.err: No such file or directory
sed: can't read conftest.cpp: No such file or directory
no
checking whether getaddrinfo is declared... ../configure: line 2653: conftest.cpp: No such file or directory
../configure: line 2177: conftest.err: No such file or directory
sed: can't read conftest.cpp: No such file or directory
no
../configure: line 38949: confdefs.h: No such file or directory
checking whether getnameinfo is declared... ../configure: line 2653: conftest.cpp: No such file or directory
../configure: line 2177: conftest.err: No such file or directory
sed: can't read conftest.cpp: No such file or directory
no
../configure: line 38987: confdefs.h: No such file or directory
checking whether inet_ntop is declared... ../configure: line 2653: conftest.cpp: No such file or directory
../configure: line 2177: conftest.err: No such file or directory
sed: can't read conftest.cpp: No such file or directory
no
../configure: line 39025: confdefs.h: No such file or directory
checking whether inet_pton is declared... ../configure: line 2653: conftest.cpp: No such file or directory
../configure: line 2177: conftest.err: No such file or directory
sed: can't read conftest.cpp: No such file or directory
no
../configure: line 39063: confdefs.h: No such file or directory
checking whether InetNtopA is declared... ../configure: line 2653: conftest.cpp: No such file or directory
../configure: line 2177: conftest.err: No such file or directory
sed: can't read conftest.cpp: No such file or directory
no
../configure: line 39101: confdefs.h: No such file or directory
checking whether InetPtonA is declared... ../configure: line 2653: conftest.cpp: No such file or directory
../configure: line 2177: conftest.err: No such file or directory
sed: can't read conftest.cpp: No such file or directory
no
../configure: line 39139: confdefs.h: No such file or directory
configure: Using epoll for the IO loop.
../configure: line 39225: confdefs.h: No such file or directory
checking if setresuid is actually implemented... ../configure: line 39259: conftest.cpp: No such file or directory
sed: can't read conftest.cpp: No such file or directory
no
checking mswsock.h usability... ../configure: line 2315: conftest.cpp: No such file or directory
../configure: line 2177: conftest.err: No such file or directory
sed: can't read conftest.cpp: No such file or directory
no
checking mswsock.h presence... ../configure: line 2332: conftest.cpp: No such file or directory
../configure: line 2261: conftest.i: No such file or directory
sed: can't read conftest.cpp: No such file or directory
no
checking for mswsock.h... no
checking for constant CMSG_SPACE... ../configure: line 39317: conftest.cpp: No such file or directory
../configure: line 2177: conftest.err: No such file or directory
sed: can't read conftest.cpp: No such file or directory
no
checking for struct cmsghdr... ../configure: line 2744: conftest.cpp: No such file or directory
../configure: line 2177: conftest.err: No such file or directory
sed: can't read conftest.cpp: No such file or directory
no
checking for struct iovec... ../configure: line 2744: conftest.cpp: No such file or directory
../configure: line 2177: conftest.err: No such file or directory
sed: can't read conftest.cpp: No such file or directory
no
checking for struct msghdr... ../configure: line 2744: conftest.cpp: No such file or directory
../configure: line 2177: conftest.err: No such file or directory
sed: can't read conftest.cpp: No such file or directory
no
checking for struct sockaddr_un... ../configure: line 2744: conftest.cpp: No such file or directory
../configure: line 2177: conftest.err: No such file or directory
sed: can't read conftest.cpp: No such file or directory
no
checking if strnstr is well implemented... ../configure: line 39436: conftest.cpp: No such file or directory
sed: can't read conftest.cpp: No such file or directory
no
checking if va_copy is implemented... ../configure: line 39486: conftest.cpp: No such file or directory
sed: can't read conftest.cpp: No such file or directory
no
checking if __va_copy is implemented... ../configure: line 39533: conftest.cpp: No such file or directory
sed: can't read conftest.cpp: No such file or directory
no
configure: IPF-based transparent proxying enabled: no
../configure: line 39747: confdefs.h: No such file or directory
../configure: line 39775: confdefs.h: No such file or directory
../configure: line 39789: confdefs.h: No such file or directory
../configure: line 39817: confdefs.h: No such file or directory
configure: Support for Netfilter-based interception proxy requested: yes
configure: Linux Netfilter Conntrack support enabled: no 
../configure: line 39869: confdefs.h: No such file or directory
configure: ZPH QOS enabled: yes
configure: QOS netfilter mark preservation enabled: no
../configure: line 39888: confdefs.h: No such file or directory
checking for regexec in -lregex... ../configure: line 39904: conftest.cpp: No such file or directory
../configure: line 2215: conftest.err: No such file or directory
sed: can't read conftest.cpp: No such file or directory
no
checking if the system-supplied regex lib actually works... ../configure: line 39971: conftest.cpp: No such file or directory
../configure: line 2177: conftest.err: No such file or directory
sed: can't read conftest.cpp: No such file or directory
no
checking if GNUregex needs to be compiled... yes
../configure: line 40027: confdefs.h: No such file or directory
checking Default UDP send buffer size... ../configure: line 40041: conftest.cpp: No such file or directory
sed: can't read conftest.cpp: No such file or directory
16384
../configure: line 40095: confdefs.h: No such file or directory
checking Default UDP receive buffer size... ../configure: line 40106: conftest.cpp: No such file or directory
sed: can't read conftest.cpp: No such file or directory
16384
../configure: line 40160: confdefs.h: No such file or directory
checking Default TCP send buffer size... ../configure: line 40171: conftest.cpp: No such file or directory
sed: can't read conftest.cpp: No such file or directory
16384
../configure: line 40230: confdefs.h: No such file or directory
checking Default TCP receive buffer size... ../configure: line 40241: conftest.cpp: No such file or directory
sed: can't read conftest.cpp: No such file or directory
16384
../configure: line 40300: confdefs.h: No such file or directory
checking whether recv takes a pointer to void or char as second argument... ../configure: line 40313: conftest.cpp: No such file or directory
../configure: line 2177: conftest.err: No such file or directory
sed: can't read conftest.cpp: No such file or directory
char*
char
../configure: line 40351: confdefs.h: No such file or directory
checking if sys_errlist is already defined... ../configure: line 40362: conftest.cpp: No such file or directory
../configure: line 2177: conftest.err: No such file or directory
sed: can't read conftest.cpp: No such file or directory
yes
../configure: line 40391: confdefs.h: No such file or directory
checking for system-provided MAXPATHLEN... ../configure: line 40401: conftest.cpp: No such file or directory
../configure: line 2215: conftest.err: No such file or directory
sed: can't read conftest.cpp: No such file or directory
no
../configure: line 40424: confdefs.h: No such file or directory
checking for libresolv _dns_ttl_ hack... ../configure: line 40438: conftest.cpp: No such file or directory
../configure: line 2215: conftest.err: No such file or directory
sed: can't read conftest.cpp: No such file or directory
no
../configure: line 40467: confdefs.h: No such file or directory
checking for _res_ext.nsaddr_list... ../configure: line 40480: conftest.cpp: No such file or directory
../configure: line 2177: conftest.err: No such file or directory
sed: can't read conftest.cpp: No such file or directory
no
checking for _res._u._ext.nsaddrs... ../configure: line 40533: conftest.cpp: No such file or directory
../configure: line 2177: conftest.err: No such file or directory
sed: can't read conftest.cpp: No such file or directory
no
checking for _res.nsaddr_list... ../configure: line 40585: conftest.cpp: No such file or directory
../configure: line 2177: conftest.err: No such file or directory
sed: can't read conftest.cpp: No such file or directory
no
checking for _res.ns_list... ../configure: line 40637: conftest.cpp: No such file or directory
../configure: line 2177: conftest.err: No such file or directory
sed: can't read conftest.cpp: No such file or directory
no
checking sys/statvfs.h usability... ../configure: line 2315: conftest.cpp: No such file or directory
../configure: line 2177: conftest.err: No such file or directory
sed: can't read conftest.cpp: No such file or directory
no
checking sys/statvfs.h presence... ../configure: line 2332: conftest.cpp: No such file or directory
../configure: line 2261: conftest.i: No such file or directory
sed: can't read conftest.cpp: No such file or directory
no
checking for sys/statvfs.h... no
checking for sys/param.h... (cached) yes
../configure: line 40757: confdefs.h: No such file or directory
checking for sys/mount.h... (cached) yes
../configure: line 40757: confdefs.h: No such file or directory
checking for sys/vfs.h... (cached) yes
../configure: line 40757: confdefs.h: No such file or directory
checking sys/statfs.h usability... ../configure: line 2315: conftest.cpp: No such file or directory
../configure: line 2177: conftest.err: No such file or directory
sed: can't read conftest.cpp: No such file or directory
no
checking sys/statfs.h presence... ../configure: line 2332: conftest.cpp: No such file or directory
../configure: line 2261: conftest.i: No such file or directory
sed: can't read conftest.cpp: No such file or directory
no
checking for sys/statfs.h... no
checking for statfs... ../configure: line 2796: conftest.cpp: No such file or directory
../configure: line 2215: conftest.err: No such file or directory
sed: can't read conftest.cpp: No such file or directory
no
checking for f_frsize field in struct statfs... ../configure: line 40783: conftest.cpp: No such file or directory
../configure: line 2177: conftest.err: No such file or directory
sed: can't read conftest.cpp: No such file or directory
no
../configure: line 40823: confdefs.h: No such file or directory
configure: Multi-Language support enabled: yes
../configure: line 41056: confdefs.h: No such file or directory
configure: BUILD LIBRARIES: 
configure: BUILD EXTRA LIBRARIES: -lm -lnsl -lresolv -lcap -lrt -ldl -ldl
configure: BUILD OBJECTS: 
configure: BUILD EXTRA OBJECTS: 
configure: BUILD C FLAGS: -Wall -g -O2
configure: BUILD EXTRA C FLAGS: -Wall -Wpointer-arith -Wwrite-strings -Wmissing-prototypes -Wmissing-declarations -Wcomments -Wshadow -Werror -pipe -D_REENTRANT
configure: BUILD C++ FLAGS: -g -O2 -std=c++11
configure: BUILD EXTRA C++ FLAGS: -Wall -Wpointer-arith -Wwrite-strings -Wcomments -Wshadow -Woverloaded-virtual -Werror -Wno-deprecated-register -pipe -D_REENTRANT
configure: BUILD Tools C++ FLAGS:  -g -O2 -std=c++11
../configure: line 41124: confcache: No such file or directory
../configure: line 41185: confcache: No such file or directory
configure: creating ./config.status
../configure: line 41467: ./config.status: No such file or directory
../configure: line 41481: ./config.status: No such file or directory
../configure: line 41851: ./config.status: No such file or directory
../configure: line 41879: ./config.status: No such file or directory
../configure: line 41887: ./config.status: No such file or directory
../configure: line 41919: ./config.status: No such file or directory
../configure: line 41938: ./config.status: No such file or directory
../configure: line 42015: ./config.status: No such file or directory
../configure: line 42026: ./config.status: No such file or directory
../configure: line 42037: ./config.status: No such file or directory
../configure: line 42420: ./config.status: No such file or directory
../configure: line 42616: conf23731subs.sh: No such file or directory
configure: error: could not make ./config.status
make: *** [distcheck] Error 1
buildtest.sh result is 2
grep: btlayer-00-default.log: No such file or directory
grep: btlayer-00-default.log: No such file or directory
grep: btlayer-00-default.log: No such file or directory
Build FAILED.
Build step 'Execute shell' marked build as failure
[description-setter] Description set: 
</PRE>












<!--endarticle-->
    <HR>
    <P><UL>
        <!--threads-->
	<LI>Previous message: <A HREF="006585.html">[squid-dev] Jenkins build is back to normal : trunk-matrix » gcc,d-debian-unstable #727
</A></li>
	<LI>Next message: <A HREF="006584.html">[squid-dev] Jenkins build is back to normal : trunk-matrix » gcc,d-debian-wheezy #727
</A></li>
         <LI> <B>Messages sorted by:</B> 
              <a href="date.html#6577">[ date ]</a>
              <a href="thread.html#6577">[ thread ]</a>
              <a href="subject.html#6577">[ subject ]</a>
              <a href="author.html#6577">[ author ]</a>
         </LI>
       </UL>

<hr>
<a href="http://lists.squid-cache.org/listinfo/squid-dev">More information about the squid-dev
mailing list</a><br>
</body></html>
