<!DOCTYPE HTML PUBLIC "-//W3C//DTD HTML 4.01 Transitional//EN">
<HTML>
 <HEAD>
   <TITLE> [squid-dev] Build failed in Jenkins: trunk-matrix » clang,d-fedora-22 #786
   </TITLE>
   <LINK REL="Index" HREF="index.html" >
   <LINK REL="made" HREF="mailto:squid-dev%40lists.squid-cache.org?Subject=Re%3A%20%5Bsquid-dev%5D%20%3D%3Futf-8%3Fq%3FBuild_failed_in_Jenkins%3D3A_trunk-matrix_%3F%3D%0A%20%3D%3Futf-8%3Fq%3F%3DC2%3DBB_clang%3D2Cd-fedora-22_%3D23786%3F%3D&In-Reply-To=%3C342576417.172.1475594908942.JavaMail.jenkins%40buildmaster%3E">
   <META NAME="robots" CONTENT="index,nofollow">
   <style type="text/css">
       pre {
           white-space: pre-wrap;       /* css-2.1, curent FF, Opera, Safari */
           }
   </style>
   <META http-equiv="Content-Type" content="text/html; charset=utf-8">
   <LINK REL="Previous"  HREF="007011.html">
   <LINK REL="Next"  HREF="006969.html">
 </HEAD>
 <BODY BGCOLOR="#ffffff">
   <H1>[squid-dev] Build failed in Jenkins: trunk-matrix » clang,d-fedora-22 #786</H1>
    <B>noc at squid-cache.org</B> 
    <A HREF="mailto:squid-dev%40lists.squid-cache.org?Subject=Re%3A%20%5Bsquid-dev%5D%20%3D%3Futf-8%3Fq%3FBuild_failed_in_Jenkins%3D3A_trunk-matrix_%3F%3D%0A%20%3D%3Futf-8%3Fq%3F%3DC2%3DBB_clang%3D2Cd-fedora-22_%3D23786%3F%3D&In-Reply-To=%3C342576417.172.1475594908942.JavaMail.jenkins%40buildmaster%3E"
       TITLE="[squid-dev] Build failed in Jenkins: trunk-matrix » clang,d-fedora-22 #786">noc at squid-cache.org
       </A><BR>
    <I>Tue Oct  4 15:28:28 UTC 2016</I>
    <P><UL>
        <LI>Previous message: <A HREF="007011.html">[squid-dev] Jenkins build is back to normal : trunk-matrix » gcc,d-opensuse-13.2 #788
</A></li>
        <LI>Next message: <A HREF="006969.html">[squid-dev] Build failed in Jenkins: trunk-matrix » clang,d-fedora-22 #787
</A></li>
         <LI> <B>Messages sorted by:</B> 
              <a href="date.html#6938">[ date ]</a>
              <a href="thread.html#6938">[ thread ]</a>
              <a href="subject.html#6938">[ subject ]</a>
              <a href="author.html#6938">[ author ]</a>
         </LI>
       </UL>
    <HR>  
<!--beginarticle-->
<PRE>See &lt;<A HREF="http://build.squid-cache.org/job/trunk-matrix/compiler=clang,label=d-fedora-22/786/">http://build.squid-cache.org/job/trunk-matrix/compiler=clang,label=d-fedora-22/786/</A>&gt;

------------------------------------------
[...truncated 10483 lines...]
Testing ../../../src/StrList.h ...Ok.
Testing ../../../src/DiskIO/DiskFile.h ...Ok.
Testing ../../../src/DiskIO/ReadRequest.h ...Ok.
Testing ../../../src/DiskIO/DiskIOModule.h ...Ok.
Testing ../../../src/DiskIO/DiskIOStrategy.h ...Ok.
Testing ../../../src/DiskIO/WriteRequest.h ...Ok.
Testing ../../../src/DiskIO/IORequestor.h ...Ok.
Testing ../../../src/DiskIO/Blocking/BlockingIOStrategy.h ...Ok.
Testing ../../../src/DiskIO/Blocking/BlockingFile.h ...Ok.
Testing ../../../src/DiskIO/Blocking/BlockingDiskIOModule.h ...Ok.
Testing ../../../src/DiskIO/Mmapped/MmappedFile.h ...Ok.
Testing ../../../src/DiskIO/Mmapped/MmappedDiskIOModule.h ...Ok.
Testing ../../../src/DiskIO/Mmapped/MmappedIOStrategy.h ...Ok.
Testing ../../../src/DiskIO/AIO/AIODiskFile.h ...Ok.
Testing ../../../src/DiskIO/AIO/async_io.h ...Ok.
Testing ../../../src/DiskIO/AIO/aio_win32.h ...Ok.
Testing ../../../src/DiskIO/AIO/AIODiskIOModule.h ...Ok.
Testing ../../../src/DiskIO/AIO/AIODiskIOStrategy.h ...Ok.
Testing ../../../src/DiskIO/DiskThreads/DiskThreadsDiskFile.h ...Ok.
Testing ../../../src/DiskIO/DiskThreads/CommIO.h ...Ok.
Testing ../../../src/DiskIO/DiskThreads/DiskThreads.h ...Ok.
Testing ../../../src/DiskIO/DiskThreads/DiskThreadsIOStrategy.h ...Ok.
Testing ../../../src/DiskIO/DiskThreads/DiskThreadsDiskIOModule.h ...Ok.
Testing ../../../src/DiskIO/IpcIo/IpcIoFile.h ...Ok.
Testing ../../../src/DiskIO/IpcIo/IpcIoDiskIOModule.h ...Ok.
Testing ../../../src/DiskIO/IpcIo/IpcIoIOStrategy.h ...Ok.
Testing ../../../src/DiskIO/DiskDaemon/DiskdFile.h ...Ok.
Testing ../../../src/DiskIO/DiskDaemon/diomsg.h ...Ok.
Testing ../../../src/DiskIO/DiskDaemon/DiskdIOStrategy.h ...Ok.
Testing ../../../src/DiskIO/DiskDaemon/DiskdAction.h ...Ok.
Testing ../../../src/DiskIO/DiskDaemon/DiskDaemonDiskIOModule.h ...Ok.
PASS: testHeaders
============================================================================
Testsuite summary for Squid Web Proxy 4.0.14-BZR
============================================================================
# TOTAL: 29
# PASS:  28
# SKIP:  0
# XFAIL: 0
# FAIL:  1
# XPASS: 0
# ERROR: 0
============================================================================
See src/test-suite.log
Please report to <A HREF="http://bugs.squid-cache.org/">http://bugs.squid-cache.org/</A>
============================================================================
Makefile:7028: recipe for target 'test-suite.log' failed
make[6]: *** [test-suite.log] Error 1
make[6]: Leaving directory '&lt;<A HREF="http://build.squid-cache.org/job/trunk-matrix/compiler=clang,label=d-fedora-22/ws/btlayer-00-default/squid-4.0.14-BZR/_build/sub/src">http://build.squid-cache.org/job/trunk-matrix/compiler=clang,label=d-fedora-22/ws/btlayer-00-default/squid-4.0.14-BZR/_build/sub/src</A>'&gt;
Makefile:7134: recipe for target 'check-TESTS' failed
make[5]: *** [check-TESTS] Error 2
make[5]: Leaving directory '&lt;<A HREF="http://build.squid-cache.org/job/trunk-matrix/compiler=clang,label=d-fedora-22/ws/btlayer-00-default/squid-4.0.14-BZR/_build/sub/src">http://build.squid-cache.org/job/trunk-matrix/compiler=clang,label=d-fedora-22/ws/btlayer-00-default/squid-4.0.14-BZR/_build/sub/src</A>'&gt;
Makefile:7428: recipe for target 'check-am' failed
make[4]: *** [check-am] Error 2
make[4]: Leaving directory '&lt;<A HREF="http://build.squid-cache.org/job/trunk-matrix/compiler=clang,label=d-fedora-22/ws/btlayer-00-default/squid-4.0.14-BZR/_build/sub/src">http://build.squid-cache.org/job/trunk-matrix/compiler=clang,label=d-fedora-22/ws/btlayer-00-default/squid-4.0.14-BZR/_build/sub/src</A>'&gt;
Makefile:6921: recipe for target 'check-recursive' failed
make[3]: *** [check-recursive] Error 1
make[3]: Leaving directory '&lt;<A HREF="http://build.squid-cache.org/job/trunk-matrix/compiler=clang,label=d-fedora-22/ws/btlayer-00-default/squid-4.0.14-BZR/_build/sub/src">http://build.squid-cache.org/job/trunk-matrix/compiler=clang,label=d-fedora-22/ws/btlayer-00-default/squid-4.0.14-BZR/_build/sub/src</A>'&gt;
Makefile:7431: recipe for target 'check' failed
make[2]: *** [check] Error 2
make[2]: Leaving directory '&lt;<A HREF="http://build.squid-cache.org/job/trunk-matrix/compiler=clang,label=d-fedora-22/ws/btlayer-00-default/squid-4.0.14-BZR/_build/sub/src">http://build.squid-cache.org/job/trunk-matrix/compiler=clang,label=d-fedora-22/ws/btlayer-00-default/squid-4.0.14-BZR/_build/sub/src</A>'&gt;
Makefile:580: recipe for target 'check-recursive' failed
make[1]: *** [check-recursive] Error 1
make[1]: Leaving directory '&lt;<A HREF="http://build.squid-cache.org/job/trunk-matrix/compiler=clang,label=d-fedora-22/ws/btlayer-00-default/squid-4.0.14-BZR/_build/sub">http://build.squid-cache.org/job/trunk-matrix/compiler=clang,label=d-fedora-22/ws/btlayer-00-default/squid-4.0.14-BZR/_build/sub</A>'&gt;
Makefile:788: recipe for target 'distcheck' failed
make: *** [distcheck] Error 1
buildtest.sh result is 2
BUILD: .././test-suite/buildtests/layer-00-default.opts
configure: BUILD LIBRARIES: 
configure: BUILD EXTRA LIBRARIES: -lm -lnsl -lresolv -lcap -lrt -ldl -ldl
configure: BUILD OBJECTS: 
configure: BUILD EXTRA OBJECTS: 
configure: BUILD C FLAGS: -g -O2
configure: BUILD EXTRA C FLAGS:  -Werror -Qunused-arguments  -D_REENTRANT
configure: BUILD C++ FLAGS: -I/usr/include/p11-kit-1  -g -O2 -std=c++11
configure: BUILD EXTRA C++ FLAGS:  -Werror -Qunused-arguments -Wno-deprecated-register  -D_REENTRANT
configure: BUILD Tools C++ FLAGS:  -I/usr/include/p11-kit-1  -g -O2 -std=c++11
configure: BUILD LIBRARIES: 
configure: BUILD EXTRA LIBRARIES: -lm -lnsl -lresolv -lcap -lrt -ldl -ldl
configure: BUILD OBJECTS: 
configure: BUILD EXTRA OBJECTS: 
configure: BUILD C FLAGS: -g -O2
configure: BUILD EXTRA C FLAGS:  -Werror -Qunused-arguments  -D_REENTRANT
configure: BUILD C++ FLAGS: -I/usr/include/p11-kit-1  -g -O2 -std=c++11
configure: BUILD EXTRA C++ FLAGS:  -Werror -Qunused-arguments -Wno-deprecated-register  -D_REENTRANT
configure: BUILD Tools C++ FLAGS:  -I/usr/include/p11-kit-1  -g -O2 -std=c++11
# XFAIL: 0
# FAIL:  0
# XFAIL: 0
# FAIL:  0
# XFAIL: 0
# FAIL:  0
# XFAIL: 0
# FAIL:  0
# XFAIL: 0
# FAIL:  0
# XFAIL: 0
# FAIL:  0
# XFAIL: 0
# FAIL:  0
# XFAIL: 0
# FAIL:  0
# XFAIL: 0
# FAIL:  0
# XFAIL: 0
# FAIL:  0
# XFAIL: 0
# FAIL:  0
# XFAIL: 0
# FAIL:  0
# XFAIL: 0
# FAIL:  0
# XFAIL: 0
# FAIL:  0
# XFAIL: 0
# FAIL:  0
# XFAIL: 0
# FAIL:  0
# XFAIL: 0
# FAIL:  0
# XFAIL: 0
# FAIL:  0
# XFAIL: 0
# FAIL:  0
# XFAIL: 0
# FAIL:  0
# XFAIL: 0
# FAIL:  0
# XFAIL: 0
# FAIL:  0
# XFAIL: 0
# FAIL:  0
# XFAIL: 0
# FAIL:  0
# XFAIL: 0
# FAIL:  0
# XFAIL: 0
# FAIL:  0
# XFAIL: 0
# FAIL:  0
# XFAIL: 0
# FAIL:  0
# XFAIL: 0
# FAIL:  0
# XFAIL: 0
# FAIL:  0
# XFAIL: 0
# FAIL:  0
# XFAIL: 0
# FAIL:  0
# XFAIL: 0
# FAIL:  0
# XFAIL: 0
# FAIL:  0
# XFAIL: 0
# FAIL:  0
# XFAIL: 0
# FAIL:  0
# XFAIL: 0
# FAIL:  0
# XFAIL: 0
# FAIL:  0
# XFAIL: 0
# FAIL:  0
# XFAIL: 0
# FAIL:  0
# XFAIL: 0
# FAIL:  0
# XFAIL: 0
# FAIL:  0
# XFAIL: 0
# FAIL:  0
# XFAIL: 0
# FAIL:  0
# XFAIL: 0
# FAIL:  0
# XFAIL: 0
# FAIL:  0
# XFAIL: 0
# FAIL:  0
# XFAIL: 0
# FAIL:  0
# XFAIL: 0
# FAIL:  0
# XFAIL: 0
# FAIL:  0
# XFAIL: 0
# FAIL:  0
# XFAIL: 0
# FAIL:  0
# XFAIL: 0
# FAIL:  0
# XFAIL: 0
# FAIL:  0
# XFAIL: 0
# FAIL:  0
# XFAIL: 0
# FAIL:  0
# XFAIL: 0
# FAIL:  0
# XFAIL: 0
# FAIL:  0
# XFAIL: 0
# FAIL:  0
# XFAIL: 0
# FAIL:  0
# XFAIL: 0
# FAIL:  0
# XFAIL: 0
# FAIL:  0
# XFAIL: 0
# FAIL:  0
# XFAIL: 0
# FAIL:  0
# XFAIL: 0
# FAIL:  0
# XFAIL: 0
# FAIL:  0
# XFAIL: 0
# FAIL:  0
# XFAIL: 0
# FAIL:  0
# XFAIL: 0
# FAIL:  0
# XFAIL: 0
# FAIL:  0
# XFAIL: 0
# FAIL:  0
# XFAIL: 0
# FAIL:  0
# XFAIL: 0
# FAIL:  0
# XFAIL: 0
# FAIL:  0
# XFAIL: 0
# FAIL:  0
FAIL: tests/testHttp1Parser
# XFAIL: 0
# FAIL:  1
make[6]: *** [test-suite.log] Error 1
make[5]: *** [check-TESTS] Error 2
make[4]: *** [check-am] Error 2
make[3]: *** [check-recursive] Error 1
make[2]: *** [check] Error 2
make[1]: *** [check-recursive] Error 1
make: *** [distcheck] Error 1
Build FAILED.
Build step 'Execute shell' marked build as failure
[description-setter] Description set: 
</PRE>




































































<!--endarticle-->
    <HR>
    <P><UL>
        <!--threads-->
	<LI>Previous message: <A HREF="007011.html">[squid-dev] Jenkins build is back to normal : trunk-matrix » gcc,d-opensuse-13.2 #788
</A></li>
	<LI>Next message: <A HREF="006969.html">[squid-dev] Build failed in Jenkins: trunk-matrix » clang,d-fedora-22 #787
</A></li>
         <LI> <B>Messages sorted by:</B> 
              <a href="date.html#6938">[ date ]</a>
              <a href="thread.html#6938">[ thread ]</a>
              <a href="subject.html#6938">[ subject ]</a>
              <a href="author.html#6938">[ author ]</a>
         </LI>
       </UL>

<hr>
<a href="http://lists.squid-cache.org/listinfo/squid-dev">More information about the squid-dev
mailing list</a><br>
</body></html>
