<!DOCTYPE HTML PUBLIC "-//W3C//DTD HTML 4.01 Transitional//EN">
<HTML>
 <HEAD>
   <TITLE> [squid-dev] Build failed in Jenkins: trunk-matrix » gcc,d-debian-wheezy #787
   </TITLE>
   <LINK REL="Index" HREF="index.html" >
   <LINK REL="made" HREF="mailto:squid-dev%40lists.squid-cache.org?Subject=Re%3A%20%5Bsquid-dev%5D%20%3D%3Futf-8%3Fq%3FBuild_failed_in_Jenkins%3D3A_trunk-matrix_%3F%3D%0A%20%3D%3Futf-8%3Fq%3F%3DC2%3DBB_gcc%3D2Cd-debian-wheezy_%3D23787%3F%3D&In-Reply-To=%3C1648152555.195.1475605784284.JavaMail.jenkins%40buildmaster%3E">
   <META NAME="robots" CONTENT="index,nofollow">
   <style type="text/css">
       pre {
           white-space: pre-wrap;       /* css-2.1, curent FF, Opera, Safari */
           }
   </style>
   <META http-equiv="Content-Type" content="text/html; charset=utf-8">
   <LINK REL="Previous"  HREF="006955.html">
   <LINK REL="Next"  HREF="007024.html">
 </HEAD>
 <BODY BGCOLOR="#ffffff">
   <H1>[squid-dev] Build failed in Jenkins: trunk-matrix » gcc,d-debian-wheezy #787</H1>
    <B>noc at squid-cache.org</B> 
    <A HREF="mailto:squid-dev%40lists.squid-cache.org?Subject=Re%3A%20%5Bsquid-dev%5D%20%3D%3Futf-8%3Fq%3FBuild_failed_in_Jenkins%3D3A_trunk-matrix_%3F%3D%0A%20%3D%3Futf-8%3Fq%3F%3DC2%3DBB_gcc%3D2Cd-debian-wheezy_%3D23787%3F%3D&In-Reply-To=%3C1648152555.195.1475605784284.JavaMail.jenkins%40buildmaster%3E"
       TITLE="[squid-dev] Build failed in Jenkins: trunk-matrix » gcc,d-debian-wheezy #787">noc at squid-cache.org
       </A><BR>
    <I>Tue Oct  4 18:29:44 UTC 2016</I>
    <P><UL>
        <LI>Previous message: <A HREF="006955.html">[squid-dev] Build failed in Jenkins: trunk-matrix » gcc,d-debian-wheezy #786
</A></li>
        <LI>Next message: <A HREF="007024.html">[squid-dev] Jenkins build is back to normal : trunk-matrix » gcc,d-debian-wheezy #788
</A></li>
         <LI> <B>Messages sorted by:</B> 
              <a href="date.html#6961">[ date ]</a>
              <a href="thread.html#6961">[ thread ]</a>
              <a href="subject.html#6961">[ subject ]</a>
              <a href="author.html#6961">[ author ]</a>
         </LI>
       </UL>
    <HR>  
<!--beginarticle-->
<PRE>See &lt;<A HREF="http://build.squid-cache.org/job/trunk-matrix/compiler=gcc,label=d-debian-wheezy/787/">http://build.squid-cache.org/job/trunk-matrix/compiler=gcc,label=d-debian-wheezy/787/</A>&gt;

------------------------------------------
[...truncated 9378 lines...]
Test name: testHttp1Parser::testParseRequestLineProtocols
equality assertion failed
- Expected: 0
- Actual  : 1

Failures !!!
Run: 7   Failure total: 1   Failures: 1   Errors: 0
FAIL: tests/testHttp1Parser
SKIP: StatHist.cc enumInit (not implemented).
SKIP: StatHist.cc enumInit (not implemented).
SKIP: StatHist.cc enumInit (not implemented).
SKIP: StatHist.cc enumInit (not implemented).
SKIP: StatHist.cc enumInit (not implemented).
SKIP: StatHist.cc enumInit (not implemented).
SKIP: StatHist.cc enumInit (not implemented).
SKIP: StatHist.cc enumInit (not implemented).
SKIP: StatHist.cc enumInit (not implemented).
SKIP: StatHist.cc enumInit (not implemented).
SKIP: StatHist.cc enumInit (not implemented).
SKIP: StatHist.cc enumInit (not implemented).
SKIP: StatHist.cc enumInit (not implemented).
SKIP: StatHist.cc enumInit (not implemented).
SKIP: StatHist.cc enumInit (not implemented).
SKIP: StatHist.cc enumInit (not implemented).
SKIP: lmgr/libmgr.la ActionParams (not implemented).
.
OK (1)
PASS: tests/testHttpReply
.SKIP: mem/libmem.la Init (not implemented).
.SKIP: mem/libmem.la Init (not implemented).
.SKIP: mem/libmem.la Init (not implemented).
.........
OK (12)
PASS: tests/testHttpRequest
..
OK (2)
PASS: tests/testIcmp
...............stub time| Unable to convert '192.168.100.12' to the rDNS type requested.
..
OK (17)
PASS: tests/testIpAddress
......SKIP: HttpReply.cc HttpReply (not implemented).
.SKIP: HttpReply.cc HttpReply (not implemented).
.SKIP: tools.cc UsingSmp (not implemented).
.SKIP: HttpReply.cc HttpReply (not implemented).
.SKIP: HttpReply.cc HttpReply (not implemented).
.SKIP: tools.cc UsingSmp (not implemented).

OK (11)
PASS: tests/testStore
.SKIP: mem/libmem.la Init (not implemented).
.SKIP: mem/libmem.la Init (not implemented).
.SKIP: mem/libmem.la Init (not implemented).
.SKIP: mem/libmem.la Init (not implemented).

OK (4)
PASS: tests/testString
SKIP: StatHist.cc enumInit (not implemented).
SKIP: StatHist.cc enumInit (not implemented).
SKIP: StatHist.cc enumInit (not implemented).
SKIP: StatHist.cc enumInit (not implemented).
SKIP: StatHist.cc enumInit (not implemented).
SKIP: StatHist.cc enumInit (not implemented).
SKIP: StatHist.cc enumInit (not implemented).
SKIP: StatHist.cc enumInit (not implemented).
SKIP: StatHist.cc enumInit (not implemented).
SKIP: StatHist.cc enumInit (not implemented).
SKIP: StatHist.cc enumInit (not implemented).
SKIP: StatHist.cc enumInit (not implemented).
SKIP: StatHist.cc enumInit (not implemented).
SKIP: StatHist.cc enumInit (not implemented).
SKIP: StatHist.cc enumInit (not implemented).
SKIP: StatHist.cc enumInit (not implemented).
.SKIP: mem/libmem.la Init (not implemented).
.SKIP: mem/libmem.la Init (not implemented).
........
OK (10)
PASS: tests/testURL
..SKIP: mem/libmem.la Init (not implemented).
....................................................................................................................................................................................................................................................................................................
OK (34)
PASS: tests/testSBuf
..
OK (2)
PASS: tests/testSBufList
.
OK (1)
PASS: tests/testConfigParser
....
OK (4)
PASS: tests/testStatHist
.
OK (1)
PASS: tests/testLookupTable
.
OK (1)
PASS: tests/testYesNoNone
SKIP: StatHist.cc enumInit (not implemented).
SKIP: StatHist.cc enumInit (not implemented).
SKIP: StatHist.cc enumInit (not implemented).
SKIP: StatHist.cc enumInit (not implemented).
SKIP: StatHist.cc enumInit (not implemented).
SKIP: StatHist.cc enumInit (not implemented).
SKIP: StatHist.cc enumInit (not implemented).
SKIP: StatHist.cc enumInit (not implemented).
SKIP: StatHist.cc enumInit (not implemented).
SKIP: StatHist.cc enumInit (not implemented).
SKIP: StatHist.cc enumInit (not implemented).
SKIP: StatHist.cc enumInit (not implemented).
SKIP: StatHist.cc enumInit (not implemented).
SKIP: StatHist.cc enumInit (not implemented).
SKIP: StatHist.cc enumInit (not implemented).
SKIP: StatHist.cc enumInit (not implemented).
SKIP: lmgr/libmgr.la ActionParams (not implemented).
.SKIP: tools.cc UsingSmp (not implemented).
SKIP: tools.cc InDaemonMode (not implemented).
.SKIP: tools.cc UsingSmp (not implemented).
SKIP: tools.cc InDaemonMode (not implemented).
SKIP: tools.cc UsingSmp (not implemented).
SKIP: tools.cc InDaemonMode (not implemented).
SKIP: tools.cc UsingSmp (not implemented).
SKIP: tools.cc UsingSmp (not implemented).
SKIP: tools.cc InDaemonMode (not implemented).
SKIP: StatHist.cc count (not implemented).
SKIP: StatHist.cc count (not implemented).
SKIP: StatHist.cc count (not implemented).
SKIP: StatHist.cc count (not implemented).
SKIP: StatHist.cc count (not implemented).
SKIP: StatHist.cc count (not implemented).
SKIP: StatHist.cc count (not implemented).
SKIP: tools.cc InDaemonMode (not implemented).
SKIP: StatHist.cc count (not implemented).
SKIP: StatHist.cc count (not implemented).
SKIP: StatHist.cc count (not implemented).
SKIP: StatHist.cc count (not implemented).
SKIP: StatHist.cc count (not implemented).
SKIP: StatHist.cc count (not implemented).
SKIP: StatHist.cc count (not implemented).
SKIP: tools.cc InDaemonMode (not implemented).
SKIP: StatHist.cc count (not implemented).
SKIP: StatHist.cc count (not implemented).
SKIP: StatHist.cc count (not implemented).
SKIP: StatHist.cc count (not implemented).
SKIP: StatHist.cc count (not implemented).
SKIP: StatHist.cc count (not implemented).
SKIP: StatHist.cc count (not implemented).
SKIP: tools.cc InDaemonMode (not implemented).
SKIP: StatHist.cc count (not implemented).
SKIP: StatHist.cc count (not implemented).
SKIP: StatHist.cc count (not implemented).
SKIP: StatHist.cc count (not implemented).
SKIP: StatHist.cc count (not implemented).
SKIP: StatHist.cc count (not implemented).
SKIP: StatHist.cc count (not implemented).
SKIP: tools.cc InDaemonMode (not implemented).
SKIP: StatHist.cc count (not implemented).
SKIP: StatHist.cc count (not implemented).
SKIP: StatHist.cc count (not implemented).
SKIP: StatHist.cc count (not implemented).
SKIP: StatHist.cc count (not implemented).
SKIP: StatHist.cc count (not implemented).
SKIP: StatHist.cc count (not implemented).
SKIP: tools.cc InDaemonMode (not implemented).
SKIP: StatHist.cc count (not implemented).
SKIP: StatHist.cc count (not implemented).
SKIP: StatHist.cc count (not implemented).
SKIP: StatHist.cc count (not implemented).
SKIP: StatHist.cc count (not implemented).
SKIP: StatHist.cc count (not implemented).
SKIP: StatHist.cc count (not implemented).
SKIP: tools.cc InDaemonMode (not implemented).
SKIP: tools.cc InDaemonMode (not implemented).
SKIP: StatHist.cc count (not implemented).
SKIP: StatHist.cc count (not implemented).
SKIP: StatHist.cc count (not implemented).
SKIP: StatHist.cc count (not implemented).
SKIP: StatHist.cc count (not implemented).
SKIP: StatHist.cc count (not implemented).
SKIP: StatHist.cc count (not implemented).
SKIP: StatHist.cc count (not implemented).
SKIP: StatHist.cc count (not implemented).
SKIP: StatHist.cc count (not implemented).
SKIP: StatHist.cc count (not implemented).
SKIP: StatHist.cc count (not implemented).
SKIP: StatHist.cc count (not implemented).
SKIP: StatHist.cc count (not implemented).
SKIP: tools.cc InDaemonMode (not implemented).
SKIP: StatHist.cc count (not implemented).
SKIP: StatHist.cc count (not implemented).
SKIP: StatHist.cc count (not implemented).
SKIP: StatHist.cc count (not implemented).
SKIP: StatHist.cc count (not implemented).
SKIP: StatHist.cc count (not implemented).
SKIP: StatHist.cc count (not implemented).

OK (2)
PASS: tests/testRock
.SKIP: tools.cc UsingSmp (not implemented).
.
OK (2)
PASS: tests/testUfs
PASS: testRefCount
PASS: testHeaders
=============================================
1 of 29 tests failed
Please report to <A HREF="http://bugs.squid-cache.org/">http://bugs.squid-cache.org/</A>
=============================================
make[5]: *** [check-TESTS] Error 1
make[5]: Leaving directory `&lt;<A HREF="http://build.squid-cache.org/job/trunk-matrix/compiler=gcc,label=d-debian-wheezy/ws/btlayer-00-default/squid-4.0.14-BZR/_build/src">http://build.squid-cache.org/job/trunk-matrix/compiler=gcc,label=d-debian-wheezy/ws/btlayer-00-default/squid-4.0.14-BZR/_build/src</A>'&gt;
make[4]: *** [check-am] Error 2
make[4]: Leaving directory `&lt;<A HREF="http://build.squid-cache.org/job/trunk-matrix/compiler=gcc,label=d-debian-wheezy/ws/btlayer-00-default/squid-4.0.14-BZR/_build/src">http://build.squid-cache.org/job/trunk-matrix/compiler=gcc,label=d-debian-wheezy/ws/btlayer-00-default/squid-4.0.14-BZR/_build/src</A>'&gt;
make[3]: *** [check-recursive] Error 1
make[3]: Leaving directory `&lt;<A HREF="http://build.squid-cache.org/job/trunk-matrix/compiler=gcc,label=d-debian-wheezy/ws/btlayer-00-default/squid-4.0.14-BZR/_build/src">http://build.squid-cache.org/job/trunk-matrix/compiler=gcc,label=d-debian-wheezy/ws/btlayer-00-default/squid-4.0.14-BZR/_build/src</A>'&gt;
make[2]: *** [check] Error 2
make[2]: Leaving directory `&lt;<A HREF="http://build.squid-cache.org/job/trunk-matrix/compiler=gcc,label=d-debian-wheezy/ws/btlayer-00-default/squid-4.0.14-BZR/_build/src">http://build.squid-cache.org/job/trunk-matrix/compiler=gcc,label=d-debian-wheezy/ws/btlayer-00-default/squid-4.0.14-BZR/_build/src</A>'&gt;
make[1]: *** [check-recursive] Error 1
make[1]: Leaving directory `&lt;<A HREF="http://build.squid-cache.org/job/trunk-matrix/compiler=gcc,label=d-debian-wheezy/ws/btlayer-00-default/squid-4.0.14-BZR/_build">http://build.squid-cache.org/job/trunk-matrix/compiler=gcc,label=d-debian-wheezy/ws/btlayer-00-default/squid-4.0.14-BZR/_build</A>'&gt;
make: *** [distcheck] Error 1
buildtest.sh result is 2
BUILD: .././test-suite/buildtests/layer-00-default.opts
configure: BUILD LIBRARIES: 
configure: BUILD EXTRA LIBRARIES: -lm -lnsl -lresolv -lcap -lrt -ldl -ldl
configure: BUILD OBJECTS: 
configure: BUILD EXTRA OBJECTS: 
configure: BUILD C FLAGS: -Wall -g -O2
configure: BUILD EXTRA C FLAGS: -Wall -Wpointer-arith -Wwrite-strings -Wmissing-prototypes -Wmissing-declarations -Wcomments -Wshadow -Werror -pipe -D_REENTRANT
configure: BUILD C++ FLAGS: -g -O2 -std=c++11
configure: BUILD EXTRA C++ FLAGS: -Wall -Wpointer-arith -Wwrite-strings -Wcomments -Wshadow -Woverloaded-virtual -Werror -Wno-deprecated-register -pipe -D_REENTRANT
configure: BUILD Tools C++ FLAGS:  -g -O2 -std=c++11
configure: BUILD LIBRARIES: 
configure: BUILD EXTRA LIBRARIES: -lm -lnsl -lresolv -lcap -lrt -ldl -ldl
configure: BUILD OBJECTS: 
configure: BUILD EXTRA OBJECTS: 
configure: BUILD C FLAGS: -Wall -g -O2
configure: BUILD EXTRA C FLAGS: -Wall -Wpointer-arith -Wwrite-strings -Wmissing-prototypes -Wmissing-declarations -Wcomments -Wshadow -Werror -pipe -D_REENTRANT
configure: BUILD C++ FLAGS: -g -O2 -std=c++11
configure: BUILD EXTRA C++ FLAGS: -Wall -Wpointer-arith -Wwrite-strings -Wcomments -Wshadow -Woverloaded-virtual -Werror -Wno-deprecated-register -pipe -D_REENTRANT
configure: BUILD Tools C++ FLAGS:  -g -O2 -std=c++11
equality assertion failed
FAIL: tests/testHttp1Parser
make[5]: *** [check-TESTS] Error 1
make[4]: *** [check-am] Error 2
make[3]: *** [check-recursive] Error 1
make[2]: *** [check] Error 2
make[1]: *** [check-recursive] Error 1
make: *** [distcheck] Error 1
Build FAILED.
Build step 'Execute shell' marked build as failure
[description-setter] Description set: 
</PRE>







































<!--endarticle-->
    <HR>
    <P><UL>
        <!--threads-->
	<LI>Previous message: <A HREF="006955.html">[squid-dev] Build failed in Jenkins: trunk-matrix » gcc,d-debian-wheezy #786
</A></li>
	<LI>Next message: <A HREF="007024.html">[squid-dev] Jenkins build is back to normal : trunk-matrix » gcc,d-debian-wheezy #788
</A></li>
         <LI> <B>Messages sorted by:</B> 
              <a href="date.html#6961">[ date ]</a>
              <a href="thread.html#6961">[ thread ]</a>
              <a href="subject.html#6961">[ subject ]</a>
              <a href="author.html#6961">[ author ]</a>
         </LI>
       </UL>

<hr>
<a href="http://lists.squid-cache.org/listinfo/squid-dev">More information about the squid-dev
mailing list</a><br>
</body></html>
