<!DOCTYPE HTML PUBLIC "-//W3C//DTD HTML 4.01 Transitional//EN">
<HTML>
 <HEAD>
   <TITLE> [squid-dev] Build failed in Jenkins: 3.HEAD-amd64-CentOs-icc #1528
   </TITLE>
   <LINK REL="Index" HREF="index.html" >
   <LINK REL="made" HREF="mailto:squid-dev%40lists.squid-cache.org?Subject=Re%3A%20%5Bsquid-dev%5D%20Build%20failed%20in%20Jenkins%3A%203.HEAD-amd64-CentOs-icc%20%231528&In-Reply-To=%3C462852488.62.1418930958452.JavaMail.jenkins%40buildmaster%3E">
   <META NAME="robots" CONTENT="index,nofollow">
   <style type="text/css">
       pre {
           white-space: pre-wrap;       /* css-2.1, curent FF, Opera, Safari */
           }
   </style>
   <META http-equiv="Content-Type" content="text/html; charset=utf-8">
   <LINK REL="Previous"  HREF="000638.html">
   <LINK REL="Next"  HREF="000656.html">
 </HEAD>
 <BODY BGCOLOR="#ffffff">
   <H1>[squid-dev] Build failed in Jenkins: 3.HEAD-amd64-CentOs-icc #1528</H1>
    <B>noc at squid-cache.org</B> 
    <A HREF="mailto:squid-dev%40lists.squid-cache.org?Subject=Re%3A%20%5Bsquid-dev%5D%20Build%20failed%20in%20Jenkins%3A%203.HEAD-amd64-CentOs-icc%20%231528&In-Reply-To=%3C462852488.62.1418930958452.JavaMail.jenkins%40buildmaster%3E"
       TITLE="[squid-dev] Build failed in Jenkins: 3.HEAD-amd64-CentOs-icc #1528">noc at squid-cache.org
       </A><BR>
    <I>Thu Dec 18 19:29:18 UTC 2014</I>
    <P><UL>
        <LI>Previous message: <A HREF="000638.html">[squid-dev] Build failed in Jenkins: 3.HEAD-amd64-CentOs-icc #1527
</A></li>
        <LI>Next message: <A HREF="000656.html">[squid-dev] Jenkins build is back to normal :	3.HEAD-amd64-CentOs-icc #1529
</A></li>
         <LI> <B>Messages sorted by:</B> 
              <a href="date.html#653">[ date ]</a>
              <a href="thread.html#653">[ thread ]</a>
              <a href="subject.html#653">[ subject ]</a>
              <a href="author.html#653">[ author ]</a>
         </LI>
       </UL>
    <HR>  
<!--beginarticle-->
<PRE>See &lt;<A HREF="http://build.squid-cache.org/job/3.HEAD-amd64-CentOs-icc/1528/">http://build.squid-cache.org/job/3.HEAD-amd64-CentOs-icc/1528/</A>&gt;

------------------------------------------
[...truncated 8215 lines...]
Testing ../../src/MemBuf.h ...Ok.
Testing ../../src/mem_node.h ...Ok.
Testing ../../src/MemObject.h ...Ok.
Testing ../../src/MemStore.h ...Ok.
Testing ../../src/MessageSizes.h ...Ok.
Testing ../../src/mime.h ...Ok.
Testing ../../src/mime_header.h ...Ok.
Testing ../../src/multicast.h ...Ok.
Testing ../../src/neighbors.h ...Ok.
Testing ../../src/NeighborTypeDomainList.h ...Ok.
Testing ../../src/Notes.h ...Ok.
Testing ../../src/NullDelayId.h ...Ok.
Testing ../../src/OutOfBoundsException.h ...Ok.
Testing ../../src/Packer.h ...Ok.
Testing ../../src/Parsing.h ...Ok.
Testing ../../src/pconn.h ...Ok.
Testing ../../src/PeerDigest.h ...Ok.
Testing ../../src/PeerPoolMgr.h ...Ok.
Testing ../../src/peer_proxy_negotiate_auth.h ...Ok.
Testing ../../src/PeerSelectState.h ...Ok.
Testing ../../src/peer_sourcehash.h ...Ok.
Testing ../../src/peer_userhash.h ...Ok.
Testing ../../src/PingData.h ...Ok.
Testing ../../src/protos.h ...Ok.
Testing ../../src/redirect.h ...Ok.
Testing ../../src/refresh.h ...Ok.
Testing ../../src/RefreshPattern.h ...Ok.
Testing ../../src/RegexList.h ...Ok.
Testing ../../src/RemovalPolicy.h ...Ok.
Testing ../../src/repl_modules.h ...Ok.
Testing ../../src/RequestFlags.h ...Ok.
Testing ../../src/SBufAlgos.h ...Ok.
Testing ../../src/SBufDetailedStats.h ...Ok.
Testing ../../src/SBufExceptions.h ...Ok.
Testing ../../src/SBuf.h ...Ok.
Testing ../../src/SBufList.h ...Ok.
Testing ../../src/SBufStatsAction.h ...Ok.
Testing ../../src/SBufStream.h ...Ok.
Testing ../../src/send-announce.h ...Ok.
Testing ../../src/snmp_agent.h ...Ok.
Testing ../../src/snmp_core.h ...Ok.
Testing ../../src/SnmpRequest.h ...Ok.
Testing ../../src/SquidConfig.h ...Ok.
Testing ../../src/SquidDns.h ...Ok.
Testing ../../src/SquidIpc.h ...Ok.
Testing ../../src/SquidList.h ...Ok.
Testing ../../src/SquidMath.h ...Ok.
Testing ../../src/SquidString.h ...Ok.
Testing ../../src/SquidTime.h ...Ok.
Testing ../../src/StatCounters.h ...Ok.
Testing ../../src/stat.h ...Ok.
Testing ../../src/StatHist.h ...Ok.
Testing ../../src/stmem.h ...Ok.
Testing ../../src/StoreClient.h ...Ok.
Testing ../../src/store_digest.h ...Ok.
Testing ../../src/StoreEntryStream.h ...Ok.
Testing ../../src/StoreFileSystem.h ...Ok.
Testing ../../src/Store.h ...Ok.
Testing ../../src/StoreHashIndex.h ...Ok.
Testing ../../src/StoreIOBuffer.h ...Ok.
Testing ../../src/StoreIOState.h ...Ok.
Testing ../../src/store_key_md5.h ...Ok.
Testing ../../src/store_log.h ...Ok.
Testing ../../src/StoreMeta.h ...Ok.
Testing ../../src/StoreMetaMD5.h ...Ok.
Testing ../../src/StoreMetaObjSize.h ...Ok.
Testing ../../src/StoreMetaSTD.h ...Ok.
Testing ../../src/StoreMetaSTDLFS.h ...Ok.
Testing ../../src/StoreMetaUnpacker.h ...Ok.
Testing ../../src/StoreMetaURL.h ...Ok.
Testing ../../src/StoreMetaVary.h ...Ok.
Testing ../../src/store_rebuild.h ...Ok.
Testing ../../src/StoreSearch.h ...Ok.
Testing ../../src/StoreStats.h ...Ok.
Testing ../../src/store_swapin.h ...Ok.
Testing ../../src/StoreSwapLogData.h ...Ok.
Testing ../../src/StrList.h ...Ok.
Testing ../../src/SwapDir.h ...Ok.
Testing ../../src/swap_log_op.h ...Ok.
Testing ../../src/TimeOrTag.h ...Ok.
Testing ../../src/tools.h ...Ok.
Testing ../../src/Transients.h ...Ok.
Testing ../../src/typedefs.h ...Ok.
Testing ../../src/unlinkd.h ...Ok.
Testing ../../src/URL.h ...Ok.
Testing ../../src/urn.h ...Ok.
Testing ../../src/wccp2.h ...Ok.
Testing ../../src/wccp.h ...Ok.
Testing ../../src/whois.h ...Ok.
Testing ../../src/win32.h ...Ok.
Testing ../../src/WinSvc.h ...Ok.
Testing ../../src/wordlist.h ...Ok.
Testing ../../src/YesNoNone.h ...Ok.
Testing ../../src/DiskIO/DiskFile.h ...Ok.
Testing ../../src/DiskIO/DiskIOModule.h ...Ok.
Testing ../../src/DiskIO/DiskIOStrategy.h ...Ok.
Testing ../../src/DiskIO/IORequestor.h ...Ok.
Testing ../../src/DiskIO/ReadRequest.h ...Ok.
Testing ../../src/DiskIO/WriteRequest.h ...Ok.
Testing ../../src/DiskIO/AIO/AIODiskFile.h ...Ok.
Testing ../../src/DiskIO/AIO/AIODiskIOModule.h ...Ok.
Testing ../../src/DiskIO/AIO/AIODiskIOStrategy.h ...Ok.
Testing ../../src/DiskIO/AIO/aio_win32.h ...Ok.
Testing ../../src/DiskIO/AIO/async_io.h ...Ok.
Testing ../../src/DiskIO/Blocking/BlockingDiskIOModule.h ...Ok.
Testing ../../src/DiskIO/Blocking/BlockingFile.h ...Ok.
Testing ../../src/DiskIO/Blocking/BlockingIOStrategy.h ...Ok.
Testing ../../src/DiskIO/DiskDaemon/diomsg.h ...Ok.
Testing ../../src/DiskIO/DiskDaemon/DiskdAction.h ...Ok.
Testing ../../src/DiskIO/DiskDaemon/DiskDaemonDiskIOModule.h ...Ok.
Testing ../../src/DiskIO/DiskDaemon/DiskdFile.h ...Ok.
Testing ../../src/DiskIO/DiskDaemon/DiskdIOStrategy.h ...Ok.
Testing ../../src/DiskIO/DiskThreads/CommIO.h ...Ok.
Testing ../../src/DiskIO/DiskThreads/DiskThreadsDiskFile.h ...Ok.
Testing ../../src/DiskIO/DiskThreads/DiskThreadsDiskIOModule.h ...Ok.
Testing ../../src/DiskIO/DiskThreads/DiskThreads.h ...Ok.
Testing ../../src/DiskIO/DiskThreads/DiskThreadsIOStrategy.h ...Ok.
Testing ../../src/DiskIO/IpcIo/IpcIoDiskIOModule.h ...Ok.
Testing ../../src/DiskIO/IpcIo/IpcIoFile.h ...Ok.
Testing ../../src/DiskIO/IpcIo/IpcIoIOStrategy.h ...Ok.
Testing ../../src/DiskIO/Mmapped/MmappedDiskIOModule.h ...Ok.
Testing ../../src/DiskIO/Mmapped/MmappedFile.h ...Ok.
Testing ../../src/DiskIO/Mmapped/MmappedIOStrategy.h ...Ok.
./tests/testACLMaxUserIP: error while loading shared libraries: libnettle.so.5: cannot open shared object file: No such file or directory
FAIL: tests/testACLMaxUserIP
.
OK (1)
PASS: tests/testBoilerplate
./tests/testCacheManager: error while loading shared libraries: libnettle.so.5: cannot open shared object file: No such file or directory
FAIL: tests/testCacheManager
./tests/testDiskIO: error while loading shared libraries: libnettle.so.5: cannot open shared object file: No such file or directory
FAIL: tests/testDiskIO
./tests/testEvent: error while loading shared libraries: libnettle.so.5: cannot open shared object file: No such file or directory
FAIL: tests/testEvent
./tests/testEventLoop: error while loading shared libraries: libnettle.so.5: cannot open shared object file: No such file or directory
FAIL: tests/testEventLoop
./tests/test_http_range: error while loading shared libraries: libnettle.so.5: cannot open shared object file: No such file or directory
FAIL: tests/test_http_range
SKIP: mem/libmem.la MemPools (not implemented).
.
OK (1)
PASS: tests/testHttp1Parser
./tests/testHttpReply: error while loading shared libraries: libnettle.so.5: cannot open shared object file: No such file or directory
FAIL: tests/testHttpReply
./tests/testHttpRequest: error while loading shared libraries: libnettle.so.5: cannot open shared object file: No such file or directory
FAIL: tests/testHttpRequest
./tests/testStore: error while loading shared libraries: libnettle.so.5: cannot open shared object file: No such file or directory
FAIL: tests/testStore
SKIP: mem/libmem.la MemPools (not implemented).
.SKIP: mem/libmem.la Init (not implemented).
.SKIP: mem/libmem.la Init (not implemented).
.SKIP: mem/libmem.la Init (not implemented).
.SKIP: mem/libmem.la Init (not implemented).

OK (4)
PASS: tests/testString
./tests/testURL: error while loading shared libraries: libnettle.so.5: cannot open shared object file: No such file or directory
FAIL: tests/testURL
SKIP: mem/libmem.la MemPools (not implemented).
..SKIP: mem/libmem.la Init (not implemented).
..............................
OK (32)
PASS: tests/testSBuf
SKIP: mem/libmem.la MemPools (not implemented).
..
OK (2)
PASS: tests/testSBufList
SKIP: mem/libmem.la MemPools (not implemented).
.
OK (1)
PASS: tests/testConfigParser
SKIP: mem/libmem.la MemPools (not implemented).
....
OK (4)
PASS: tests/testStatHist
./tests/testRock: error while loading shared libraries: libnettle.so.5: cannot open shared object file: No such file or directory
FAIL: tests/testRock
./tests/testUfs: error while loading shared libraries: libnettle.so.5: cannot open shared object file: No such file or directory
FAIL: tests/testUfs
PASS: testRefCount
PASS: testHeaders
=============================================
12 of 21 tests failed
Please report to <A HREF="http://bugs.squid-cache.org/">http://bugs.squid-cache.org/</A>
=============================================
make[5]: *** [check-TESTS] Error 1
make[5]: Leaving directory `&lt;<A HREF="http://build.squid-cache.org/job/3.HEAD-amd64-CentOs-icc/ws/btlayer-00-default/squid-3.HEAD-BZR/_build/src">http://build.squid-cache.org/job/3.HEAD-amd64-CentOs-icc/ws/btlayer-00-default/squid-3.HEAD-BZR/_build/src</A>'&gt;
make[4]: *** [check-am] Error 2
make[4]: Leaving directory `&lt;<A HREF="http://build.squid-cache.org/job/3.HEAD-amd64-CentOs-icc/ws/btlayer-00-default/squid-3.HEAD-BZR/_build/src">http://build.squid-cache.org/job/3.HEAD-amd64-CentOs-icc/ws/btlayer-00-default/squid-3.HEAD-BZR/_build/src</A>'&gt;
make[3]: *** [check-recursive] Error 1
make[3]: Leaving directory `&lt;<A HREF="http://build.squid-cache.org/job/3.HEAD-amd64-CentOs-icc/ws/btlayer-00-default/squid-3.HEAD-BZR/_build/src">http://build.squid-cache.org/job/3.HEAD-amd64-CentOs-icc/ws/btlayer-00-default/squid-3.HEAD-BZR/_build/src</A>'&gt;
make[2]: *** [check] Error 2
make[2]: Leaving directory `&lt;<A HREF="http://build.squid-cache.org/job/3.HEAD-amd64-CentOs-icc/ws/btlayer-00-default/squid-3.HEAD-BZR/_build/src">http://build.squid-cache.org/job/3.HEAD-amd64-CentOs-icc/ws/btlayer-00-default/squid-3.HEAD-BZR/_build/src</A>'&gt;
make[1]: *** [check-recursive] Error 1
make[1]: Leaving directory `&lt;<A HREF="http://build.squid-cache.org/job/3.HEAD-amd64-CentOs-icc/ws/btlayer-00-default/squid-3.HEAD-BZR/_build">http://build.squid-cache.org/job/3.HEAD-amd64-CentOs-icc/ws/btlayer-00-default/squid-3.HEAD-BZR/_build</A>'&gt;
make: *** [distcheck] Error 1
buildtest.sh result is 2
BUILD: .././test-suite/buildtests/layer-00-default.opts
configure: BUILD LIBRARIES: 
configure: BUILD EXTRA LIBRARIES: -lnsl -lresolv -lcap -lrt
configure: BUILD OBJECTS: 
configure: BUILD EXTRA OBJECTS: 
configure: BUILD C FLAGS: -g
configure: BUILD EXTRA C FLAGS:  -Werror  -D_REENTRANT
configure: BUILD C++ FLAGS: -g -std=c++11
configure: BUILD EXTRA C++ FLAGS:  -Werror  -D_REENTRANT
configure: BUILD Tools C++ FLAGS:  -g -std=c++11
configure: BUILD LIBRARIES: 
configure: BUILD EXTRA LIBRARIES: -lnsl -lresolv -lcap -lrt
configure: BUILD OBJECTS: 
configure: BUILD EXTRA OBJECTS: 
configure: BUILD C FLAGS: -g
configure: BUILD EXTRA C FLAGS:  -Werror  -D_REENTRANT
configure: BUILD C++ FLAGS: -g -std=c++11
configure: BUILD EXTRA C++ FLAGS:  -Werror  -D_REENTRANT
configure: BUILD Tools C++ FLAGS:  -g -std=c++11
cat: ../../src/DiskIO/../../scripts/boilerplate.h: No such file or directory
./tests/testACLMaxUserIP: error while loading shared libraries: libnettle.so.5: cannot open shared object file: No such file or directory
FAIL: tests/testACLMaxUserIP
./tests/testCacheManager: error while loading shared libraries: libnettle.so.5: cannot open shared object file: No such file or directory
FAIL: tests/testCacheManager
./tests/testDiskIO: error while loading shared libraries: libnettle.so.5: cannot open shared object file: No such file or directory
FAIL: tests/testDiskIO
./tests/testEvent: error while loading shared libraries: libnettle.so.5: cannot open shared object file: No such file or directory
FAIL: tests/testEvent
./tests/testEventLoop: error while loading shared libraries: libnettle.so.5: cannot open shared object file: No such file or directory
FAIL: tests/testEventLoop
./tests/test_http_range: error while loading shared libraries: libnettle.so.5: cannot open shared object file: No such file or directory
FAIL: tests/test_http_range
./tests/testHttpReply: error while loading shared libraries: libnettle.so.5: cannot open shared object file: No such file or directory
FAIL: tests/testHttpReply
./tests/testHttpRequest: error while loading shared libraries: libnettle.so.5: cannot open shared object file: No such file or directory
FAIL: tests/testHttpRequest
./tests/testStore: error while loading shared libraries: libnettle.so.5: cannot open shared object file: No such file or directory
FAIL: tests/testStore
./tests/testURL: error while loading shared libraries: libnettle.so.5: cannot open shared object file: No such file or directory
FAIL: tests/testURL
./tests/testRock: error while loading shared libraries: libnettle.so.5: cannot open shared object file: No such file or directory
FAIL: tests/testRock
./tests/testUfs: error while loading shared libraries: libnettle.so.5: cannot open shared object file: No such file or directory
FAIL: tests/testUfs
make[5]: *** [check-TESTS] Error 1
make[4]: *** [check-am] Error 2
make[3]: *** [check-recursive] Error 1
make[2]: *** [check] Error 2
make[1]: *** [check-recursive] Error 1
make: *** [distcheck] Error 1
Build FAILED.
Build step 'Execute shell' marked build as failure
</PRE>









<!--endarticle-->
    <HR>
    <P><UL>
        <!--threads-->
	<LI>Previous message: <A HREF="000638.html">[squid-dev] Build failed in Jenkins: 3.HEAD-amd64-CentOs-icc #1527
</A></li>
	<LI>Next message: <A HREF="000656.html">[squid-dev] Jenkins build is back to normal :	3.HEAD-amd64-CentOs-icc #1529
</A></li>
         <LI> <B>Messages sorted by:</B> 
              <a href="date.html#653">[ date ]</a>
              <a href="thread.html#653">[ thread ]</a>
              <a href="subject.html#653">[ subject ]</a>
              <a href="author.html#653">[ author ]</a>
         </LI>
       </UL>

<hr>
<a href="http://lists.squid-cache.org/listinfo/squid-dev">More information about the squid-dev
mailing list</a><br>
</body></html>
