<!DOCTYPE HTML PUBLIC "-//W3C//DTD HTML 4.01 Transitional//EN">
<HTML>
 <HEAD>
   <TITLE> [squid-dev] Build failed in Jenkins:	3.HEAD-amd64-centos-7-clang #130
   </TITLE>
   <LINK REL="Index" HREF="index.html" >
   <LINK REL="made" HREF="mailto:squid-dev%40lists.squid-cache.org?Subject=Re%3A%20%5Bsquid-dev%5D%20Build%20failed%20in%20Jenkins%3A%0A%093.HEAD-amd64-centos-7-clang%20%23130&In-Reply-To=%3CCA%2BY8hcPd2ur03TScG--mTs1R8KCrHEor2Furj1JQZ2o-QNVCAg%40mail.gmail.com%3E">
   <META NAME="robots" CONTENT="index,nofollow">
   <style type="text/css">
       pre {
           white-space: pre-wrap;       /* css-2.1, curent FF, Opera, Safari */
           }
   </style>
   <META http-equiv="Content-Type" content="text/html; charset=utf-8">
   <LINK REL="Previous"  HREF="000697.html">
   <LINK REL="Next"  HREF="000714.html">
 </HEAD>
 <BODY BGCOLOR="#ffffff">
   <H1>[squid-dev] Build failed in Jenkins:	3.HEAD-amd64-centos-7-clang #130</H1>
    <B>Kinkie</B> 
    <A HREF="mailto:squid-dev%40lists.squid-cache.org?Subject=Re%3A%20%5Bsquid-dev%5D%20Build%20failed%20in%20Jenkins%3A%0A%093.HEAD-amd64-centos-7-clang%20%23130&In-Reply-To=%3CCA%2BY8hcPd2ur03TScG--mTs1R8KCrHEor2Furj1JQZ2o-QNVCAg%40mail.gmail.com%3E"
       TITLE="[squid-dev] Build failed in Jenkins:	3.HEAD-amd64-centos-7-clang #130">gkinkie at gmail.com
       </A><BR>
    <I>Fri Dec 19 20:11:25 UTC 2014</I>
    <P><UL>
        <LI>Previous message: <A HREF="000697.html">[squid-dev] Build failed in Jenkins: 3.HEAD-amd64-centos-7-clang	#130
</A></li>
        <LI>Next message: <A HREF="000714.html">[squid-dev] Build failed in Jenkins: 3.HEAD-amd64-centos-7-clang #130
</A></li>
         <LI> <B>Messages sorted by:</B> 
              <a href="date.html#709">[ date ]</a>
              <a href="thread.html#709">[ thread ]</a>
              <a href="subject.html#709">[ subject ]</a>
              <a href="author.html#709">[ author ]</a>
         </LI>
       </UL>
    <HR>  
<!--beginarticle-->
<PRE>&gt;<i>     nas_ipaddr = (__extension__ ({ register unsigned int __v, __x = (salocal.sin_addr.s_addr); if (__builtin_constant_p (__x)) __v = ((((__x) &amp; 0xff000000) &gt;&gt; 24) | (((__x) &amp; 0x00ff0000) &gt;&gt; 8) | (((__x) &amp; 0x0000ff00) &lt;&lt; 8) | (((__x) &amp; 0x000000ff) &lt;&lt; 24)); else __asm__ (&quot;bswap %0&quot; : &quot;=r&quot; (__v) : &quot;0&quot; (__x)); __v; }));
</I>&gt;<i>                                    ^~~~~~~~~
</I>&gt;<i> 18 errors generated.
</I>[...]


&gt;<i> configure: BUILD Tools C++ FLAGS:  -g -O2 -std=c++11
</I>&gt;<i> ../../../../helpers/basic_auth/RADIUS/radius-util.cc:152:30: error: 'register' storage class specifier is deprecated [-Werror,-Wdeprecated-register]
</I>&gt;<i> ../../../../helpers/basic_auth/RADIUS/radius-util.cc:152:30: error: 'register' storage class specifier is deprecated [-Werror,-Wdeprecated-register]
</I>&gt;<i> make[4]: *** [radius-util.o] Error 1
</I>&gt;<i> ../../../../helpers/basic_auth/RADIUS/basic_radius_auth.cc:175:34: error: 'register' storage class specifier is deprecated [-Werror,-Wdeprecated-register]
</I>&gt;<i> ../../../../helpers/basic_auth/RADIUS/basic_radius_auth.cc:175:34: error: 'register' storage class specifier is deprecated [-Werror,-Wdeprecated-register]
</I>&gt;<i> ../../../../helpers/basic_auth/RADIUS/basic_radius_auth.cc:370:28: error: 'register' storage class specifier is deprecated [-Werror,-Wdeprecated-register]
</I>&gt;<i> ../../../../helpers/basic_auth/RADIUS/basic_radius_auth.cc:370:28: error: 'register' storage class specifier is deprecated [-Werror,-Wdeprecated-register]
</I>&gt;<i> ../../../../helpers/basic_auth/RADIUS/basic_radius_auth.cc:380:28: error: 'register' storage class specifier is deprecated [-Werror,-Wdeprecated-register]
</I>&gt;<i> ../../../../helpers/basic_auth/RADIUS/basic_radius_auth.cc:380:28: error: 'register' storage class specifier is deprecated [-Werror,-Wdeprecated-register]
</I>&gt;<i> ../../../../helpers/basic_auth/RADIUS/basic_radius_auth.cc:400:32: error: 'register' storage class specifier is deprecated [-Werror,-Wdeprecated-register]
</I>&gt;<i> ../../../../helpers/basic_auth/RADIUS/basic_radius_auth.cc:400:32: error: 'register' storage class specifier is deprecated [-Werror,-Wdeprecated-register]
</I>&gt;<i> ../../../../helpers/basic_auth/RADIUS/basic_radius_auth.cc:414:38: error: 'register' storage class specifier is deprecated [-Werror,-Wdeprecated-register]
</I>&gt;<i> ../../../../helpers/basic_auth/RADIUS/basic_radius_auth.cc:414:38: error: 'register' storage class specifier is deprecated [-Werror,-Wdeprecated-register]
</I>&gt;<i> ../../../../helpers/basic_auth/RADIUS/basic_radius_auth.cc:544:38: error: 'register' storage class specifier is deprecated [-Werror,-Wdeprecated-register]
</I>&gt;<i> ../../../../helpers/basic_auth/RADIUS/basic_radius_auth.cc:544:38: error: 'register' storage class specifier is deprecated [-Werror,-Wdeprecated-register]
</I>&gt;<i> ../../../../helpers/basic_auth/RADIUS/basic_radius_auth.cc:562:50: error: 'register' storage class specifier is deprecated [-Werror,-Wdeprecated-register]
</I>&gt;<i> ../../../../helpers/basic_auth/RADIUS/basic_radius_auth.cc:562:50: error: 'register' storage class specifier is deprecated [-Werror,-Wdeprecated-register]
</I>&gt;<i> ../../../../helpers/basic_auth/RADIUS/basic_radius_auth.cc:563:43: error: 'register' storage class specifier is deprecated [-Werror,-Wdeprecated-register]
</I>&gt;<i> ../../../../helpers/basic_auth/RADIUS/basic_radius_auth.cc:563:43: error: 'register' storage class specifier is deprecated [-Werror,-Wdeprecated-register]
</I>&gt;<i> ../../../../helpers/basic_auth/RADIUS/basic_radius_auth.cc:580:36: error: 'register' storage class specifier is deprecated [-Werror,-Wdeprecated-register]
</I>&gt;<i> ../../../../helpers/basic_auth/RADIUS/basic_radius_auth.cc:580:36: error: 'register' storage class specifier is deprecated [-Werror,-Wdeprecated-register]
</I>&gt;<i> make[4]: *** [basic_radius_auth.o] Error 1
</I>&gt;<i> make[3]: *** [all-recursive] Error 1
</I>&gt;<i> make[2]: *** [all-recursive] Error 1
</I>&gt;<i> make[1]: *** [all-recursive] Error 1
</I>&gt;<i> make: *** [distcheck] Error 1
</I>&gt;<i> Build FAILED.
</I>&gt;<i> Build step 'Execute shell' marked build as failure
</I>
Doh!
The offending 'register' declaration is in a system header (htonl etc)
The possibilities I see are:
1.  -Wno-deprecated-register
2. #define register at the beginning of the file

What do you think?

-- 
    Francesco
</PRE>








<!--endarticle-->
    <HR>
    <P><UL>
        <!--threads-->
	<LI>Previous message: <A HREF="000697.html">[squid-dev] Build failed in Jenkins: 3.HEAD-amd64-centos-7-clang	#130
</A></li>
	<LI>Next message: <A HREF="000714.html">[squid-dev] Build failed in Jenkins: 3.HEAD-amd64-centos-7-clang #130
</A></li>
         <LI> <B>Messages sorted by:</B> 
              <a href="date.html#709">[ date ]</a>
              <a href="thread.html#709">[ thread ]</a>
              <a href="subject.html#709">[ subject ]</a>
              <a href="author.html#709">[ author ]</a>
         </LI>
       </UL>

<hr>
<a href="http://lists.squid-cache.org/listinfo/squid-dev">More information about the squid-dev
mailing list</a><br>
</body></html>
