<!DOCTYPE HTML PUBLIC "-//W3C//DTD HTML 4.01 Transitional//EN">
<HTML>
 <HEAD>
   <TITLE> [squid-dev] Build failed in Jenkins: template-full-matrix » clang,rs-fbsd-10 #408
   </TITLE>
   <LINK REL="Index" HREF="index.html" >
   <LINK REL="made" HREF="mailto:squid-dev%40lists.squid-cache.org?Subject=Re%3A%20%5Bsquid-dev%5D%20%3D%3Futf-8%3Fq%3FBuild_failed_in_Jenkins%3D3A_template-full-ma%3F%3D%0A%20%3D%3Futf-8%3Fq%3Ftrix_%3DC2%3DBB_clang%3D2Crs-fbsd-10_%3D23408%3F%3D&In-Reply-To=%3C924106876.1.1499837940506.JavaMail.jenkins%40buildmaster%3E">
   <META NAME="robots" CONTENT="index,nofollow">
   <style type="text/css">
       pre {
           white-space: pre-wrap;       /* css-2.1, curent FF, Opera, Safari */
           }
   </style>
   <META http-equiv="Content-Type" content="text/html; charset=utf-8">
   <LINK REL="Previous"  HREF="009157.html">
   <LINK REL="Next"  HREF="009139.html">
 </HEAD>
 <BODY BGCOLOR="#ffffff">
   <H1>[squid-dev] Build failed in Jenkins: template-full-matrix » clang,rs-fbsd-10 #408</H1>
    <B>noc at squid-cache.org</B> 
    <A HREF="mailto:squid-dev%40lists.squid-cache.org?Subject=Re%3A%20%5Bsquid-dev%5D%20%3D%3Futf-8%3Fq%3FBuild_failed_in_Jenkins%3D3A_template-full-ma%3F%3D%0A%20%3D%3Futf-8%3Fq%3Ftrix_%3DC2%3DBB_clang%3D2Crs-fbsd-10_%3D23408%3F%3D&In-Reply-To=%3C924106876.1.1499837940506.JavaMail.jenkins%40buildmaster%3E"
       TITLE="[squid-dev] Build failed in Jenkins: template-full-matrix » clang,rs-fbsd-10 #408">noc at squid-cache.org
       </A><BR>
    <I>Wed Jul 12 05:39:00 UTC 2017</I>
    <P><UL>
        <LI>Previous message: <A HREF="009157.html">[squid-dev] Jenkins build is back to normal : template-full-matrix » gcc,d-ubuntu-trusty #410
</A></li>
        <LI>Next message: <A HREF="009139.html">[squid-dev] Build failed in Jenkins: template-full-matrix » clang,rs-fbsd-10 #409
</A></li>
         <LI> <B>Messages sorted by:</B> 
              <a href="date.html#9124">[ date ]</a>
              <a href="thread.html#9124">[ thread ]</a>
              <a href="subject.html#9124">[ subject ]</a>
              <a href="author.html#9124">[ author ]</a>
         </LI>
       </UL>
    <HR>  
<!--beginarticle-->
<PRE>See &lt;<A HREF="https://build.squid-cache.org/job/template-full-matrix/compiler=clang,label=rs-fbsd-10/408/display/redirect">https://build.squid-cache.org/job/template-full-matrix/compiler=clang,label=rs-fbsd-10/408/display/redirect</A>&gt;

------------------------------------------
[...truncated 1.38 MB...]
                                                    ~~~ ^
../../src/ipcache.h:126:54: error: member reference type 'RawIterator' (aka 'int') is not a pointer
    reference operator *() const { return position_-&gt;ip; }
                                          ~~~~~~~~~  ^
../../src/ipcache.h:127:54: error: member reference type 'RawIterator' (aka 'int') is not a pointer
    pointer operator -&gt;() const { return &amp;position_-&gt;ip; }
                                          ~~~~~~~~~  ^
../../src/ipcache.h:143:18: error: no type named 'vector' in namespace 'std'; did you mean 'hecto'?
    typedef std::vector&lt;CachedIp&gt; Raw;
            ~~~~~^~~~~~
                 hecto
/usr/include/c++/v1/ratio:265:43: note: 'hecto' declared here
typedef ratio&lt;                100LL, 1LL&gt; hecto;
                                          ^
In file included from ../../src/tests/stub_ipcache.cc:10:
../../src/ipcache.h:143:24: error: expected member name or ';' after declaration specifiers
    typedef std::vector&lt;CachedIp&gt; Raw;
    ~~~~~~~~~~~~~~~~~~~^
../../src/ipcache.h:144:18: error: no type named 'const_iterator' in 'Raw'
    typedef Raw::const_iterator RawIterator;
            ~~~~~^
../../src/ipcache.h:154:87: error: no member named 'size' in 'Raw'; did you mean 'size_'?
    explicit GoodIpsIterator(const Raw &amp;raw): raw_(raw), position_(0), processed_(raw.size()) {}
                                                                                      ^~~~
                                                                                      size_
../../src/Debug.h:199:12: note: 'size_' declared here
    size_t size_; ///&lt; data length
           ^
In file included from ../../src/tests/stub_ipcache.cc:10:
../../src/ipcache.h:154:91: error: called object type 'size_t' (aka 'unsigned long') is not a function or function pointer
    explicit GoodIpsIterator(const Raw &amp;raw): raw_(raw), position_(0), processed_(raw.size()) {}
                                                                                  ~~~~~~~~^
../../src/ipcache.h:166:68: error: no member named 'size' in 'Raw'; did you mean 'size_'?
    const CachedIp &amp;current() const { return raw_[position_ % raw_.size()]; }
                                                                   ^~~~
                                                                   size_
../../src/Debug.h:199:12: note: 'size_' declared here
    size_t size_; ///&lt; data length
           ^
In file included from ../../src/tests/stub_ipcache.cc:10:
../../src/ipcache.h:166:72: error: called object type 'size_t' (aka 'unsigned long') is not a function or function pointer
    const CachedIp &amp;current() const { return raw_[position_ % raw_.size()]; }
                                                              ~~~~~~~~~^
../../src/ipcache.h:168:44: error: no member named 'size' in 'Raw'; did you mean 'size_'?
    void sync() { while (processed_ &lt; raw_.size() &amp;&amp; current().bad()) next(); }
                                           ^~~~
                                           size_
../../src/Debug.h:199:12: note: 'size_' declared here
    size_t size_; ///&lt; data length
           ^
fatal error: too many errors emitted, stopping now [-ferror-limit=]
20 errors generated.
gmake[5]: *** [tests/stub_ipcache.o] Error 1
gmake[5]: *** Waiting for unfinished jobs....
gmake[5]: Leaving directory `/usr&lt;<A HREF="https://build.squid-cache.org/job/template-full-matrix/compiler=clang,label=rs-fbsd-10/ws/btlayer-00-default/squid-5.0.0-BZR/_build/src">https://build.squid-cache.org/job/template-full-matrix/compiler=clang,label=rs-fbsd-10/ws/btlayer-00-default/squid-5.0.0-BZR/_build/src</A>'&gt;
gmake[4]: *** [check-am] Error 2
gmake[4]: Leaving directory `/usr&lt;<A HREF="https://build.squid-cache.org/job/template-full-matrix/compiler=clang,label=rs-fbsd-10/ws/btlayer-00-default/squid-5.0.0-BZR/_build/src">https://build.squid-cache.org/job/template-full-matrix/compiler=clang,label=rs-fbsd-10/ws/btlayer-00-default/squid-5.0.0-BZR/_build/src</A>'&gt;
gmake[3]: *** [check-recursive] Error 1
gmake[3]: Leaving directory `/usr&lt;<A HREF="https://build.squid-cache.org/job/template-full-matrix/compiler=clang,label=rs-fbsd-10/ws/btlayer-00-default/squid-5.0.0-BZR/_build/src">https://build.squid-cache.org/job/template-full-matrix/compiler=clang,label=rs-fbsd-10/ws/btlayer-00-default/squid-5.0.0-BZR/_build/src</A>'&gt;
gmake[2]: *** [check] Error 2
gmake[2]: Leaving directory `/usr&lt;<A HREF="https://build.squid-cache.org/job/template-full-matrix/compiler=clang,label=rs-fbsd-10/ws/btlayer-00-default/squid-5.0.0-BZR/_build/src">https://build.squid-cache.org/job/template-full-matrix/compiler=clang,label=rs-fbsd-10/ws/btlayer-00-default/squid-5.0.0-BZR/_build/src</A>'&gt;
gmake[1]: *** [check-recursive] Error 1
gmake[1]: Leaving directory `/usr&lt;<A HREF="https://build.squid-cache.org/job/template-full-matrix/compiler=clang,label=rs-fbsd-10/ws/btlayer-00-default/squid-5.0.0-BZR/_build">https://build.squid-cache.org/job/template-full-matrix/compiler=clang,label=rs-fbsd-10/ws/btlayer-00-default/squid-5.0.0-BZR/_build</A>'&gt;
gmake: *** [distcheck] Error 1
buildtest.sh result is 2
BUILD: .././test-suite/buildtests/layer-00-default.opts
configure: BUILD LIBRARIES: 
configure: BUILD EXTRA LIBRARIES: -lm
configure: BUILD OBJECTS: 
configure: BUILD EXTRA OBJECTS: 
configure: BUILD C FLAGS: -g -O2 -I/usr/local/include
configure: BUILD EXTRA C FLAGS:  -Werror -Qunused-arguments  -D_REENTRANT
configure: BUILD C++ FLAGS: -g -O2 -std=c++11 -I/usr/local/include
configure: BUILD EXTRA C++ FLAGS:  -Werror -Qunused-arguments  -D_REENTRANT
configure: BUILD Tools C++ FLAGS:  -g -O2 -std=c++11 -I/usr/local/include
configure: BUILD LIBRARIES: 
configure: BUILD EXTRA LIBRARIES: -lm
configure: BUILD OBJECTS: 
configure: BUILD EXTRA OBJECTS: 
configure: BUILD C FLAGS: -g -O2 -I/usr/local/include
configure: BUILD EXTRA C FLAGS:  -Werror -Qunused-arguments  -D_REENTRANT
configure: BUILD C++ FLAGS: -g -O2 -std=c++11 -I/usr/local/include
configure: BUILD EXTRA C++ FLAGS:  -Werror -Qunused-arguments  -D_REENTRANT
configure: BUILD Tools C++ FLAGS:  -g -O2 -std=c++11 -I/usr/local/include
# XFAIL: 0
# FAIL:  0
# XFAIL: 0
# FAIL:  0
# XFAIL: 0
# FAIL:  0
# XFAIL: 0
# FAIL:  0
# XFAIL: 0
# FAIL:  0
# XFAIL: 0
# FAIL:  0
# XFAIL: 0
# FAIL:  0
# XFAIL: 0
# FAIL:  0
# XFAIL: 0
# FAIL:  0
# XFAIL: 0
# FAIL:  0
# XFAIL: 0
# FAIL:  0
# XFAIL: 0
# FAIL:  0
# XFAIL: 0
# FAIL:  0
# XFAIL: 0
# FAIL:  0
# XFAIL: 0
# FAIL:  0
# XFAIL: 0
# FAIL:  0
# XFAIL: 0
# FAIL:  0
# XFAIL: 0
# FAIL:  0
# XFAIL: 0
# FAIL:  0
# XFAIL: 0
# FAIL:  0
# XFAIL: 0
# FAIL:  0
# XFAIL: 0
# FAIL:  0
# XFAIL: 0
# FAIL:  0
# XFAIL: 0
# FAIL:  0
# XFAIL: 0
# FAIL:  0
# XFAIL: 0
# FAIL:  0
# XFAIL: 0
# FAIL:  0
# XFAIL: 0
# FAIL:  0
# XFAIL: 0
# FAIL:  0
# XFAIL: 0
# FAIL:  0
# XFAIL: 0
# FAIL:  0
# XFAIL: 0
# FAIL:  0
# XFAIL: 0
# FAIL:  0
# XFAIL: 0
# FAIL:  0
# XFAIL: 0
# FAIL:  0
# XFAIL: 0
# FAIL:  0
# XFAIL: 0
# FAIL:  0
# XFAIL: 0
# FAIL:  0
# XFAIL: 0
# FAIL:  0
# XFAIL: 0
# FAIL:  0
# XFAIL: 0
# FAIL:  0
# XFAIL: 0
# FAIL:  0
# XFAIL: 0
# FAIL:  0
# XFAIL: 0
# FAIL:  0
# XFAIL: 0
# FAIL:  0
# XFAIL: 0
# FAIL:  0
# XFAIL: 0
# FAIL:  0
# XFAIL: 0
# FAIL:  0
# XFAIL: 0
# FAIL:  0
# XFAIL: 0
# FAIL:  0
# XFAIL: 0
# FAIL:  0
# XFAIL: 0
# FAIL:  0
# XFAIL: 0
# FAIL:  0
# XFAIL: 0
# FAIL:  0
# XFAIL: 0
# FAIL:  0
# XFAIL: 0
# FAIL:  0
# XFAIL: 0
# FAIL:  0
# XFAIL: 0
# FAIL:  0
# XFAIL: 0
# FAIL:  0
# XFAIL: 0
# FAIL:  0
# XFAIL: 0
# FAIL:  0
# XFAIL: 0
# FAIL:  0
# XFAIL: 0
# FAIL:  0
# XFAIL: 0
# FAIL:  0
# XFAIL: 0
# FAIL:  0
# XFAIL: 0
# FAIL:  0
# XFAIL: 0
# FAIL:  0
# XFAIL: 0
# FAIL:  0
../../src/ipcache.h:67:18: error: no type named 'vector' in namespace 'std'; did you mean 'hecto'?
../../src/ipcache.h:67:24: error: expected member name or ';' after declaration specifiers
../../src/ipcache.h:68:11: error: unknown type name 'Storage'
../../src/ipcache.h:96:5: error: unknown type name 'Storage'
../../src/ipcache.h:113:18: error: no type named 'vector' in namespace 'std'; did you mean 'hecto'?
../../src/ipcache.h:113:24: error: expected member name or ';' after declaration specifiers
../../src/ipcache.h:114:18: error: no type named 'const_iterator' in 'Raw'
../../src/ipcache.h:122:62: error: no member named 'cbegin' in 'Raw'
../../src/ipcache.h:124:57: error: no member named 'cend' in 'Raw'
../../src/ipcache.h:126:54: error: member reference type 'RawIterator' (aka 'int') is not a pointer
../../src/ipcache.h:127:54: error: member reference type 'RawIterator' (aka 'int') is not a pointer
../../src/ipcache.h:143:18: error: no type named 'vector' in namespace 'std'; did you mean 'hecto'?
../../src/ipcache.h:143:24: error: expected member name or ';' after declaration specifiers
../../src/ipcache.h:144:18: error: no type named 'const_iterator' in 'Raw'
../../src/ipcache.h:154:87: error: no member named 'size' in 'Raw'; did you mean 'size_'?
../../src/ipcache.h:154:91: error: called object type 'size_t' (aka 'unsigned long') is not a function or function pointer
../../src/ipcache.h:166:68: error: no member named 'size' in 'Raw'; did you mean 'size_'?
../../src/ipcache.h:166:72: error: called object type 'size_t' (aka 'unsigned long') is not a function or function pointer
../../src/ipcache.h:168:44: error: no member named 'size' in 'Raw'; did you mean 'size_'?
fatal error: too many errors emitted, stopping now [-ferror-limit=]
gmake[5]: *** [tests/stub_ipcache.o] Error 1
gmake[4]: *** [check-am] Error 2
gmake[3]: *** [check-recursive] Error 1
gmake[2]: *** [check] Error 2
gmake[1]: *** [check-recursive] Error 1
gmake: *** [distcheck] Error 1
Build FAILED.
Build step 'Execute shell' marked build as failure
[description-setter] Description set: 
</PRE>


























<!--endarticle-->
    <HR>
    <P><UL>
        <!--threads-->
	<LI>Previous message: <A HREF="009157.html">[squid-dev] Jenkins build is back to normal : template-full-matrix » gcc,d-ubuntu-trusty #410
</A></li>
	<LI>Next message: <A HREF="009139.html">[squid-dev] Build failed in Jenkins: template-full-matrix » clang,rs-fbsd-10 #409
</A></li>
         <LI> <B>Messages sorted by:</B> 
              <a href="date.html#9124">[ date ]</a>
              <a href="thread.html#9124">[ thread ]</a>
              <a href="subject.html#9124">[ subject ]</a>
              <a href="author.html#9124">[ author ]</a>
         </LI>
       </UL>

<hr>
<a href="http://lists.squid-cache.org/listinfo/squid-dev">More information about the squid-dev
mailing list</a><br>
</body></html>
