<!DOCTYPE HTML PUBLIC "-//W3C//DTD HTML 4.01 Transitional//EN">
<HTML>
 <HEAD>
   <TITLE> [squid-dev] Build failed in Jenkins: 5-matrix » clang,d-ubuntu-utopic #229
   </TITLE>
   <LINK REL="Index" HREF="index.html" >
   <LINK REL="made" HREF="mailto:squid-dev%40lists.squid-cache.org?Subject=Re%3A%20%5Bsquid-dev%5D%20%3D%3Futf-8%3Fq%3FBuild_failed_in_Jenkins%3D3A_5-matrix_%3DC2%3DBB_%3F%3D%0A%20%3D%3Futf-8%3Fq%3Fclang%3D2Cd-ubuntu-utopic_%3D23229%3F%3D&In-Reply-To=%3C156233951.323.1499583857269.JavaMail.jenkins%40buildmaster%3E">
   <META NAME="robots" CONTENT="index,nofollow">
   <style type="text/css">
       pre {
           white-space: pre-wrap;       /* css-2.1, curent FF, Opera, Safari */
           }
   </style>
   <META http-equiv="Content-Type" content="text/html; charset=utf-8">
   <LINK REL="Previous"  HREF="009113.html">
   <LINK REL="Next"  HREF="009117.html">
 </HEAD>
 <BODY BGCOLOR="#ffffff">
   <H1>[squid-dev] Build failed in Jenkins: 5-matrix » clang,d-ubuntu-utopic #229</H1>
    <B>noc at squid-cache.org</B> 
    <A HREF="mailto:squid-dev%40lists.squid-cache.org?Subject=Re%3A%20%5Bsquid-dev%5D%20%3D%3Futf-8%3Fq%3FBuild_failed_in_Jenkins%3D3A_5-matrix_%3DC2%3DBB_%3F%3D%0A%20%3D%3Futf-8%3Fq%3Fclang%3D2Cd-ubuntu-utopic_%3D23229%3F%3D&In-Reply-To=%3C156233951.323.1499583857269.JavaMail.jenkins%40buildmaster%3E"
       TITLE="[squid-dev] Build failed in Jenkins: 5-matrix » clang,d-ubuntu-utopic #229">noc at squid-cache.org
       </A><BR>
    <I>Sun Jul  9 07:04:17 UTC 2017</I>
    <P><UL>
        <LI>Previous message: <A HREF="009113.html">[squid-dev] ISO 17025 - Οργάνωση Εργαστηρίων
</A></li>
        <LI>Next message: <A HREF="009117.html">[squid-dev] Jenkins build is back to normal : 5-matrix » clang,d-ubuntu-utopic #230
</A></li>
         <LI> <B>Messages sorted by:</B> 
              <a href="date.html#9114">[ date ]</a>
              <a href="thread.html#9114">[ thread ]</a>
              <a href="subject.html#9114">[ subject ]</a>
              <a href="author.html#9114">[ author ]</a>
         </LI>
       </UL>
    <HR>  
<!--beginarticle-->
<PRE>See &lt;<A HREF="https://build.squid-cache.org/job/5-matrix/compiler=clang,label=d-ubuntu-utopic/229/display/redirect">https://build.squid-cache.org/job/5-matrix/compiler=clang,label=d-ubuntu-utopic/229/display/redirect</A>&gt;

------------------------------------------
[...truncated 97.24 KB...]
checking for syslog... .././test-suite/../configure: line 2794: conftest.cpp: No such file or directory
.././test-suite/../configure: line 2213: conftest.err: No such file or directory
sed: can't read conftest.cpp: No such file or directory
no
checking for timegm... .././test-suite/../configure: line 2794: conftest.cpp: No such file or directory
.././test-suite/../configure: line 2213: conftest.err: No such file or directory
sed: can't read conftest.cpp: No such file or directory
no
checking for vsnprintf... .././test-suite/../configure: line 2794: conftest.cpp: No such file or directory
.././test-suite/../configure: line 2213: conftest.err: No such file or directory
sed: can't read conftest.cpp: No such file or directory
no
checking for initgroups... .././test-suite/../configure: line 2794: conftest.cpp: No such file or directory
.././test-suite/../configure: line 2213: conftest.err: No such file or directory
sed: can't read conftest.cpp: No such file or directory
no
checking for psignal... .././test-suite/../configure: line 2794: conftest.cpp: No such file or directory
.././test-suite/../configure: line 2213: conftest.err: No such file or directory
sed: can't read conftest.cpp: No such file or directory
no
checking for strerror... .././test-suite/../configure: line 2794: conftest.cpp: No such file or directory
.././test-suite/../configure: line 2213: conftest.err: No such file or directory
sed: can't read conftest.cpp: No such file or directory
no
checking for strtoll... .././test-suite/../configure: line 2794: conftest.cpp: No such file or directory
.././test-suite/../configure: line 2213: conftest.err: No such file or directory
sed: can't read conftest.cpp: No such file or directory
no
checking for tempnam... .././test-suite/../configure: line 2794: conftest.cpp: No such file or directory
.././test-suite/../configure: line 2213: conftest.err: No such file or directory
sed: can't read conftest.cpp: No such file or directory
no
checking whether getaddrinfo is declared... .././test-suite/../configure: line 2651: conftest.cpp: No such file or directory
.././test-suite/../configure: line 2175: conftest.err: No such file or directory
sed: can't read conftest.cpp: No such file or directory
no
.././test-suite/../configure: line 40032: confdefs.h: No such file or directory
checking whether getnameinfo is declared... .././test-suite/../configure: line 2651: conftest.cpp: No such file or directory
.././test-suite/../configure: line 2175: conftest.err: No such file or directory
sed: can't read conftest.cpp: No such file or directory
no
.././test-suite/../configure: line 40070: confdefs.h: No such file or directory
checking whether inet_ntop is declared... .././test-suite/../configure: line 2651: conftest.cpp: No such file or directory
.././test-suite/../configure: line 2175: conftest.err: No such file or directory
sed: can't read conftest.cpp: No such file or directory
no
.././test-suite/../configure: line 40108: confdefs.h: No such file or directory
checking whether inet_pton is declared... .././test-suite/../configure: line 2651: conftest.cpp: No such file or directory
.././test-suite/../configure: line 2175: conftest.err: No such file or directory
sed: can't read conftest.cpp: No such file or directory
no
.././test-suite/../configure: line 40146: confdefs.h: No such file or directory
checking whether InetNtopA is declared... .././test-suite/../configure: line 2651: conftest.cpp: No such file or directory
.././test-suite/../configure: line 2175: conftest.err: No such file or directory
sed: can't read conftest.cpp: No such file or directory
no
.././test-suite/../configure: line 40184: confdefs.h: No such file or directory
checking whether InetPtonA is declared... .././test-suite/../configure: line 2651: conftest.cpp: No such file or directory
.././test-suite/../configure: line 2175: conftest.err: No such file or directory
sed: can't read conftest.cpp: No such file or directory
no
.././test-suite/../configure: line 40222: confdefs.h: No such file or directory
configure: Using epoll for the IO loop.
.././test-suite/../configure: line 40308: confdefs.h: No such file or directory
checking if setresuid is actually implemented... .././test-suite/../configure: line 40342: conftest.cpp: No such file or directory
sed: can't read conftest.cpp: No such file or directory
no
checking mswsock.h usability... .././test-suite/../configure: line 2313: conftest.cpp: No such file or directory
.././test-suite/../configure: line 2175: conftest.err: No such file or directory
sed: can't read conftest.cpp: No such file or directory
no
checking mswsock.h presence... .././test-suite/../configure: line 2330: conftest.cpp: No such file or directory
.././test-suite/../configure: line 2259: conftest.i: No such file or directory
sed: can't read conftest.cpp: No such file or directory
no
checking for mswsock.h... no
checking for constant CMSG_SPACE... .././test-suite/../configure: line 40400: conftest.cpp: No such file or directory
.././test-suite/../configure: line 2175: conftest.err: No such file or directory
sed: can't read conftest.cpp: No such file or directory
no
checking for struct cmsghdr... .././test-suite/../configure: line 2742: conftest.cpp: No such file or directory
.././test-suite/../configure: line 2175: conftest.err: No such file or directory
sed: can't read conftest.cpp: No such file or directory
no
checking for struct iovec... .././test-suite/../configure: line 2742: conftest.cpp: No such file or directory
.././test-suite/../configure: line 2175: conftest.err: No such file or directory
sed: can't read conftest.cpp: No such file or directory
no
checking for struct msghdr... .././test-suite/../configure: line 2742: conftest.cpp: No such file or directory
.././test-suite/../configure: line 2175: conftest.err: No such file or directory
sed: can't read conftest.cpp: No such file or directory
no
checking for struct sockaddr_un... .././test-suite/../configure: line 2742: conftest.cpp: No such file or directory
.././test-suite/../configure: line 2175: conftest.err: No such file or directory
sed: can't read conftest.cpp: No such file or directory
no
checking if strnstr is well implemented... .././test-suite/../configure: line 40519: conftest.cpp: No such file or directory
sed: can't read conftest.cpp: No such file or directory
no
checking if va_copy is implemented... .././test-suite/../configure: line 40569: conftest.cpp: No such file or directory
sed: can't read conftest.cpp: No such file or directory
no
checking if __va_copy is implemented... .././test-suite/../configure: line 40616: conftest.cpp: No such file or directory
sed: can't read conftest.cpp: No such file or directory
no
configure: IPF-based transparent proxying enabled: no
.././test-suite/../configure: line 40830: confdefs.h: No such file or directory
.././test-suite/../configure: line 40858: confdefs.h: No such file or directory
.././test-suite/../configure: line 40872: confdefs.h: No such file or directory
.././test-suite/../configure: line 40900: confdefs.h: No such file or directory
configure: Support for Netfilter-based interception proxy requested: no
configure: Linux Netfilter Conntrack support enabled: no 
.././test-suite/../configure: line 40952: confdefs.h: No such file or directory
configure: ZPH QOS enabled: yes
configure: QOS netfilter mark preservation enabled: no
.././test-suite/../configure: line 40971: confdefs.h: No such file or directory
checking for regexec in -lregex... .././test-suite/../configure: line 40987: conftest.cpp: No such file or directory
.././test-suite/../configure: line 2213: conftest.err: No such file or directory
sed: can't read conftest.cpp: No such file or directory
no
checking if the system-supplied regex lib actually works... .././test-suite/../configure: line 41054: conftest.cpp: No such file or directory
.././test-suite/../configure: line 2175: conftest.err: No such file or directory
sed: can't read conftest.cpp: No such file or directory
no
checking if GNUregex needs to be compiled... yes
.././test-suite/../configure: line 41110: confdefs.h: No such file or directory
checking Default UDP send buffer size... .././test-suite/../configure: line 41124: conftest.cpp: No such file or directory
sed: can't read conftest.cpp: No such file or directory
16384
.././test-suite/../configure: line 41178: confdefs.h: No such file or directory
checking Default UDP receive buffer size... .././test-suite/../configure: line 41189: conftest.cpp: No such file or directory
sed: can't read conftest.cpp: No such file or directory
16384
.././test-suite/../configure: line 41243: confdefs.h: No such file or directory
checking Default TCP send buffer size... .././test-suite/../configure: line 41254: conftest.cpp: No such file or directory
sed: can't read conftest.cpp: No such file or directory
16384
.././test-suite/../configure: line 41313: confdefs.h: No such file or directory
checking Default TCP receive buffer size... .././test-suite/../configure: line 41324: conftest.cpp: No such file or directory
sed: can't read conftest.cpp: No such file or directory
16384
.././test-suite/../configure: line 41383: confdefs.h: No such file or directory
checking whether recv takes a pointer to void or char as second argument... .././test-suite/../configure: line 41396: conftest.cpp: No such file or directory
.././test-suite/../configure: line 2175: conftest.err: No such file or directory
sed: can't read conftest.cpp: No such file or directory
char*
char
.././test-suite/../configure: line 41434: confdefs.h: No such file or directory
checking if sys_errlist is already defined... .././test-suite/../configure: line 41445: conftest.cpp: No such file or directory
.././test-suite/../configure: line 2175: conftest.err: No such file or directory
sed: can't read conftest.cpp: No such file or directory
yes
.././test-suite/../configure: line 41474: confdefs.h: No such file or directory
checking for system-provided MAXPATHLEN... .././test-suite/../configure: line 41484: conftest.cpp: No such file or directory
.././test-suite/../configure: line 2213: conftest.err: No such file or directory
sed: can't read conftest.cpp: No such file or directory
no
.././test-suite/../configure: line 41507: confdefs.h: No such file or directory
checking for libresolv _dns_ttl_ hack... .././test-suite/../configure: line 41521: conftest.cpp: No such file or directory
.././test-suite/../configure: line 2213: conftest.err: No such file or directory
sed: can't read conftest.cpp: No such file or directory
no
.././test-suite/../configure: line 41550: confdefs.h: No such file or directory
checking for _res_ext.nsaddr_list... .././test-suite/../configure: line 41563: conftest.cpp: No such file or directory
.././test-suite/../configure: line 2175: conftest.err: No such file or directory
sed: can't read conftest.cpp: No such file or directory
no
checking for _res._u._ext.nsaddrs... .././test-suite/../configure: line 41616: conftest.cpp: No such file or directory
.././test-suite/../configure: line 2175: conftest.err: No such file or directory
sed: can't read conftest.cpp: No such file or directory
no
checking for _res.nsaddr_list... .././test-suite/../configure: line 41668: conftest.cpp: No such file or directory
.././test-suite/../configure: line 2175: conftest.err: No such file or directory
sed: can't read conftest.cpp: No such file or directory
no
checking for _res.ns_list... .././test-suite/../configure: line 41720: conftest.cpp: No such file or directory
.././test-suite/../configure: line 2175: conftest.err: No such file or directory
sed: can't read conftest.cpp: No such file or directory
no
checking sys/statvfs.h usability... .././test-suite/../configure: line 2313: conftest.cpp: No such file or directory
.././test-suite/../configure: line 2175: conftest.err: No such file or directory
sed: can't read conftest.cpp: No such file or directory
no
checking sys/statvfs.h presence... .././test-suite/../configure: line 2330: conftest.cpp: No such file or directory
.././test-suite/../configure: line 2259: conftest.i: No such file or directory
sed: can't read conftest.cpp: No such file or directory
no
checking for sys/statvfs.h... no
checking for sys/param.h... (cached) yes
.././test-suite/../configure: line 41840: confdefs.h: No such file or directory
checking for sys/mount.h... (cached) no
checking for sys/vfs.h... (cached) no
checking sys/statfs.h usability... .././test-suite/../configure: line 2313: conftest.cpp: No such file or directory
.././test-suite/../configure: line 2175: conftest.err: No such file or directory
sed: can't read conftest.cpp: No such file or directory
no
checking sys/statfs.h presence... .././test-suite/../configure: line 2330: conftest.cpp: No such file or directory
.././test-suite/../configure: line 2259: conftest.i: No such file or directory
sed: can't read conftest.cpp: No such file or directory
no
checking for sys/statfs.h... no
checking for statfs... .././test-suite/../configure: line 2794: conftest.cpp: No such file or directory
.././test-suite/../configure: line 2213: conftest.err: No such file or directory
sed: can't read conftest.cpp: No such file or directory
no
checking for f_frsize field in struct statfs... .././test-suite/../configure: line 41866: conftest.cpp: No such file or directory
.././test-suite/../configure: line 2175: conftest.err: No such file or directory
sed: can't read conftest.cpp: No such file or directory
no
.././test-suite/../configure: line 41906: confdefs.h: No such file or directory
configure: Multi-Language support enabled: yes
.././test-suite/../configure: line 42139: confdefs.h: No such file or directory
configure: BUILD LIBRARIES: 
configure: BUILD EXTRA LIBRARIES: -lrt -ldl -ldl
configure: BUILD OBJECTS: 
configure: BUILD EXTRA OBJECTS: 
configure: BUILD C FLAGS: -g -O2
configure: BUILD EXTRA C FLAGS:  -Werror -Qunused-arguments  -D_REENTRANT
configure: BUILD C++ FLAGS: -g -O2 -std=c++11
configure: BUILD EXTRA C++ FLAGS:  -Werror -Qunused-arguments -Wno-deprecated-register  -D_REENTRANT
configure: BUILD Tools C++ FLAGS:  -g -O2 -std=c++11
.././test-suite/../configure: line 42207: confcache: No such file or directory
.././test-suite/../configure: line 42268: confcache: No such file or directory
sort: write failed: standard output: Broken pipe
sort: write error
configure: updating cache /tmp/config.cache.7129
mv: cannot stat 'confcache': No such file or directory
checking that generated files are newer than configure... done
configure: creating ./config.status
.././test-suite/../configure: line 42558: ./config.status: No such file or directory
.././test-suite/../configure: line 42572: ./config.status: No such file or directory
.././test-suite/../configure: line 42942: ./config.status: No such file or directory
.././test-suite/../configure: line 42970: ./config.status: No such file or directory
.././test-suite/../configure: line 42978: ./config.status: No such file or directory
.././test-suite/../configure: line 43010: ./config.status: No such file or directory
.././test-suite/../configure: line 43029: ./config.status: No such file or directory
.././test-suite/../configure: line 43106: ./config.status: No such file or directory
.././test-suite/../configure: line 43117: ./config.status: No such file or directory
.././test-suite/../configure: line 43128: ./config.status: No such file or directory
.././test-suite/../configure: line 43511: ./config.status: No such file or directory
.././test-suite/../configure: line 43708: conf8474subs.sh: No such file or directory
configure: error: could not make ./config.status
buildtest.sh result is 1
grep: btlayer-00-default.log: No such file or directory
grep: btlayer-00-default.log: No such file or directory
grep: btlayer-00-default.log: No such file or directory
Build FAILED.
Build step 'Execute shell' marked build as failure
[description-setter] Description set: 
</PRE>







<!--endarticle-->
    <HR>
    <P><UL>
        <!--threads-->
	<LI>Previous message: <A HREF="009113.html">[squid-dev] ISO 17025 - Οργάνωση Εργαστηρίων
</A></li>
	<LI>Next message: <A HREF="009117.html">[squid-dev] Jenkins build is back to normal : 5-matrix » clang,d-ubuntu-utopic #230
</A></li>
         <LI> <B>Messages sorted by:</B> 
              <a href="date.html#9114">[ date ]</a>
              <a href="thread.html#9114">[ thread ]</a>
              <a href="subject.html#9114">[ subject ]</a>
              <a href="author.html#9114">[ author ]</a>
         </LI>
       </UL>

<hr>
<a href="http://lists.squid-cache.org/listinfo/squid-dev">More information about the squid-dev
mailing list</a><br>
</body></html>
