<!DOCTYPE HTML PUBLIC "-//W3C//DTD HTML 4.01 Transitional//EN">
<HTML>
 <HEAD>
   <TITLE> [squid-dev] Build failed in Jenkins: kinkie-refactor-matrix » gcc,d-ubuntu-utopic #10
   </TITLE>
   <LINK REL="Index" HREF="index.html" >
   <LINK REL="made" HREF="mailto:squid-dev%40lists.squid-cache.org?Subject=Re%3A%20%5Bsquid-dev%5D%20%3D%3Futf-8%3Fq%3FBuild_failed_in_Jenkins%3D3A_kinkie-refactor-%3F%3D%0A%20%3D%3Futf-8%3Fq%3Fmatrix_%3DC2%3DBB_gcc%3D2Cd-ubuntu-utopic_%3D2310%3F%3D&In-Reply-To=%3C369715537.120.1450803657488.JavaMail.jenkins%40buildmaster%3E">
   <META NAME="robots" CONTENT="index,nofollow">
   <style type="text/css">
       pre {
           white-space: pre-wrap;       /* css-2.1, curent FF, Opera, Safari */
           }
   </style>
   <META http-equiv="Content-Type" content="text/html; charset=utf-8">
   <LINK REL="Previous"  HREF="004316.html">
   <LINK REL="Next"  HREF="004315.html">
 </HEAD>
 <BODY BGCOLOR="#ffffff">
   <H1>[squid-dev] Build failed in Jenkins: kinkie-refactor-matrix » gcc,d-ubuntu-utopic #10</H1>
    <B>noc at squid-cache.org</B> 
    <A HREF="mailto:squid-dev%40lists.squid-cache.org?Subject=Re%3A%20%5Bsquid-dev%5D%20%3D%3Futf-8%3Fq%3FBuild_failed_in_Jenkins%3D3A_kinkie-refactor-%3F%3D%0A%20%3D%3Futf-8%3Fq%3Fmatrix_%3DC2%3DBB_gcc%3D2Cd-ubuntu-utopic_%3D2310%3F%3D&In-Reply-To=%3C369715537.120.1450803657488.JavaMail.jenkins%40buildmaster%3E"
       TITLE="[squid-dev] Build failed in Jenkins: kinkie-refactor-matrix » gcc,d-ubuntu-utopic #10">noc at squid-cache.org
       </A><BR>
    <I>Tue Dec 22 17:00:57 UTC 2015</I>
    <P><UL>
        <LI>Previous message: <A HREF="004316.html">[squid-dev] Build failed in Jenkins: kinkie-refactor-matrix » gcc,d-opensuse-13.2 #11
</A></li>
        <LI>Next message: <A HREF="004315.html">[squid-dev] Build failed in Jenkins: kinkie-refactor-matrix » gcc,d-ubuntu-utopic #11
</A></li>
         <LI> <B>Messages sorted by:</B> 
              <a href="date.html#4294">[ date ]</a>
              <a href="thread.html#4294">[ thread ]</a>
              <a href="subject.html#4294">[ subject ]</a>
              <a href="author.html#4294">[ author ]</a>
         </LI>
       </UL>
    <HR>  
<!--beginarticle-->
<PRE>See &lt;<A HREF="http://build.squid-cache.org/job/kinkie-refactor-matrix/compiler=gcc,label=d-ubuntu-utopic/10/">http://build.squid-cache.org/job/kinkie-refactor-matrix/compiler=gcc,label=d-ubuntu-utopic/10/</A>&gt;

------------------------------------------
[...truncated 16173 lines...]
Makefile:6598: .deps/HttpHeaderTools.Po: No such file or directory
Makefile:6599: .deps/HttpMsg.Po: No such file or directory
Makefile:6600: .deps/HttpReply.Po: No such file or directory
Makefile:6601: .deps/HttpRequest.Po: No such file or directory
Makefile:6602: .deps/LeakFinder.Po: No such file or directory
Makefile:6603: .deps/LoadableModule.Po: No such file or directory
Makefile:6604: .deps/LoadableModules.Po: No such file or directory
Makefile:6605: .deps/LogTags.Po: No such file or directory
Makefile:6606: .deps/MasterXaction.Po: No such file or directory
Makefile:6607: .deps/MemBlob.Po: No such file or directory
Makefile:6608: .deps/MemBuf.Po: No such file or directory
Makefile:6609: .deps/MemObject.Po: No such file or directory
Makefile:6610: .deps/MemStore.Po: No such file or directory
Makefile:6611: .deps/Notes.Po: No such file or directory
Makefile:6612: .deps/NullDelayId.Po: No such file or directory
Makefile:6613: .deps/Parsing.Po: No such file or directory
Makefile:6614: .deps/PeerPoolMgr.Po: No such file or directory
Makefile:6615: .deps/Pipeline.Po: No such file or directory
Makefile:6616: .deps/ProfStats.Po: No such file or directory
Makefile:6617: .deps/RemovalPolicy.Po: No such file or directory
Makefile:6618: .deps/RequestFlags.Po: No such file or directory
Makefile:6619: .deps/SBuf.Po: No such file or directory
Makefile:6620: .deps/SBufAlgos.Po: No such file or directory
Makefile:6621: .deps/SBufDetailedStats.Po: No such file or directory
Makefile:6622: .deps/SBufExceptions.Po: No such file or directory
Makefile:6623: .deps/SBufList.Po: No such file or directory
Makefile:6624: .deps/SBufStatsAction.Po: No such file or directory
Makefile:6625: .deps/SquidConfig.Plo: No such file or directory
Makefile:6626: .deps/SquidList.Po: No such file or directory
Makefile:6627: .deps/SquidMath.Po: No such file or directory
Makefile:6628: .deps/SquidNew.Po: No such file or directory
Makefile:6629: .deps/StatCounters.Po: No such file or directory
Makefile:6630: .deps/StatHist.Po: No such file or directory
Makefile:6631: .deps/StoreFileSystem.Po: No such file or directory
Makefile:6632: .deps/StoreIOState.Po: No such file or directory
Makefile:6633: .deps/StoreMeta.Po: No such file or directory
Makefile:6634: .deps/StoreMetaMD5.Po: No such file or directory
Makefile:6635: .deps/StoreMetaSTD.Po: No such file or directory
Makefile:6636: .deps/StoreMetaSTDLFS.Po: No such file or directory
Makefile:6637: .deps/StoreMetaURL.Po: No such file or directory
Makefile:6638: .deps/StoreMetaUnpacker.Po: No such file or directory
Makefile:6639: .deps/StoreMetaVary.Po: No such file or directory
Makefile:6640: .deps/StoreStats.Po: No such file or directory
Makefile:6641: .deps/StoreSwapLogData.Po: No such file or directory
Makefile:6642: .deps/StrList.Po: No such file or directory
Makefile:6643: .deps/String.Po: No such file or directory
Makefile:6644: .deps/Transients.Po: No such file or directory
Makefile:6645: .deps/WinSvc.Po: No such file or directory
Makefile:6646: .deps/YesNoNone.Po: No such file or directory
Makefile:6647: .deps/cache_cf.Po: No such file or directory
Makefile:6648: .deps/cache_manager.Po: No such file or directory
Makefile:6649: .deps/carp.Po: No such file or directory
Makefile:6650: .deps/cbdata.Po: No such file or directory
Makefile:6651: .deps/cf_gen.Po: No such file or directory
Makefile:6652: .deps/clientStream.Po: No such file or directory
Makefile:6653: .deps/client_db.Po: No such file or directory
Makefile:6654: .deps/client_side.Po: No such file or directory
Makefile:6655: .deps/client_side_reply.Po: No such file or directory
Makefile:6656: .deps/client_side_request.Po: No such file or directory
Makefile:6657: .deps/comm.Plo: No such file or directory
Makefile:6658: .deps/debug.Po: No such file or directory
Makefile:6659: .deps/delay_pools.Po: No such file or directory
Makefile:6660: .deps/dlink.Po: No such file or directory
Makefile:6661: .deps/dns_internal.Po: No such file or directory
Makefile:6662: .deps/err_detail_type.Po: No such file or directory
Makefile:6663: .deps/err_type.Po: No such file or directory
Makefile:6664: .deps/errorpage.Po: No such file or directory
Makefile:6665: .deps/event.Po: No such file or directory
Makefile:6666: .deps/external_acl.Po: No such file or directory
Makefile:6667: .deps/fatal.Po: No such file or directory
Makefile:6668: .deps/fd.Po: No such file or directory
Makefile:6669: .deps/fde.Po: No such file or directory
Makefile:6670: .deps/filemap.Po: No such file or directory
Makefile:6671: .deps/fqdncache.Po: No such file or directory
Makefile:6672: .deps/fs_io.Po: No such file or directory
Makefile:6673: .deps/globals.Po: No such file or directory
Makefile:6674: .deps/gopher.Po: No such file or directory
Makefile:6675: .deps/helper.Po: No such file or directory
Makefile:6676: .deps/hier_code.Po: No such file or directory
Makefile:6677: .deps/htcp.Po: No such file or directory
Makefile:6678: .deps/http.Po: No such file or directory
Makefile:6679: .deps/icp_opcode.Po: No such file or directory
Makefile:6680: .deps/icp_v2.Po: No such file or directory
Makefile:6681: .deps/icp_v3.Po: No such file or directory
Makefile:6682: .deps/int.Po: No such file or directory
Makefile:6683: .deps/internal.Po: No such file or directory
Makefile:6684: .deps/ipc.Po: No such file or directory
Makefile:6685: .deps/ipc_win32.Po: No such file or directory
Makefile:6686: .deps/ipcache.Po: No such file or directory
Makefile:6687: .deps/lookup_t.Po: No such file or directory
Makefile:6688: .deps/main.Po: No such file or directory
Makefile:6689: .deps/mem_node.Po: No such file or directory
Makefile:6690: .deps/mime.Po: No such file or directory
Makefile:6691: .deps/mime_header.Po: No such file or directory
Makefile:6692: .deps/multicast.Po: No such file or directory
Makefile:6693: .deps/neighbors.Po: No such file or directory
Makefile:6694: .deps/pconn.Po: No such file or directory
Makefile:6695: .deps/peer_digest.Po: No such file or directory
Makefile:6696: .deps/peer_proxy_negotiate_auth.Po: No such file or directory
Makefile:6697: .deps/peer_select.Po: No such file or directory
Makefile:6698: .deps/peer_sourcehash.Po: No such file or directory
Makefile:6699: .deps/peer_userhash.Po: No such file or directory
Makefile:6700: .deps/recv-announce.Po: No such file or directory
Makefile:6701: .deps/redirect.Po: No such file or directory
Makefile:6702: .deps/refresh.Po: No such file or directory
Makefile:6703: .deps/repl_modules.Po: No such file or directory
Makefile:6704: .deps/send-announce.Po: No such file or directory
Makefile:6705: .deps/snmp_agent.Po: No such file or directory
Makefile:6706: .deps/snmp_core.Po: No such file or directory
Makefile:6707: .deps/stat.Po: No such file or directory
Makefile:6708: .deps/stmem.Po: No such file or directory
Makefile:6709: .deps/store.Po: No such file or directory
Makefile:6710: .deps/store_client.Po: No such file or directory
Makefile:6711: .deps/store_digest.Po: No such file or directory
Makefile:6712: .deps/store_io.Po: No such file or directory
Makefile:6713: .deps/store_key_md5.Po: No such file or directory
Makefile:6714: .deps/store_log.Po: No such file or directory
Makefile:6715: .deps/store_rebuild.Po: No such file or directory
Makefile:6716: .deps/store_swapin.Po: No such file or directory
Makefile:6717: .deps/store_swapmeta.Po: No such file or directory
Makefile:6718: .deps/store_swapout.Po: No such file or directory
Makefile:6719: .deps/swap_log_op.Po: No such file or directory
Makefile:6720: .deps/test_tools.Po: No such file or directory
Makefile:6721: .deps/time.Po: No such file or directory
Makefile:6722: .deps/tools.Po: No such file or directory
Makefile:6723: .deps/tunnel.Po: No such file or directory
Makefile:6724: .deps/ufsdump.Po: No such file or directory
Makefile:6725: .deps/unlinkd.Po: No such file or directory
Makefile:6726: .deps/unlinkd_daemon.Po: No such file or directory
Makefile:6727: .deps/url.Po: No such file or directory
Makefile:6728: .deps/urn.Po: No such file or directory
Makefile:6729: .deps/wccp.Po: No such file or directory
Makefile:6730: .deps/wccp2.Po: No such file or directory
Makefile:6731: .deps/whois.Po: No such file or directory
Makefile:6732: .deps/win32.Po: No such file or directory
Makefile:6733: .deps/wordlist.Po: No such file or directory
Makefile:6734: tests/.deps/SBufFindTest.Po: No such file or directory
Makefile:6735: tests/.deps/TestSwapDir.Po: No such file or directory
Makefile:6736: tests/.deps/stub_CacheDigest.Po: No such file or directory
Makefile:6737: tests/.deps/stub_CollapsedForwarding.Po: No such file or directory
Makefile:6738: tests/.deps/stub_DelayId.Po: No such file or directory
Makefile:6739: tests/.deps/stub_ETag.Po: No such file or directory
Makefile:6740: tests/.deps/stub_EventLoop.Po: No such file or directory
Makefile:6741: tests/.deps/stub_HelperChildConfig.Po: No such file or directory
Makefile:6742: tests/.deps/stub_HttpControlMsg.Po: No such file or directory
Makefile:6743: tests/.deps/stub_HttpReply.Po: No such file or directory
Makefile:6744: tests/.deps/stub_HttpRequest.Po: No such file or directory
Makefile:6745: tests/.deps/stub_MemBuf.Po: No such file or directory
Makefile:6746: tests/.deps/stub_MemObject.Po: No such file or directory
Makefile:6747: tests/.deps/stub_MemStore.Po: No such file or directory
Makefile:6748: tests/.deps/stub_Port.Po: No such file or directory
Makefile:6749: tests/.deps/stub_SBuf.Po: No such file or directory
Makefile:6750: tests/.deps/stub_SBufDetailedStats.Po: No such file or directory
Makefile:6751: tests/.deps/stub_StatHist.Po: No such file or directory
Makefile:6752: tests/.deps/stub_StoreMeta.Po: No such file or directory
Makefile:6753: tests/.deps/stub_SwapDir.Po: No such file or directory
Makefile:6754: tests/.deps/stub_UdsOp.Po: No such file or directory
Makefile:6755: tests/.deps/stub_access_log.Po: No such file or directory
Makefile:6756: tests/.deps/stub_acl.Po: No such file or directory
Makefile:6757: tests/.deps/stub_cache_cf.Po: No such file or directory
Makefile:6758: tests/.deps/stub_cache_manager.Po: No such file or directory
Makefile:6759: tests/.deps/stub_carp.Po: No such file or directory
Makefile:6760: tests/.deps/stub_cbdata.Po: No such file or directory
Makefile:6761: tests/.deps/stub_client_db.Po: No such file or directory
Makefile:6762: tests/.deps/stub_client_side.Po: No such file or directory
Makefile:6763: tests/.deps/stub_client_side_request.Po: No such file or directory
Makefile:6764: tests/.deps/stub_comm.Po: No such file or directory
Makefile:6765: tests/.deps/stub_debug.Po: No such file or directory
Makefile:6766: tests/.deps/stub_errorpage.Po: No such file or directory
Makefile:6767: tests/.deps/stub_event.Po: No such file or directory
Makefile:6768: tests/.deps/stub_external_acl.Po: No such file or directory
Makefile:6769: tests/.deps/stub_fatal.Po: No such file or directory
Makefile:6770: tests/.deps/stub_fd.Po: No such file or directory
Makefile:6771: tests/.deps/stub_helper.Po: No such file or directory
Makefile:6772: tests/.deps/stub_http.Po: No such file or directory
Makefile:6773: tests/.deps/stub_icp.Po: No such file or directory
Makefile:6774: tests/.deps/stub_internal.Po: No such file or directory
Makefile:6775: tests/.deps/stub_ipc.Po: No such file or directory
Makefile:6776: tests/.deps/stub_ipc_Forwarder.Po: No such file or directory
Makefile:6777: tests/.deps/stub_ipc_TypedMsgHdr.Po: No such file or directory
Makefile:6778: tests/.deps/stub_ipcache.Po: No such file or directory
Makefile:6779: tests/.deps/stub_libauth.Po: No such file or directory
Makefile:6780: tests/.deps/stub_libauth_acls.Po: No such file or directory
Makefile:6781: tests/.deps/stub_libcomm.Po: No such file or directory
Makefile:6782: tests/.deps/stub_libdiskio.Po: No such file or directory
Makefile:6783: tests/.deps/stub_libeui.Po: No such file or directory
Makefile:6784: tests/.deps/stub_libformat.Po: No such file or directory
Makefile:6785: tests/.deps/stub_libicmp.Po: No such file or directory
Makefile:6786: tests/.deps/stub_libmem.Po: No such file or directory
Makefile:6787: tests/.deps/stub_libmgr.Po: No such file or directory
Makefile:6788: tests/.deps/stub_libsecurity.Po: No such file or directory
Makefile:6789: tests/.deps/stub_libsslsquid.Po: No such file or directory
Makefile:6790: tests/.deps/stub_main_cc.Po: No such file or directory
Makefile:6791: tests/.deps/stub_mime.Po: No such file or directory
Makefile:6792: tests/.deps/stub_neighbors.Po: No such file or directory
Makefile:6793: tests/.deps/stub_pconn.Po: No such file or directory
Makefile:6794: tests/.deps/stub_redirect.Po: No such file or directory
Makefile:6795: tests/.deps/stub_stat.Po: No such file or directory
Makefile:6796: tests/.deps/stub_stmem.Po: No such file or directory
Makefile:6797: tests/.deps/stub_store.Po: No such file or directory
Makefile:6798: tests/.deps/stub_store_client.Po: No such file or directory
Makefile:6799: tests/.deps/stub_store_digest.Po: No such file or directory
Makefile:6800: tests/.deps/stub_store_rebuild.Po: No such file or directory
Makefile:6801: tests/.deps/stub_store_stats.Po: No such file or directory
Makefile:6802: tests/.deps/stub_store_swapout.Po: No such file or directory
Makefile:6803: tests/.deps/stub_time.Po: No such file or directory
Makefile:6804: tests/.deps/stub_tools.Po: No such file or directory
Makefile:6805: tests/.deps/stub_tunnel.Po: No such file or directory
Makefile:6806: tests/.deps/stub_wccp2.Po: No such file or directory
Makefile:6807: tests/.deps/stub_whois.Po: No such file or directory
Makefile:6808: tests/.deps/stub_wordlist.Po: No such file or directory
Makefile:6809: tests/.deps/testACLMaxUserIP.Po: No such file or directory
Makefile:6810: tests/.deps/testAddress.Po: No such file or directory
Makefile:6811: tests/.deps/testBoilerplate.Po: No such file or directory
Makefile:6812: tests/.deps/testCacheManager.Po: No such file or directory
Makefile:6813: tests/.deps/testCharacterSet.Po: No such file or directory
Makefile:6814: tests/.deps/testConfigParser.Po: No such file or directory
Makefile:6815: tests/.deps/testDiskIO.Po: No such file or directory
Makefile:6816: tests/.deps/testEnumIterator.Po: No such file or directory
Makefile:6817: tests/.deps/testEvent.Po: No such file or directory
Makefile:6818: tests/.deps/testEventLoop.Po: No such file or directory
Makefile:6819: tests/.deps/testHttp1Parser.Po: No such file or directory
Makefile:6820: tests/.deps/testHttpReply.Po: No such file or directory
Makefile:6821: tests/.deps/testHttpRequest.Po: No such file or directory
Makefile:6822: tests/.deps/testHttpRequestMethod.Po: No such file or directory
Makefile:6823: tests/.deps/testIcmp.Po: No such file or directory
Makefile:6824: tests/.deps/testLookupTable.Po: No such file or directory
Makefile:6825: tests/.deps/testPackableStream.Po: No such file or directory
Makefile:6826: tests/.deps/testRFC1035.Po: No such file or directory
Makefile:6827: tests/.deps/testRefCount.Po: No such file or directory
Makefile:6828: tests/.deps/testRock.Po: No such file or directory
Makefile:6829: tests/.deps/testSBuf.Po: No such file or directory
Makefile:6830: tests/.deps/testSBufList.Po: No such file or directory
Makefile:6831: tests/.deps/testStatHist.Po: No such file or directory
Makefile:6832: tests/.deps/testStore.Po: No such file or directory
Makefile:6833: tests/.deps/testStoreController.Po: No such file or directory
Makefile:6834: tests/.deps/testStoreHashIndex.Po: No such file or directory
Makefile:6835: tests/.deps/testStoreSupport.Po: No such file or directory
Makefile:6836: tests/.deps/testString.Po: No such file or directory
Makefile:6837: tests/.deps/testTokenizer.Po: No such file or directory
Makefile:6838: tests/.deps/testURL.Po: No such file or directory
Makefile:6839: tests/.deps/testUfs.Po: No such file or directory
Makefile:6840: tests/.deps/testUriScheme.Po: No such file or directory
Makefile:6841: tests/.deps/test_http_range.Po: No such file or directory
make[1]: *** [distclean-recursive] Error 1
make: *** [distcheck] Error 1
Build FAILED.
Build step 'Execute shell' marked build as failure
[description-setter] Description set: 
</PRE>
































































<!--endarticle-->
    <HR>
    <P><UL>
        <!--threads-->
	<LI>Previous message: <A HREF="004316.html">[squid-dev] Build failed in Jenkins: kinkie-refactor-matrix » gcc,d-opensuse-13.2 #11
</A></li>
	<LI>Next message: <A HREF="004315.html">[squid-dev] Build failed in Jenkins: kinkie-refactor-matrix » gcc,d-ubuntu-utopic #11
</A></li>
         <LI> <B>Messages sorted by:</B> 
              <a href="date.html#4294">[ date ]</a>
              <a href="thread.html#4294">[ thread ]</a>
              <a href="subject.html#4294">[ subject ]</a>
              <a href="author.html#4294">[ author ]</a>
         </LI>
       </UL>

<hr>
<a href="http://lists.squid-cache.org/listinfo/squid-dev">More information about the squid-dev
mailing list</a><br>
</body></html>
